{"E:\\Last_hope\\server.js": {"path":"E:\\Last_hope\\server.js","statementMap":{"0":{"start":{"line":29,"column":19},"end":{"line":29,"column":49}},"1":{"start":{"line":30,"column":18},"end":{"line":30,"column":42}},"2":{"start":{"line":32,"column":12},"end":{"line":32,"column":21}},"3":{"start":{"line":35,"column":0},"end":{"line":35,"column":25}},"4":{"start":{"line":36,"column":0},"end":{"line":36,"column":60}},"5":{"start":{"line":39,"column":0},"end":{"line":39,"column":31}},"6":{"start":{"line":42,"column":0},"end":{"line":42,"column":78}},"7":{"start":{"line":43,"column":0},"end":{"line":43,"column":100}},"8":{"start":{"line":46,"column":0},"end":{"line":46,"column":25}},"9":{"start":{"line":49,"column":0},"end":{"line":52,"column":3}},"10":{"start":{"line":50,"column":2},"end":{"line":50,"column":70}},"11":{"start":{"line":51,"column":2},"end":{"line":51,"column":9}},"12":{"start":{"line":55,"column":0},"end":{"line":58,"column":3}},"13":{"start":{"line":56,"column":2},"end":{"line":56,"column":38}},"14":{"start":{"line":57,"column":2},"end":{"line":57,"column":81}},"15":{"start":{"line":61,"column":15},"end":{"line":68,"column":2}},"16":{"start":{"line":71,"column":0},"end":{"line":78,"column":3}},"17":{"start":{"line":72,"column":2},"end":{"line":77,"column":3}},"18":{"start":{"line":73,"column":38},"end":{"line":73,"column":84}},"19":{"start":{"line":74,"column":4},"end":{"line":74,"column":42}},"20":{"start":{"line":76,"column":4},"end":{"line":76,"column":77}},"21":{"start":{"line":81,"column":0},"end":{"line":88,"column":3}},"22":{"start":{"line":82,"column":2},"end":{"line":87,"column":3}},"23":{"start":{"line":83,"column":19},"end":{"line":83,"column":54}},"24":{"start":{"line":84,"column":4},"end":{"line":84,"column":21}},"25":{"start":{"line":86,"column":4},"end":{"line":86,"column":101}},"26":{"start":{"line":91,"column":0},"end":{"line":98,"column":3}},"27":{"start":{"line":92,"column":2},"end":{"line":97,"column":3}},"28":{"start":{"line":93,"column":18},"end":{"line":93,"column":47}},"29":{"start":{"line":94,"column":4},"end":{"line":94,"column":20}},"30":{"start":{"line":96,"column":4},"end":{"line":96,"column":95}},"31":{"start":{"line":101,"column":0},"end":{"line":115,"column":3}},"32":{"start":{"line":102,"column":19},"end":{"line":102,"column":27}},"33":{"start":{"line":103,"column":2},"end":{"line":103,"column":68}},"34":{"start":{"line":103,"column":13},"end":{"line":103,"column":68}},"35":{"start":{"line":105,"column":19},"end":{"line":112,"column":4}},"36":{"start":{"line":114,"column":2},"end":{"line":114,"column":32}},"37":{"start":{"line":118,"column":0},"end":{"line":132,"column":3}},"38":{"start":{"line":119,"column":2},"end":{"line":131,"column":3}},"39":{"start":{"line":120,"column":20},"end":{"line":120,"column":44}},"40":{"start":{"line":121,"column":4},"end":{"line":121,"column":81}},"41":{"start":{"line":121,"column":18},"end":{"line":121,"column":81}},"42":{"start":{"line":123,"column":21},"end":{"line":125,"column":6}},"43":{"start":{"line":127,"column":17},"end":{"line":127,"column":38}},"44":{"start":{"line":128,"column":4},"end":{"line":128,"column":19}},"45":{"start":{"line":130,"column":4},"end":{"line":130,"column":49}},"46":{"start":{"line":135,"column":0},"end":{"line":142,"column":3}},"47":{"start":{"line":136,"column":2},"end":{"line":141,"column":3}},"48":{"start":{"line":137,"column":19},"end":{"line":137,"column":47}},"49":{"start":{"line":138,"column":4},"end":{"line":138,"column":21}},"50":{"start":{"line":140,"column":4},"end":{"line":140,"column":51}},"51":{"start":{"line":145,"column":0},"end":{"line":164,"column":3}},"52":{"start":{"line":146,"column":2},"end":{"line":163,"column":3}},"53":{"start":{"line":147,"column":32},"end":{"line":147,"column":42}},"54":{"start":{"line":148,"column":18},"end":{"line":148,"column":39}},"55":{"start":{"line":150,"column":4},"end":{"line":152,"column":5}},"56":{"start":{"line":151,"column":6},"end":{"line":151,"column":79}},"57":{"start":{"line":154,"column":4},"end":{"line":156,"column":5}},"58":{"start":{"line":155,"column":6},"end":{"line":155,"column":97}},"59":{"start":{"line":158,"column":19},"end":{"line":158,"column":46}},"60":{"start":{"line":159,"column":4},"end":{"line":159,"column":64}},"61":{"start":{"line":161,"column":4},"end":{"line":161,"column":51}},"62":{"start":{"line":162,"column":4},"end":{"line":162,"column":103}},"63":{"start":{"line":167,"column":0},"end":{"line":196,"column":3}},"64":{"start":{"line":168,"column":2},"end":{"line":195,"column":3}},"65":{"start":{"line":170,"column":22},"end":{"line":170,"column":60}},"66":{"start":{"line":171,"column":25},"end":{"line":171,"column":62}},"67":{"start":{"line":172,"column":22},"end":{"line":172,"column":56}},"68":{"start":{"line":174,"column":18},"end":{"line":174,"column":57}},"69":{"start":{"line":176,"column":4},"end":{"line":182,"column":5}},"70":{"start":{"line":177,"column":6},"end":{"line":181,"column":7}},"71":{"start":{"line":178,"column":8},"end":{"line":178,"column":56}},"72":{"start":{"line":180,"column":8},"end":{"line":180,"column":71}},"73":{"start":{"line":184,"column":4},"end":{"line":190,"column":5}},"74":{"start":{"line":185,"column":6},"end":{"line":189,"column":7}},"75":{"start":{"line":186,"column":8},"end":{"line":186,"column":65}},"76":{"start":{"line":188,"column":8},"end":{"line":188,"column":87}},"77":{"start":{"line":192,"column":4},"end":{"line":192,"column":22}},"78":{"start":{"line":194,"column":4},"end":{"line":194,"column":51}},"79":{"start":{"line":198,"column":0},"end":{"line":206,"column":3}},"80":{"start":{"line":199,"column":2},"end":{"line":205,"column":3}},"81":{"start":{"line":200,"column":19},"end":{"line":200,"column":29}},"82":{"start":{"line":201,"column":19},"end":{"line":201,"column":56}},"83":{"start":{"line":202,"column":4},"end":{"line":202,"column":21}},"84":{"start":{"line":204,"column":4},"end":{"line":204,"column":75}},"85":{"start":{"line":208,"column":13},"end":{"line":208,"column":37}},"86":{"start":{"line":209,"column":0},"end":{"line":214,"column":3}},"87":{"start":{"line":210,"column":2},"end":{"line":210,"column":54}},"88":{"start":{"line":211,"column":2},"end":{"line":211,"column":75}},"89":{"start":{"line":212,"column":2},"end":{"line":212,"column":173}},"90":{"start":{"line":213,"column":2},"end":{"line":213,"column":77}}},"fnMap":{"0":{"name":"(anonymous_0)","decl":{"start":{"line":49,"column":8},"end":{"line":49,"column":9}},"loc":{"start":{"line":49,"column":28},"end":{"line":52,"column":1}},"line":49},"1":{"name":"(anonymous_1)","decl":{"start":{"line":55,"column":8},"end":{"line":55,"column":9}},"loc":{"start":{"line":55,"column":33},"end":{"line":58,"column":1}},"line":55},"2":{"name":"(anonymous_2)","decl":{"start":{"line":71,"column":19},"end":{"line":71,"column":20}},"loc":{"start":{"line":71,"column":39},"end":{"line":78,"column":1}},"line":71},"3":{"name":"(anonymous_3)","decl":{"start":{"line":81,"column":24},"end":{"line":81,"column":25}},"loc":{"start":{"line":81,"column":38},"end":{"line":88,"column":1}},"line":81},"4":{"name":"(anonymous_4)","decl":{"start":{"line":91,"column":30},"end":{"line":91,"column":31}},"loc":{"start":{"line":91,"column":44},"end":{"line":98,"column":1}},"line":91},"5":{"name":"(anonymous_5)","decl":{"start":{"line":101,"column":19},"end":{"line":101,"column":20}},"loc":{"start":{"line":101,"column":39},"end":{"line":115,"column":1}},"line":101},"6":{"name":"(anonymous_6)","decl":{"start":{"line":118,"column":20},"end":{"line":118,"column":21}},"loc":{"start":{"line":118,"column":40},"end":{"line":132,"column":1}},"line":118},"7":{"name":"(anonymous_7)","decl":{"start":{"line":135,"column":18},"end":{"line":135,"column":19}},"loc":{"start":{"line":135,"column":38},"end":{"line":142,"column":1}},"line":135},"8":{"name":"(anonymous_8)","decl":{"start":{"line":145,"column":36},"end":{"line":145,"column":37}},"loc":{"start":{"line":145,"column":56},"end":{"line":164,"column":1}},"line":145},"9":{"name":"(anonymous_9)","decl":{"start":{"line":167,"column":30},"end":{"line":167,"column":31}},"loc":{"start":{"line":167,"column":50},"end":{"line":196,"column":1}},"line":167},"10":{"name":"(anonymous_10)","decl":{"start":{"line":198,"column":33},"end":{"line":198,"column":34}},"loc":{"start":{"line":198,"column":53},"end":{"line":206,"column":1}},"line":198},"11":{"name":"(anonymous_11)","decl":{"start":{"line":209,"column":17},"end":{"line":209,"column":18}},"loc":{"start":{"line":209,"column":23},"end":{"line":214,"column":1}},"line":209}},"branchMap":{"0":{"loc":{"start":{"line":103,"column":2},"end":{"line":103,"column":68}},"type":"if","locations":[{"start":{"line":103,"column":2},"end":{"line":103,"column":68}},{"start":{},"end":{}}],"line":103},"1":{"loc":{"start":{"line":121,"column":4},"end":{"line":121,"column":81}},"type":"if","locations":[{"start":{"line":121,"column":4},"end":{"line":121,"column":81}},{"start":{},"end":{}}],"line":121},"2":{"loc":{"start":{"line":150,"column":4},"end":{"line":152,"column":5}},"type":"if","locations":[{"start":{"line":150,"column":4},"end":{"line":152,"column":5}},{"start":{},"end":{}}],"line":150},"3":{"loc":{"start":{"line":154,"column":4},"end":{"line":156,"column":5}},"type":"if","locations":[{"start":{"line":154,"column":4},"end":{"line":156,"column":5}},{"start":{},"end":{}}],"line":154},"4":{"loc":{"start":{"line":176,"column":4},"end":{"line":182,"column":5}},"type":"if","locations":[{"start":{"line":176,"column":4},"end":{"line":182,"column":5}},{"start":{},"end":{}}],"line":176},"5":{"loc":{"start":{"line":184,"column":4},"end":{"line":190,"column":5}},"type":"if","locations":[{"start":{"line":184,"column":4},"end":{"line":190,"column":5}},{"start":{},"end":{}}],"line":184},"6":{"loc":{"start":{"line":208,"column":13},"end":{"line":208,"column":37}},"type":"binary-expr","locations":[{"start":{"line":208,"column":13},"end":{"line":208,"column":29}},{"start":{"line":208,"column":33},"end":{"line":208,"column":37}}],"line":208}},"s":{"0":0,"1":0,"2":0,"3":0,"4":0,"5":0,"6":0,"7":0,"8":0,"9":0,"10":0,"11":0,"12":0,"13":0,"14":0,"15":0,"16":0,"17":0,"18":0,"19":0,"20":0,"21":0,"22":0,"23":0,"24":0,"25":0,"26":0,"27":0,"28":0,"29":0,"30":0,"31":0,"32":0,"33":0,"34":0,"35":0,"36":0,"37":0,"38":0,"39":0,"40":0,"41":0,"42":0,"43":0,"44":0,"45":0,"46":0,"47":0,"48":0,"49":0,"50":0,"51":0,"52":0,"53":0,"54":0,"55":0,"56":0,"57":0,"58":0,"59":0,"60":0,"61":0,"62":0,"63":0,"64":0,"65":0,"66":0,"67":0,"68":0,"69":0,"70":0,"71":0,"72":0,"73":0,"74":0,"75":0,"76":0,"77":0,"78":0,"79":0,"80":0,"81":0,"82":0,"83":0,"84":0,"85":0,"86":0,"87":0,"88":0,"89":0,"90":0},"f":{"0":0,"1":0,"2":0,"3":0,"4":0,"5":0,"6":0,"7":0,"8":0,"9":0,"10":0,"11":0},"b":{"0":[0,0],"1":[0,0],"2":[0,0],"3":[0,0],"4":[0,0],"5":[0,0],"6":[0,0]},"inputSourceMap":null}
,"E:\\Last_hope\\src\\agents\\ciAgent.js": {"path":"E:\\Last_hope\\src\\agents\\ciAgent.js","statementMap":{"0":{"start":{"line":8,"column":18},"end":{"line":8,"column":33}},"1":{"start":{"line":16,"column":2},"end":{"line":60,"column":3}},"2":{"start":{"line":17,"column":66},"end":{"line":17,"column":72}},"3":{"start":{"line":19,"column":4},"end":{"line":21,"column":5}},"4":{"start":{"line":20,"column":6},"end":{"line":20,"column":60}},"5":{"start":{"line":24,"column":22},"end":{"line":24,"column":54}},"6":{"start":{"line":25,"column":20},"end":{"line":25,"column":50}},"7":{"start":{"line":27,"column":23},"end":{"line":27,"column":25}},"8":{"start":{"line":29,"column":4},"end":{"line":41,"column":5}},"9":{"start":{"line":31,"column":6},"end":{"line":31,"column":69}},"10":{"start":{"line":32,"column":6},"end":{"line":32,"column":12}},"11":{"start":{"line":34,"column":6},"end":{"line":34,"column":70}},"12":{"start":{"line":35,"column":6},"end":{"line":35,"column":12}},"13":{"start":{"line":37,"column":6},"end":{"line":37,"column":71}},"14":{"start":{"line":38,"column":6},"end":{"line":38,"column":12}},"15":{"start":{"line":40,"column":6},"end":{"line":40,"column":69}},"16":{"start":{"line":43,"column":4},"end":{"line":53,"column":6}},"17":{"start":{"line":55,"column":4},"end":{"line":59,"column":6}},"18":{"start":{"line":69,"column":2},"end":{"line":97,"column":3}},"19":{"start":{"line":70,"column":59},"end":{"line":70,"column":65}},"20":{"start":{"line":72,"column":4},"end":{"line":74,"column":5}},"21":{"start":{"line":73,"column":6},"end":{"line":73,"column":64}},"22":{"start":{"line":78,"column":4},"end":{"line":88,"column":5}},"23":{"start":{"line":81,"column":6},"end":{"line":81,"column":54}},"24":{"start":{"line":82,"column":6},"end":{"line":82,"column":12}},"25":{"start":{"line":84,"column":6},"end":{"line":84,"column":50}},"26":{"start":{"line":85,"column":6},"end":{"line":85,"column":12}},"27":{"start":{"line":87,"column":6},"end":{"line":87,"column":54}},"28":{"start":{"line":90,"column":4},"end":{"line":90,"column":22}},"29":{"start":{"line":92,"column":4},"end":{"line":96,"column":6}},"30":{"start":{"line":106,"column":2},"end":{"line":145,"column":3}},"31":{"start":{"line":107,"column":63},"end":{"line":107,"column":69}},"32":{"start":{"line":111,"column":4},"end":{"line":123,"column":5}},"33":{"start":{"line":113,"column":6},"end":{"line":113,"column":92}},"34":{"start":{"line":114,"column":6},"end":{"line":114,"column":12}},"35":{"start":{"line":116,"column":6},"end":{"line":116,"column":76}},"36":{"start":{"line":117,"column":6},"end":{"line":117,"column":12}},"37":{"start":{"line":119,"column":6},"end":{"line":119,"column":94}},"38":{"start":{"line":120,"column":6},"end":{"line":120,"column":12}},"39":{"start":{"line":122,"column":6},"end":{"line":122,"column":63}},"40":{"start":{"line":125,"column":31},"end":{"line":125,"column":76}},"41":{"start":{"line":127,"column":19},"end":{"line":127,"column":54}},"42":{"start":{"line":129,"column":4},"end":{"line":136,"column":6}},"43":{"start":{"line":138,"column":4},"end":{"line":144,"column":6}},"44":{"start":{"line":150,"column":19},"end":{"line":154,"column":3}},"45":{"start":{"line":156,"column":18},"end":{"line":156,"column":59}},"46":{"start":{"line":157,"column":2},"end":{"line":157,"column":37}},"47":{"start":{"line":161,"column":19},"end":{"line":165,"column":3}},"48":{"start":{"line":167,"column":18},"end":{"line":167,"column":59}},"49":{"start":{"line":168,"column":2},"end":{"line":168,"column":37}},"50":{"start":{"line":172,"column":18},"end":{"line":174,"column":111}},"51":{"start":{"line":176,"column":14},"end":{"line":176,"column":72}},"52":{"start":{"line":178,"column":2},"end":{"line":184,"column":5}},"53":{"start":{"line":179,"column":21},"end":{"line":179,"column":61}},"54":{"start":{"line":180,"column":4},"end":{"line":180,"column":57}},"55":{"start":{"line":181,"column":4},"end":{"line":181,"column":61}},"56":{"start":{"line":182,"column":4},"end":{"line":182,"column":63}},"57":{"start":{"line":183,"column":4},"end":{"line":183,"column":25}},"58":{"start":{"line":186,"column":2},"end":{"line":199,"column":5}},"59":{"start":{"line":187,"column":22},"end":{"line":187,"column":68}},"60":{"start":{"line":188,"column":4},"end":{"line":188,"column":52}},"61":{"start":{"line":189,"column":4},"end":{"line":189,"column":67}},"62":{"start":{"line":190,"column":4},"end":{"line":190,"column":61}},"63":{"start":{"line":191,"column":4},"end":{"line":191,"column":59}},"64":{"start":{"line":192,"column":4},"end":{"line":192,"column":27}},"65":{"start":{"line":193,"column":4},"end":{"line":193,"column":68}},"66":{"start":{"line":194,"column":4},"end":{"line":194,"column":55}},"67":{"start":{"line":195,"column":4},"end":{"line":195,"column":60}},"68":{"start":{"line":196,"column":4},"end":{"line":196,"column":70}},"69":{"start":{"line":197,"column":4},"end":{"line":197,"column":25}},"70":{"start":{"line":198,"column":4},"end":{"line":198,"column":25}},"71":{"start":{"line":201,"column":2},"end":{"line":201,"column":17}},"72":{"start":{"line":202,"column":2},"end":{"line":202,"column":15}},"73":{"start":{"line":206,"column":14},"end":{"line":206,"column":100}},"74":{"start":{"line":208,"column":2},"end":{"line":208,"column":63}},"75":{"start":{"line":210,"column":2},"end":{"line":216,"column":5}},"76":{"start":{"line":211,"column":21},"end":{"line":211,"column":61}},"77":{"start":{"line":212,"column":4},"end":{"line":212,"column":62}},"78":{"start":{"line":213,"column":4},"end":{"line":213,"column":61}},"79":{"start":{"line":214,"column":4},"end":{"line":214,"column":51}},"80":{"start":{"line":215,"column":4},"end":{"line":215,"column":25}},"81":{"start":{"line":218,"column":2},"end":{"line":218,"column":17}},"82":{"start":{"line":219,"column":2},"end":{"line":219,"column":15}},"83":{"start":{"line":223,"column":2},"end":{"line":223,"column":92}},"84":{"start":{"line":227,"column":2},"end":{"line":257,"column":3}},"85":{"start":{"line":229,"column":21},"end":{"line":229,"column":62}},"86":{"start":{"line":230,"column":4},"end":{"line":230,"column":37}},"87":{"start":{"line":232,"column":31},"end":{"line":234,"column":6}},"88":{"start":{"line":237,"column":4},"end":{"line":239,"column":5}},"89":{"start":{"line":238,"column":6},"end":{"line":238,"column":30}},"90":{"start":{"line":241,"column":20},"end":{"line":241,"column":46}},"91":{"start":{"line":242,"column":19},"end":{"line":242,"column":45}},"92":{"start":{"line":244,"column":4},"end":{"line":250,"column":6}},"93":{"start":{"line":248,"column":37},"end":{"line":248,"column":53}},"94":{"start":{"line":249,"column":39},"end":{"line":249,"column":55}},"95":{"start":{"line":252,"column":4},"end":{"line":256,"column":6}},"96":{"start":{"line":261,"column":2},"end":{"line":285,"column":3}},"97":{"start":{"line":262,"column":21},"end":{"line":262,"column":62}},"98":{"start":{"line":263,"column":4},"end":{"line":263,"column":37}},"99":{"start":{"line":265,"column":31},"end":{"line":267,"column":6}},"100":{"start":{"line":269,"column":4},"end":{"line":271,"column":5}},"101":{"start":{"line":270,"column":6},"end":{"line":270,"column":30}},"102":{"start":{"line":273,"column":4},"end":{"line":278,"column":6}},"103":{"start":{"line":277,"column":55},"end":{"line":277,"column":66}},"104":{"start":{"line":280,"column":4},"end":{"line":284,"column":6}},"105":{"start":{"line":289,"column":17},"end":{"line":296,"column":3}},"106":{"start":{"line":298,"column":2},"end":{"line":311,"column":3}},"107":{"start":{"line":299,"column":22},"end":{"line":299,"column":77}},"108":{"start":{"line":300,"column":4},"end":{"line":305,"column":5}},"109":{"start":{"line":301,"column":6},"end":{"line":301,"column":51}},"110":{"start":{"line":302,"column":6},"end":{"line":302,"column":44}},"111":{"start":{"line":303,"column":6},"end":{"line":303,"column":63}},"112":{"start":{"line":304,"column":6},"end":{"line":304,"column":48}},"113":{"start":{"line":307,"column":26},"end":{"line":307,"column":70}},"114":{"start":{"line":308,"column":4},"end":{"line":310,"column":5}},"115":{"start":{"line":309,"column":6},"end":{"line":309,"column":53}},"116":{"start":{"line":313,"column":2},"end":{"line":313,"column":16}},"117":{"start":{"line":321,"column":2},"end":{"line":365,"column":3}},"118":{"start":{"line":322,"column":24},"end":{"line":322,"column":61}},"119":{"start":{"line":323,"column":21},"end":{"line":323,"column":36}},"120":{"start":{"line":325,"column":4},"end":{"line":329,"column":5}},"121":{"start":{"line":326,"column":6},"end":{"line":326,"column":63}},"122":{"start":{"line":331,"column":4},"end":{"line":358,"column":6}},"123":{"start":{"line":360,"column":4},"end":{"line":364,"column":6}}},"fnMap":{"0":{"name":"generateTests","decl":{"start":{"line":15,"column":22},"end":{"line":15,"column":35}},"loc":{"start":{"line":15,"column":49},"end":{"line":61,"column":1}},"line":15},"1":{"name":"lint","decl":{"start":{"line":68,"column":22},"end":{"line":68,"column":26}},"loc":{"start":{"line":68,"column":40},"end":{"line":98,"column":1}},"line":68},"2":{"name":"runTests","decl":{"start":{"line":105,"column":22},"end":{"line":105,"column":30}},"loc":{"start":{"line":105,"column":44},"end":{"line":146,"column":1}},"line":105},"3":{"name":"extractFunctions","decl":{"start":{"line":149,"column":9},"end":{"line":149,"column":25}},"loc":{"start":{"line":149,"column":42},"end":{"line":158,"column":1}},"line":149},"4":{"name":"extractClasses","decl":{"start":{"line":160,"column":9},"end":{"line":160,"column":23}},"loc":{"start":{"line":160,"column":40},"end":{"line":169,"column":1}},"line":160},"5":{"name":"generateJestTests","decl":{"start":{"line":171,"column":9},"end":{"line":171,"column":26}},"loc":{"start":{"line":171,"column":57},"end":{"line":203,"column":1}},"line":171},"6":{"name":"(anonymous_6)","decl":{"start":{"line":178,"column":20},"end":{"line":178,"column":21}},"loc":{"start":{"line":178,"column":33},"end":{"line":184,"column":3}},"line":178},"7":{"name":"(anonymous_7)","decl":{"start":{"line":186,"column":18},"end":{"line":186,"column":19}},"loc":{"start":{"line":186,"column":30},"end":{"line":199,"column":3}},"line":186},"8":{"name":"generateMochaTests","decl":{"start":{"line":205,"column":9},"end":{"line":205,"column":27}},"loc":{"start":{"line":205,"column":58},"end":{"line":220,"column":1}},"line":205},"9":{"name":"(anonymous_9)","decl":{"start":{"line":210,"column":20},"end":{"line":210,"column":21}},"loc":{"start":{"line":210,"column":33},"end":{"line":216,"column":3}},"line":210},"10":{"name":"generateVitestTests","decl":{"start":{"line":222,"column":9},"end":{"line":222,"column":28}},"loc":{"start":{"line":222,"column":59},"end":{"line":224,"column":1}},"line":222},"11":{"name":"lintJavaScript","decl":{"start":{"line":226,"column":15},"end":{"line":226,"column":29}},"loc":{"start":{"line":226,"column":44},"end":{"line":258,"column":1}},"line":226},"12":{"name":"(anonymous_12)","decl":{"start":{"line":248,"column":32},"end":{"line":248,"column":33}},"loc":{"start":{"line":248,"column":37},"end":{"line":248,"column":53}},"line":248},"13":{"name":"(anonymous_13)","decl":{"start":{"line":249,"column":34},"end":{"line":249,"column":35}},"loc":{"start":{"line":249,"column":39},"end":{"line":249,"column":55}},"line":249},"14":{"name":"lintPython","decl":{"start":{"line":260,"column":15},"end":{"line":260,"column":25}},"loc":{"start":{"line":260,"column":40},"end":{"line":286,"column":1}},"line":260},"15":{"name":"(anonymous_15)","decl":{"start":{"line":277,"column":47},"end":{"line":277,"column":48}},"loc":{"start":{"line":277,"column":55},"end":{"line":277,"column":66}},"line":277},"16":{"name":"parseTestResults","decl":{"start":{"line":288,"column":9},"end":{"line":288,"column":25}},"loc":{"start":{"line":288,"column":45},"end":{"line":314,"column":1}},"line":288},"17":{"name":"summary","decl":{"start":{"line":320,"column":16},"end":{"line":320,"column":23}},"loc":{"start":{"line":320,"column":26},"end":{"line":366,"column":1}},"line":320}},"branchMap":{"0":{"loc":{"start":{"line":15,"column":36},"end":{"line":15,"column":47}},"type":"default-arg","locations":[{"start":{"line":15,"column":45},"end":{"line":15,"column":47}}],"line":15},"1":{"loc":{"start":{"line":17,"column":18},"end":{"line":17,"column":41}},"type":"default-arg","locations":[{"start":{"line":17,"column":29},"end":{"line":17,"column":41}}],"line":17},"2":{"loc":{"start":{"line":17,"column":43},"end":{"line":17,"column":61}},"type":"default-arg","locations":[{"start":{"line":17,"column":55},"end":{"line":17,"column":61}}],"line":17},"3":{"loc":{"start":{"line":19,"column":4},"end":{"line":21,"column":5}},"type":"if","locations":[{"start":{"line":19,"column":4},"end":{"line":21,"column":5}},{"start":{},"end":{}}],"line":19},"4":{"loc":{"start":{"line":29,"column":4},"end":{"line":41,"column":5}},"type":"switch","locations":[{"start":{"line":30,"column":4},"end":{"line":32,"column":12}},{"start":{"line":33,"column":4},"end":{"line":35,"column":12}},{"start":{"line":36,"column":4},"end":{"line":38,"column":12}},{"start":{"line":39,"column":4},"end":{"line":40,"column":69}}],"line":29},"5":{"loc":{"start":{"line":68,"column":27},"end":{"line":68,"column":38}},"type":"default-arg","locations":[{"start":{"line":68,"column":36},"end":{"line":68,"column":38}}],"line":68},"6":{"loc":{"start":{"line":70,"column":18},"end":{"line":70,"column":29}},"type":"default-arg","locations":[{"start":{"line":70,"column":27},"end":{"line":70,"column":29}}],"line":70},"7":{"loc":{"start":{"line":70,"column":31},"end":{"line":70,"column":54}},"type":"default-arg","locations":[{"start":{"line":70,"column":42},"end":{"line":70,"column":54}}],"line":70},"8":{"loc":{"start":{"line":72,"column":4},"end":{"line":74,"column":5}},"type":"if","locations":[{"start":{"line":72,"column":4},"end":{"line":74,"column":5}},{"start":{},"end":{}}],"line":72},"9":{"loc":{"start":{"line":78,"column":4},"end":{"line":88,"column":5}},"type":"switch","locations":[{"start":{"line":79,"column":4},"end":{"line":79,"column":22}},{"start":{"line":80,"column":4},"end":{"line":82,"column":12}},{"start":{"line":83,"column":4},"end":{"line":85,"column":12}},{"start":{"line":86,"column":4},"end":{"line":87,"column":54}}],"line":78},"10":{"loc":{"start":{"line":105,"column":31},"end":{"line":105,"column":42}},"type":"default-arg","locations":[{"start":{"line":105,"column":40},"end":{"line":105,"column":42}}],"line":105},"11":{"loc":{"start":{"line":107,"column":22},"end":{"line":107,"column":40}},"type":"default-arg","locations":[{"start":{"line":107,"column":34},"end":{"line":107,"column":40}}],"line":107},"12":{"loc":{"start":{"line":107,"column":42},"end":{"line":107,"column":58}},"type":"default-arg","locations":[{"start":{"line":107,"column":53},"end":{"line":107,"column":58}}],"line":107},"13":{"loc":{"start":{"line":111,"column":4},"end":{"line":123,"column":5}},"type":"switch","locations":[{"start":{"line":112,"column":4},"end":{"line":114,"column":12}},{"start":{"line":115,"column":4},"end":{"line":117,"column":12}},{"start":{"line":118,"column":4},"end":{"line":120,"column":12}},{"start":{"line":121,"column":4},"end":{"line":122,"column":63}}],"line":111},"14":{"loc":{"start":{"line":113,"column":27},"end":{"line":113,"column":57}},"type":"cond-expr","locations":[{"start":{"line":113,"column":38},"end":{"line":113,"column":52}},{"start":{"line":113,"column":55},"end":{"line":113,"column":57}}],"line":113},"15":{"loc":{"start":{"line":113,"column":60},"end":{"line":113,"column":89}},"type":"cond-expr","locations":[{"start":{"line":113,"column":71},"end":{"line":113,"column":84}},{"start":{"line":113,"column":87},"end":{"line":113,"column":89}}],"line":113},"16":{"loc":{"start":{"line":116,"column":28},"end":{"line":116,"column":73}},"type":"cond-expr","locations":[{"start":{"line":116,"column":39},"end":{"line":116,"column":53}},{"start":{"line":116,"column":56},"end":{"line":116,"column":73}}],"line":116},"17":{"loc":{"start":{"line":119,"column":29},"end":{"line":119,"column":59}},"type":"cond-expr","locations":[{"start":{"line":119,"column":40},"end":{"line":119,"column":54}},{"start":{"line":119,"column":57},"end":{"line":119,"column":59}}],"line":119},"18":{"loc":{"start":{"line":119,"column":62},"end":{"line":119,"column":91}},"type":"cond-expr","locations":[{"start":{"line":119,"column":73},"end":{"line":119,"column":86}},{"start":{"line":119,"column":89},"end":{"line":119,"column":91}}],"line":119},"19":{"loc":{"start":{"line":122,"column":27},"end":{"line":122,"column":60}},"type":"cond-expr","locations":[{"start":{"line":122,"column":38},"end":{"line":122,"column":55}},{"start":{"line":122,"column":58},"end":{"line":122,"column":60}}],"line":122},"20":{"loc":{"start":{"line":132,"column":16},"end":{"line":132,"column":33}},"type":"binary-expr","locations":[{"start":{"line":132,"column":16},"end":{"line":132,"column":24}},{"start":{"line":132,"column":28},"end":{"line":132,"column":33}}],"line":132},"21":{"loc":{"start":{"line":135,"column":16},"end":{"line":135,"column":43}},"type":"binary-expr","locations":[{"start":{"line":135,"column":16},"end":{"line":135,"column":24}},{"start":{"line":135,"column":28},"end":{"line":135,"column":43}}],"line":135},"22":{"loc":{"start":{"line":141,"column":17},"end":{"line":141,"column":43}},"type":"binary-expr","locations":[{"start":{"line":141,"column":17},"end":{"line":141,"column":33}},{"start":{"line":141,"column":37},"end":{"line":141,"column":43}}],"line":141},"23":{"loc":{"start":{"line":142,"column":14},"end":{"line":142,"column":32}},"type":"binary-expr","locations":[{"start":{"line":142,"column":14},"end":{"line":142,"column":26}},{"start":{"line":142,"column":30},"end":{"line":142,"column":32}}],"line":142},"24":{"loc":{"start":{"line":143,"column":14},"end":{"line":143,"column":32}},"type":"binary-expr","locations":[{"start":{"line":143,"column":14},"end":{"line":143,"column":26}},{"start":{"line":143,"column":30},"end":{"line":143,"column":32}}],"line":143},"25":{"loc":{"start":{"line":156,"column":18},"end":{"line":156,"column":59}},"type":"binary-expr","locations":[{"start":{"line":156,"column":18},"end":{"line":156,"column":36}},{"start":{"line":156,"column":40},"end":{"line":156,"column":59}}],"line":156},"26":{"loc":{"start":{"line":157,"column":10},"end":{"line":157,"column":35}},"type":"binary-expr","locations":[{"start":{"line":157,"column":10},"end":{"line":157,"column":29}},{"start":{"line":157,"column":33},"end":{"line":157,"column":35}}],"line":157},"27":{"loc":{"start":{"line":167,"column":18},"end":{"line":167,"column":59}},"type":"binary-expr","locations":[{"start":{"line":167,"column":18},"end":{"line":167,"column":36}},{"start":{"line":167,"column":40},"end":{"line":167,"column":59}}],"line":167},"28":{"loc":{"start":{"line":168,"column":10},"end":{"line":168,"column":35}},"type":"binary-expr","locations":[{"start":{"line":168,"column":10},"end":{"line":168,"column":29}},{"start":{"line":168,"column":33},"end":{"line":168,"column":35}}],"line":168},"29":{"loc":{"start":{"line":172,"column":18},"end":{"line":174,"column":111}},"type":"cond-expr","locations":[{"start":{"line":173,"column":6},"end":{"line":173,"column":98}},{"start":{"line":174,"column":6},"end":{"line":174,"column":111}}],"line":172},"30":{"loc":{"start":{"line":179,"column":21},"end":{"line":179,"column":61}},"type":"binary-expr","locations":[{"start":{"line":179,"column":21},"end":{"line":179,"column":43}},{"start":{"line":179,"column":47},"end":{"line":179,"column":61}}],"line":179},"31":{"loc":{"start":{"line":187,"column":22},"end":{"line":187,"column":68}},"type":"binary-expr","locations":[{"start":{"line":187,"column":22},"end":{"line":187,"column":53}},{"start":{"line":187,"column":57},"end":{"line":187,"column":68}}],"line":187},"32":{"loc":{"start":{"line":211,"column":21},"end":{"line":211,"column":61}},"type":"binary-expr","locations":[{"start":{"line":211,"column":21},"end":{"line":211,"column":43}},{"start":{"line":211,"column":47},"end":{"line":211,"column":61}}],"line":211},"33":{"loc":{"start":{"line":237,"column":4},"end":{"line":239,"column":5}},"type":"if","locations":[{"start":{"line":237,"column":4},"end":{"line":239,"column":5}},{"start":{},"end":{}}],"line":237},"34":{"loc":{"start":{"line":241,"column":31},"end":{"line":241,"column":45}},"type":"binary-expr","locations":[{"start":{"line":241,"column":31},"end":{"line":241,"column":37}},{"start":{"line":241,"column":41},"end":{"line":241,"column":45}}],"line":241},"35":{"loc":{"start":{"line":242,"column":19},"end":{"line":242,"column":45}},"type":"binary-expr","locations":[{"start":{"line":242,"column":19},"end":{"line":242,"column":39}},{"start":{"line":242,"column":43},"end":{"line":242,"column":45}}],"line":242},"36":{"loc":{"start":{"line":246,"column":12},"end":{"line":246,"column":53}},"type":"cond-expr","locations":[{"start":{"line":246,"column":34},"end":{"line":246,"column":42}},{"start":{"line":246,"column":45},"end":{"line":246,"column":53}}],"line":246},"37":{"loc":{"start":{"line":269,"column":4},"end":{"line":271,"column":5}},"type":"if","locations":[{"start":{"line":269,"column":4},"end":{"line":271,"column":5}},{"start":{},"end":{}}],"line":269},"38":{"loc":{"start":{"line":275,"column":12},"end":{"line":275,"column":48}},"type":"cond-expr","locations":[{"start":{"line":275,"column":29},"end":{"line":275,"column":37}},{"start":{"line":275,"column":40},"end":{"line":275,"column":48}}],"line":275},"39":{"loc":{"start":{"line":298,"column":2},"end":{"line":311,"column":3}},"type":"if","locations":[{"start":{"line":298,"column":2},"end":{"line":311,"column":3}},{"start":{},"end":{}}],"line":298},"40":{"loc":{"start":{"line":300,"column":4},"end":{"line":305,"column":5}},"type":"if","locations":[{"start":{"line":300,"column":4},"end":{"line":305,"column":5}},{"start":{},"end":{}}],"line":300},"41":{"loc":{"start":{"line":308,"column":4},"end":{"line":310,"column":5}},"type":"if","locations":[{"start":{"line":308,"column":4},"end":{"line":310,"column":5}},{"start":{},"end":{}}],"line":308},"42":{"loc":{"start":{"line":355,"column":21},"end":{"line":355,"column":72}},"type":"cond-expr","locations":[{"start":{"line":355,"column":48},"end":{"line":355,"column":60}},{"start":{"line":355,"column":63},"end":{"line":355,"column":72}}],"line":355},"43":{"loc":{"start":{"line":356,"column":17},"end":{"line":356,"column":54}},"type":"binary-expr","locations":[{"start":{"line":356,"column":17},"end":{"line":356,"column":37}},{"start":{"line":356,"column":41},"end":{"line":356,"column":54}}],"line":356}},"s":{"0":0,"1":0,"2":0,"3":0,"4":0,"5":0,"6":0,"7":0,"8":0,"9":0,"10":0,"11":0,"12":0,"13":0,"14":0,"15":0,"16":0,"17":0,"18":0,"19":0,"20":0,"21":0,"22":0,"23":0,"24":0,"25":0,"26":0,"27":0,"28":0,"29":0,"30":0,"31":0,"32":0,"33":0,"34":0,"35":0,"36":0,"37":0,"38":0,"39":0,"40":0,"41":0,"42":0,"43":0,"44":0,"45":0,"46":0,"47":0,"48":0,"49":0,"50":0,"51":0,"52":0,"53":0,"54":0,"55":0,"56":0,"57":0,"58":0,"59":0,"60":0,"61":0,"62":0,"63":0,"64":0,"65":0,"66":0,"67":0,"68":0,"69":0,"70":0,"71":0,"72":0,"73":0,"74":0,"75":0,"76":0,"77":0,"78":0,"79":0,"80":0,"81":0,"82":0,"83":0,"84":0,"85":0,"86":0,"87":0,"88":0,"89":0,"90":0,"91":0,"92":0,"93":0,"94":0,"95":0,"96":0,"97":0,"98":0,"99":0,"100":0,"101":0,"102":0,"103":0,"104":0,"105":0,"106":0,"107":0,"108":0,"109":0,"110":0,"111":0,"112":0,"113":0,"114":0,"115":0,"116":0,"117":0,"118":0,"119":0,"120":0,"121":0,"122":0,"123":0},"f":{"0":0,"1":0,"2":0,"3":0,"4":0,"5":0,"6":0,"7":0,"8":0,"9":0,"10":0,"11":0,"12":0,"13":0,"14":0,"15":0,"16":0,"17":0},"b":{"0":[0],"1":[0],"2":[0],"3":[0,0],"4":[0,0,0,0],"5":[0],"6":[0],"7":[0],"8":[0,0],"9":[0,0,0,0],"10":[0],"11":[0],"12":[0],"13":[0,0,0,0],"14":[0,0],"15":[0,0],"16":[0,0],"17":[0,0],"18":[0,0],"19":[0,0],"20":[0,0],"21":[0,0],"22":[0,0],"23":[0,0],"24":[0,0],"25":[0,0],"26":[0,0],"27":[0,0],"28":[0,0],"29":[0,0],"30":[0,0],"31":[0,0],"32":[0,0],"33":[0,0],"34":[0,0],"35":[0,0],"36":[0,0],"37":[0,0],"38":[0,0],"39":[0,0],"40":[0,0],"41":[0,0],"42":[0,0],"43":[0,0]},"inputSourceMap":null}
,"E:\\Last_hope\\src\\agents\\csvAgent.js": {"path":"E:\\Last_hope\\src\\agents\\csvAgent.js","statementMap":{"0":{"start":{"line":25,"column":2},"end":{"line":163,"column":3}},"1":{"start":{"line":27,"column":23},"end":{"line":27,"column":84}},"2":{"start":{"line":28,"column":4},"end":{"line":30,"column":5}},"3":{"start":{"line":29,"column":6},"end":{"line":29,"column":38}},"4":{"start":{"line":32,"column":79},"end":{"line":32,"column":99}},"5":{"start":{"line":35,"column":27},"end":{"line":35,"column":53}},"6":{"start":{"line":36,"column":4},"end":{"line":42,"column":5}},"7":{"start":{"line":37,"column":6},"end":{"line":41,"column":8}},"8":{"start":{"line":45,"column":4},"end":{"line":51,"column":5}},"9":{"start":{"line":46,"column":6},"end":{"line":50,"column":8}},"10":{"start":{"line":53,"column":22},"end":{"line":53,"column":43}},"11":{"start":{"line":56,"column":31},"end":{"line":56,"column":77}},"12":{"start":{"line":58,"column":4},"end":{"line":66,"column":5}},"13":{"start":{"line":60,"column":6},"end":{"line":65,"column":9}},"14":{"start":{"line":69,"column":20},"end":{"line":69,"column":55}},"15":{"start":{"line":70,"column":18},"end":{"line":70,"column":44}},"16":{"start":{"line":72,"column":4},"end":{"line":78,"column":5}},"17":{"start":{"line":73,"column":6},"end":{"line":77,"column":8}},"18":{"start":{"line":80,"column":18},"end":{"line":80,"column":20}},"19":{"start":{"line":81,"column":19},"end":{"line":81,"column":21}},"20":{"start":{"line":83,"column":4},"end":{"line":89,"column":5}},"21":{"start":{"line":84,"column":6},"end":{"line":84,"column":79}},"22":{"start":{"line":84,"column":51},"end":{"line":84,"column":77}},"23":{"start":{"line":85,"column":6},"end":{"line":85,"column":32}},"24":{"start":{"line":87,"column":6},"end":{"line":87,"column":75}},"25":{"start":{"line":87,"column":56},"end":{"line":87,"column":73}},"26":{"start":{"line":88,"column":6},"end":{"line":88,"column":23}},"27":{"start":{"line":92,"column":4},"end":{"line":98,"column":5}},"28":{"start":{"line":93,"column":6},"end":{"line":97,"column":8}},"29":{"start":{"line":100,"column":17},"end":{"line":100,"column":19}},"30":{"start":{"line":101,"column":19},"end":{"line":101,"column":21}},"31":{"start":{"line":103,"column":4},"end":{"line":137,"column":5}},"32":{"start":{"line":103,"column":17},"end":{"line":103,"column":18}},"33":{"start":{"line":104,"column":6},"end":{"line":136,"column":7}},"34":{"start":{"line":105,"column":21},"end":{"line":105,"column":32}},"35":{"start":{"line":106,"column":23},"end":{"line":106,"column":52}},"36":{"start":{"line":109,"column":33},"end":{"line":109,"column":66}},"37":{"start":{"line":110,"column":8},"end":{"line":113,"column":9}},"38":{"start":{"line":111,"column":10},"end":{"line":111,"column":50}},"39":{"start":{"line":112,"column":10},"end":{"line":112,"column":19}},"40":{"start":{"line":115,"column":20},"end":{"line":115,"column":22}},"41":{"start":{"line":116,"column":8},"end":{"line":118,"column":11}},"42":{"start":{"line":117,"column":10},"end":{"line":117,"column":46}},"43":{"start":{"line":120,"column":8},"end":{"line":120,"column":48}},"44":{"start":{"line":123,"column":24},"end":{"line":125,"column":9}},"45":{"start":{"line":124,"column":10},"end":{"line":124,"column":59}},"46":{"start":{"line":127,"column":8},"end":{"line":129,"column":9}},"47":{"start":{"line":128,"column":10},"end":{"line":128,"column":25}},"48":{"start":{"line":131,"column":8},"end":{"line":135,"column":11}},"49":{"start":{"line":139,"column":4},"end":{"line":156,"column":6}},"50":{"start":{"line":158,"column":4},"end":{"line":162,"column":6}},"51":{"start":{"line":173,"column":17},"end":{"line":173,"column":19}},"52":{"start":{"line":174,"column":16},"end":{"line":174,"column":18}},"53":{"start":{"line":175,"column":17},"end":{"line":175,"column":22}},"54":{"start":{"line":176,"column":10},"end":{"line":176,"column":11}},"55":{"start":{"line":178,"column":2},"end":{"line":198,"column":3}},"56":{"start":{"line":179,"column":17},"end":{"line":179,"column":24}},"57":{"start":{"line":181,"column":4},"end":{"line":195,"column":5}},"58":{"start":{"line":182,"column":6},"end":{"line":189,"column":7}},"59":{"start":{"line":184,"column":8},"end":{"line":184,"column":23}},"60":{"start":{"line":185,"column":8},"end":{"line":185,"column":15}},"61":{"start":{"line":186,"column":8},"end":{"line":186,"column":17}},"62":{"start":{"line":188,"column":8},"end":{"line":188,"column":29}},"63":{"start":{"line":190,"column":11},"end":{"line":195,"column":5}},"64":{"start":{"line":191,"column":6},"end":{"line":191,"column":34}},"65":{"start":{"line":192,"column":6},"end":{"line":192,"column":19}},"66":{"start":{"line":194,"column":6},"end":{"line":194,"column":22}},"67":{"start":{"line":197,"column":4},"end":{"line":197,"column":8}},"68":{"start":{"line":201,"column":2},"end":{"line":201,"column":30}},"69":{"start":{"line":203,"column":2},"end":{"line":203,"column":16}},"70":{"start":{"line":213,"column":17},"end":{"line":213,"column":19}},"71":{"start":{"line":216,"column":2},"end":{"line":242,"column":5}},"72":{"start":{"line":217,"column":4},"end":{"line":226,"column":5}},"73":{"start":{"line":218,"column":6},"end":{"line":225,"column":9}},"74":{"start":{"line":229,"column":4},"end":{"line":241,"column":5}},"75":{"start":{"line":230,"column":6},"end":{"line":240,"column":7}},"76":{"start":{"line":231,"column":8},"end":{"line":239,"column":9}},"77":{"start":{"line":232,"column":10},"end":{"line":238,"column":13}},"78":{"start":{"line":244,"column":2},"end":{"line":247,"column":4}},"79":{"start":{"line":255,"column":2},"end":{"line":413,"column":3}},"80":{"start":{"line":257,"column":23},"end":{"line":257,"column":94}},"81":{"start":{"line":258,"column":4},"end":{"line":260,"column":5}},"82":{"start":{"line":259,"column":6},"end":{"line":259,"column":38}},"83":{"start":{"line":262,"column":33},"end":{"line":262,"column":53}},"84":{"start":{"line":263,"column":22},"end":{"line":263,"column":47}},"85":{"start":{"line":264,"column":22},"end":{"line":264,"column":46}},"86":{"start":{"line":267,"column":32},"end":{"line":267,"column":62}},"87":{"start":{"line":268,"column":4},"end":{"line":274,"column":5}},"88":{"start":{"line":269,"column":6},"end":{"line":273,"column":8}},"89":{"start":{"line":277,"column":31},"end":{"line":277,"column":63}},"90":{"start":{"line":279,"column":4},"end":{"line":282,"column":5}},"91":{"start":{"line":281,"column":6},"end":{"line":281,"column":75}},"92":{"start":{"line":285,"column":26},"end":{"line":285,"column":35}},"93":{"start":{"line":286,"column":30},"end":{"line":286,"column":32}},"94":{"start":{"line":288,"column":4},"end":{"line":392,"column":5}},"95":{"start":{"line":289,"column":56},"end":{"line":289,"column":65}},"96":{"start":{"line":291,"column":6},"end":{"line":391,"column":7}},"97":{"start":{"line":293,"column":8},"end":{"line":310,"column":9}},"98":{"start":{"line":294,"column":32},"end":{"line":294,"column":54}},"99":{"start":{"line":295,"column":10},"end":{"line":304,"column":13}},"100":{"start":{"line":296,"column":12},"end":{"line":303,"column":13}},"101":{"start":{"line":297,"column":36},"end":{"line":299,"column":16}},"102":{"start":{"line":298,"column":16},"end":{"line":298,"column":54}},"103":{"start":{"line":300,"column":14},"end":{"line":300,"column":41}},"104":{"start":{"line":302,"column":14},"end":{"line":302,"column":26}},"105":{"start":{"line":305,"column":10},"end":{"line":309,"column":13}},"106":{"start":{"line":311,"column":8},"end":{"line":311,"column":14}},"107":{"start":{"line":314,"column":8},"end":{"line":324,"column":9}},"108":{"start":{"line":315,"column":10},"end":{"line":318,"column":14}},"109":{"start":{"line":315,"column":56},"end":{"line":318,"column":11}},"110":{"start":{"line":317,"column":66},"end":{"line":317,"column":80}},"111":{"start":{"line":319,"column":10},"end":{"line":323,"column":13}},"112":{"start":{"line":325,"column":8},"end":{"line":325,"column":14}},"113":{"start":{"line":328,"column":8},"end":{"line":350,"column":9}},"114":{"start":{"line":329,"column":32},"end":{"line":331,"column":39}},"115":{"start":{"line":330,"column":24},"end":{"line":330,"column":47}},"116":{"start":{"line":331,"column":27},"end":{"line":331,"column":38}},"117":{"start":{"line":333,"column":30},"end":{"line":341,"column":11}},"118":{"start":{"line":336,"column":48},"end":{"line":336,"column":53}},"119":{"start":{"line":337,"column":75},"end":{"line":337,"column":80}},"120":{"start":{"line":343,"column":10},"end":{"line":343,"column":42}},"121":{"start":{"line":344,"column":10},"end":{"line":349,"column":13}},"122":{"start":{"line":351,"column":8},"end":{"line":351,"column":14}},"123":{"start":{"line":354,"column":8},"end":{"line":382,"column":9}},"124":{"start":{"line":355,"column":10},"end":{"line":375,"column":13}},"125":{"start":{"line":356,"column":25},"end":{"line":356,"column":34}},"126":{"start":{"line":357,"column":25},"end":{"line":357,"column":34}},"127":{"start":{"line":360,"column":25},"end":{"line":360,"column":41}},"128":{"start":{"line":361,"column":25},"end":{"line":361,"column":41}},"129":{"start":{"line":363,"column":12},"end":{"line":365,"column":13}},"130":{"start":{"line":364,"column":14},"end":{"line":364,"column":66}},"131":{"start":{"line":368,"column":25},"end":{"line":368,"column":57}},"132":{"start":{"line":369,"column":25},"end":{"line":369,"column":57}},"133":{"start":{"line":371,"column":12},"end":{"line":373,"column":13}},"134":{"start":{"line":372,"column":14},"end":{"line":372,"column":46}},"135":{"start":{"line":374,"column":12},"end":{"line":374,"column":44}},"136":{"start":{"line":376,"column":10},"end":{"line":381,"column":13}},"137":{"start":{"line":383,"column":8},"end":{"line":383,"column":14}},"138":{"start":{"line":386,"column":8},"end":{"line":390,"column":11}},"139":{"start":{"line":394,"column":4},"end":{"line":406,"column":6}},"140":{"start":{"line":408,"column":4},"end":{"line":412,"column":6}},"141":{"start":{"line":422,"column":17},"end":{"line":422,"column":19}},"142":{"start":{"line":423,"column":21},"end":{"line":423,"column":59}},"143":{"start":{"line":425,"column":2},"end":{"line":430,"column":3}},"144":{"start":{"line":426,"column":4},"end":{"line":429,"column":6}},"145":{"start":{"line":432,"column":2},"end":{"line":484,"column":5}},"146":{"start":{"line":433,"column":4},"end":{"line":440,"column":5}},"147":{"start":{"line":434,"column":6},"end":{"line":438,"column":9}},"148":{"start":{"line":439,"column":6},"end":{"line":439,"column":13}},"149":{"start":{"line":442,"column":4},"end":{"line":449,"column":5}},"150":{"start":{"line":443,"column":6},"end":{"line":448,"column":9}},"151":{"start":{"line":452,"column":4},"end":{"line":483,"column":5}},"152":{"start":{"line":454,"column":6},"end":{"line":460,"column":7}},"153":{"start":{"line":455,"column":8},"end":{"line":459,"column":11}},"154":{"start":{"line":461,"column":6},"end":{"line":461,"column":12}},"155":{"start":{"line":464,"column":6},"end":{"line":470,"column":7}},"156":{"start":{"line":465,"column":8},"end":{"line":469,"column":11}},"157":{"start":{"line":471,"column":6},"end":{"line":471,"column":12}},"158":{"start":{"line":475,"column":6},"end":{"line":481,"column":7}},"159":{"start":{"line":476,"column":8},"end":{"line":480,"column":11}},"160":{"start":{"line":482,"column":6},"end":{"line":482,"column":12}},"161":{"start":{"line":486,"column":2},"end":{"line":489,"column":4}},"162":{"start":{"line":497,"column":2},"end":{"line":597,"column":3}},"163":{"start":{"line":499,"column":23},"end":{"line":499,"column":92}},"164":{"start":{"line":500,"column":4},"end":{"line":502,"column":5}},"165":{"start":{"line":501,"column":6},"end":{"line":501,"column":38}},"166":{"start":{"line":504,"column":29},"end":{"line":504,"column":49}},"167":{"start":{"line":506,"column":19},"end":{"line":506,"column":21}},"168":{"start":{"line":507,"column":21},"end":{"line":507,"column":23}},"169":{"start":{"line":508,"column":20},"end":{"line":508,"column":21}},"170":{"start":{"line":510,"column":4},"end":{"line":574,"column":7}},"171":{"start":{"line":511,"column":21},"end":{"line":511,"column":25}},"172":{"start":{"line":514,"column":6},"end":{"line":526,"column":7}},"173":{"start":{"line":515,"column":8},"end":{"line":525,"column":11}},"174":{"start":{"line":516,"column":10},"end":{"line":524,"column":11}},"175":{"start":{"line":517,"column":12},"end":{"line":522,"column":15}},"176":{"start":{"line":523,"column":12},"end":{"line":523,"column":29}},"177":{"start":{"line":529,"column":6},"end":{"line":571,"column":7}},"178":{"start":{"line":530,"column":8},"end":{"line":570,"column":11}},"179":{"start":{"line":531,"column":10},"end":{"line":569,"column":11}},"180":{"start":{"line":532,"column":26},"end":{"line":532,"column":36}},"181":{"start":{"line":533,"column":28},"end":{"line":533,"column":32}},"182":{"start":{"line":535,"column":12},"end":{"line":558,"column":13}},"183":{"start":{"line":537,"column":14},"end":{"line":539,"column":15}},"184":{"start":{"line":538,"column":16},"end":{"line":538,"column":34}},"185":{"start":{"line":540,"column":14},"end":{"line":540,"column":20}},"186":{"start":{"line":542,"column":33},"end":{"line":542,"column":61}},"187":{"start":{"line":543,"column":14},"end":{"line":545,"column":15}},"188":{"start":{"line":544,"column":16},"end":{"line":544,"column":34}},"189":{"start":{"line":546,"column":14},"end":{"line":546,"column":20}},"190":{"start":{"line":549,"column":14},"end":{"line":551,"column":15}},"191":{"start":{"line":550,"column":16},"end":{"line":550,"column":34}},"192":{"start":{"line":552,"column":14},"end":{"line":552,"column":20}},"193":{"start":{"line":554,"column":14},"end":{"line":556,"column":15}},"194":{"start":{"line":555,"column":16},"end":{"line":555,"column":34}},"195":{"start":{"line":557,"column":14},"end":{"line":557,"column":20}},"196":{"start":{"line":560,"column":12},"end":{"line":568,"column":13}},"197":{"start":{"line":561,"column":14},"end":{"line":566,"column":17}},"198":{"start":{"line":567,"column":14},"end":{"line":567,"column":31}},"199":{"start":{"line":573,"column":6},"end":{"line":573,"column":32}},"200":{"start":{"line":573,"column":20},"end":{"line":573,"column":32}},"201":{"start":{"line":576,"column":4},"end":{"line":590,"column":6}},"202":{"start":{"line":592,"column":4},"end":{"line":596,"column":6}},"203":{"start":{"line":611,"column":2},"end":{"line":691,"column":3}},"204":{"start":{"line":613,"column":23},"end":{"line":613,"column":86}},"205":{"start":{"line":614,"column":4},"end":{"line":616,"column":5}},"206":{"start":{"line":615,"column":6},"end":{"line":615,"column":38}},"207":{"start":{"line":618,"column":58},"end":{"line":618,"column":78}},"208":{"start":{"line":621,"column":27},"end":{"line":621,"column":53}},"209":{"start":{"line":622,"column":4},"end":{"line":628,"column":5}},"210":{"start":{"line":623,"column":6},"end":{"line":627,"column":8}},"211":{"start":{"line":630,"column":4},"end":{"line":636,"column":5}},"212":{"start":{"line":631,"column":6},"end":{"line":635,"column":8}},"213":{"start":{"line":639,"column":20},"end":{"line":639,"column":76}},"214":{"start":{"line":639,"column":55},"end":{"line":639,"column":75}},"215":{"start":{"line":642,"column":21},"end":{"line":642,"column":23}},"216":{"start":{"line":644,"column":4},"end":{"line":646,"column":5}},"217":{"start":{"line":645,"column":6},"end":{"line":645,"column":45}},"218":{"start":{"line":649,"column":4},"end":{"line":659,"column":7}},"219":{"start":{"line":650,"column":21},"end":{"line":657,"column":8}},"220":{"start":{"line":651,"column":20},"end":{"line":651,"column":37}},"221":{"start":{"line":653,"column":8},"end":{"line":655,"column":9}},"222":{"start":{"line":654,"column":10},"end":{"line":654,"column":59}},"223":{"start":{"line":656,"column":8},"end":{"line":656,"column":21}},"224":{"start":{"line":658,"column":6},"end":{"line":658,"column":44}},"225":{"start":{"line":661,"column":23},"end":{"line":661,"column":42}},"226":{"start":{"line":664,"column":16},"end":{"line":664,"column":38}},"227":{"start":{"line":665,"column":4},"end":{"line":667,"column":5}},"228":{"start":{"line":666,"column":6},"end":{"line":666,"column":45}},"229":{"start":{"line":669,"column":4},"end":{"line":669,"column":51}},"230":{"start":{"line":671,"column":4},"end":{"line":684,"column":6}},"231":{"start":{"line":686,"column":4},"end":{"line":690,"column":6}},"232":{"start":{"line":703,"column":2},"end":{"line":792,"column":3}},"233":{"start":{"line":704,"column":24},"end":{"line":704,"column":61}},"234":{"start":{"line":706,"column":4},"end":{"line":785,"column":6}},"235":{"start":{"line":787,"column":4},"end":{"line":791,"column":6}}},"fnMap":{"0":{"name":"parseCSV","decl":{"start":{"line":24,"column":22},"end":{"line":24,"column":30}},"loc":{"start":{"line":24,"column":44},"end":{"line":164,"column":1}},"line":24},"1":{"name":"(anonymous_1)","decl":{"start":{"line":84,"column":46},"end":{"line":84,"column":47}},"loc":{"start":{"line":84,"column":51},"end":{"line":84,"column":77}},"line":84},"2":{"name":"(anonymous_2)","decl":{"start":{"line":87,"column":46},"end":{"line":87,"column":47}},"loc":{"start":{"line":87,"column":56},"end":{"line":87,"column":73}},"line":87},"3":{"name":"(anonymous_3)","decl":{"start":{"line":116,"column":24},"end":{"line":116,"column":25}},"loc":{"start":{"line":116,"column":43},"end":{"line":118,"column":9}},"line":116},"4":{"name":"(anonymous_4)","decl":{"start":{"line":123,"column":48},"end":{"line":123,"column":49}},"loc":{"start":{"line":124,"column":10},"end":{"line":124,"column":59}},"line":124},"5":{"name":"parseCSVLine","decl":{"start":{"line":172,"column":9},"end":{"line":172,"column":21}},"loc":{"start":{"line":172,"column":45},"end":{"line":204,"column":1}},"line":172},"6":{"name":"validateRowContent","decl":{"start":{"line":212,"column":9},"end":{"line":212,"column":27}},"loc":{"start":{"line":212,"column":47},"end":{"line":248,"column":1}},"line":212},"7":{"name":"(anonymous_7)","decl":{"start":{"line":216,"column":17},"end":{"line":216,"column":18}},"loc":{"start":{"line":216,"column":35},"end":{"line":242,"column":3}},"line":216},"8":{"name":"transformData","decl":{"start":{"line":254,"column":22},"end":{"line":254,"column":35}},"loc":{"start":{"line":254,"column":49},"end":{"line":414,"column":1}},"line":254},"9":{"name":"(anonymous_9)","decl":{"start":{"line":295,"column":51},"end":{"line":295,"column":52}},"loc":{"start":{"line":295,"column":58},"end":{"line":304,"column":11}},"line":295},"10":{"name":"(anonymous_10)","decl":{"start":{"line":297,"column":68},"end":{"line":297,"column":69}},"loc":{"start":{"line":297,"column":84},"end":{"line":299,"column":15}},"line":297},"11":{"name":"(anonymous_11)","decl":{"start":{"line":315,"column":48},"end":{"line":315,"column":49}},"loc":{"start":{"line":315,"column":56},"end":{"line":318,"column":11}},"line":315},"12":{"name":"(anonymous_12)","decl":{"start":{"line":317,"column":50},"end":{"line":317,"column":51}},"loc":{"start":{"line":317,"column":66},"end":{"line":317,"column":80}},"line":317},"13":{"name":"(anonymous_13)","decl":{"start":{"line":330,"column":17},"end":{"line":330,"column":18}},"loc":{"start":{"line":330,"column":24},"end":{"line":330,"column":47}},"line":330},"14":{"name":"(anonymous_14)","decl":{"start":{"line":331,"column":20},"end":{"line":331,"column":21}},"loc":{"start":{"line":331,"column":27},"end":{"line":331,"column":38}},"line":331},"15":{"name":"(anonymous_15)","decl":{"start":{"line":336,"column":38},"end":{"line":336,"column":39}},"loc":{"start":{"line":336,"column":48},"end":{"line":336,"column":53}},"line":336},"16":{"name":"(anonymous_16)","decl":{"start":{"line":337,"column":65},"end":{"line":337,"column":66}},"loc":{"start":{"line":337,"column":75},"end":{"line":337,"column":80}},"line":337},"17":{"name":"(anonymous_17)","decl":{"start":{"line":355,"column":31},"end":{"line":355,"column":32}},"loc":{"start":{"line":355,"column":41},"end":{"line":375,"column":11}},"line":355},"18":{"name":"validateOperations","decl":{"start":{"line":421,"column":9},"end":{"line":421,"column":27}},"loc":{"start":{"line":421,"column":40},"end":{"line":490,"column":1}},"line":421},"19":{"name":"(anonymous_19)","decl":{"start":{"line":432,"column":21},"end":{"line":432,"column":22}},"loc":{"start":{"line":432,"column":43},"end":{"line":484,"column":3}},"line":432},"20":{"name":"validateData","decl":{"start":{"line":496,"column":22},"end":{"line":496,"column":34}},"loc":{"start":{"line":496,"column":48},"end":{"line":598,"column":1}},"line":496},"21":{"name":"(anonymous_21)","decl":{"start":{"line":510,"column":17},"end":{"line":510,"column":18}},"loc":{"start":{"line":510,"column":33},"end":{"line":574,"column":5}},"line":510},"22":{"name":"(anonymous_22)","decl":{"start":{"line":515,"column":32},"end":{"line":515,"column":33}},"loc":{"start":{"line":515,"column":41},"end":{"line":525,"column":9}},"line":515},"23":{"name":"(anonymous_23)","decl":{"start":{"line":530,"column":45},"end":{"line":530,"column":46}},"loc":{"start":{"line":530,"column":72},"end":{"line":570,"column":9}},"line":530},"24":{"name":"exportCSV","decl":{"start":{"line":610,"column":22},"end":{"line":610,"column":31}},"loc":{"start":{"line":610,"column":45},"end":{"line":692,"column":1}},"line":610},"25":{"name":"(anonymous_25)","decl":{"start":{"line":639,"column":48},"end":{"line":639,"column":49}},"loc":{"start":{"line":639,"column":55},"end":{"line":639,"column":75}},"line":639},"26":{"name":"(anonymous_26)","decl":{"start":{"line":649,"column":17},"end":{"line":649,"column":18}},"loc":{"start":{"line":649,"column":24},"end":{"line":659,"column":5}},"line":649},"27":{"name":"(anonymous_27)","decl":{"start":{"line":650,"column":33},"end":{"line":650,"column":34}},"loc":{"start":{"line":650,"column":43},"end":{"line":657,"column":7}},"line":650},"28":{"name":"summary","decl":{"start":{"line":702,"column":16},"end":{"line":702,"column":23}},"loc":{"start":{"line":702,"column":26},"end":{"line":793,"column":1}},"line":702}},"branchMap":{"0":{"loc":{"start":{"line":24,"column":31},"end":{"line":24,"column":42}},"type":"default-arg","locations":[{"start":{"line":24,"column":40},"end":{"line":24,"column":42}}],"line":24},"1":{"loc":{"start":{"line":28,"column":4},"end":{"line":30,"column":5}},"type":"if","locations":[{"start":{"line":28,"column":4},"end":{"line":30,"column":5}},{"start":{},"end":{}}],"line":28},"2":{"loc":{"start":{"line":36,"column":4},"end":{"line":42,"column":5}},"type":"if","locations":[{"start":{"line":36,"column":4},"end":{"line":42,"column":5}},{"start":{},"end":{}}],"line":36},"3":{"loc":{"start":{"line":45,"column":4},"end":{"line":51,"column":5}},"type":"if","locations":[{"start":{"line":45,"column":4},"end":{"line":51,"column":5}},{"start":{},"end":{}}],"line":45},"4":{"loc":{"start":{"line":56,"column":31},"end":{"line":56,"column":77}},"type":"binary-expr","locations":[{"start":{"line":56,"column":31},"end":{"line":56,"column":40}},{"start":{"line":56,"column":44},"end":{"line":56,"column":77}}],"line":56},"5":{"loc":{"start":{"line":58,"column":4},"end":{"line":66,"column":5}},"type":"if","locations":[{"start":{"line":58,"column":4},"end":{"line":66,"column":5}},{"start":{},"end":{}}],"line":58},"6":{"loc":{"start":{"line":72,"column":4},"end":{"line":78,"column":5}},"type":"if","locations":[{"start":{"line":72,"column":4},"end":{"line":78,"column":5}},{"start":{},"end":{}}],"line":72},"7":{"loc":{"start":{"line":83,"column":4},"end":{"line":89,"column":5}},"type":"if","locations":[{"start":{"line":83,"column":4},"end":{"line":89,"column":5}},{"start":{"line":86,"column":11},"end":{"line":89,"column":5}}],"line":83},"8":{"loc":{"start":{"line":92,"column":4},"end":{"line":98,"column":5}},"type":"if","locations":[{"start":{"line":92,"column":4},"end":{"line":98,"column":5}},{"start":{},"end":{}}],"line":92},"9":{"loc":{"start":{"line":110,"column":8},"end":{"line":113,"column":9}},"type":"if","locations":[{"start":{"line":110,"column":8},"end":{"line":113,"column":9}},{"start":{},"end":{}}],"line":110},"10":{"loc":{"start":{"line":117,"column":24},"end":{"line":117,"column":45}},"type":"binary-expr","locations":[{"start":{"line":117,"column":24},"end":{"line":117,"column":37}},{"start":{"line":117,"column":41},"end":{"line":117,"column":45}}],"line":117},"11":{"loc":{"start":{"line":120,"column":29},"end":{"line":120,"column":46}},"type":"cond-expr","locations":[{"start":{"line":120,"column":41},"end":{"line":120,"column":42}},{"start":{"line":120,"column":45},"end":{"line":120,"column":46}}],"line":120},"12":{"loc":{"start":{"line":124,"column":10},"end":{"line":124,"column":59}},"type":"binary-expr","locations":[{"start":{"line":124,"column":10},"end":{"line":124,"column":22}},{"start":{"line":124,"column":26},"end":{"line":124,"column":36}},{"start":{"line":124,"column":40},"end":{"line":124,"column":59}}],"line":124},"13":{"loc":{"start":{"line":127,"column":8},"end":{"line":129,"column":9}},"type":"if","locations":[{"start":{"line":127,"column":8},"end":{"line":129,"column":9}},{"start":{},"end":{}}],"line":127},"14":{"loc":{"start":{"line":153,"column":16},"end":{"line":153,"column":54}},"type":"cond-expr","locations":[{"start":{"line":153,"column":36},"end":{"line":153,"column":42}},{"start":{"line":153,"column":45},"end":{"line":153,"column":54}}],"line":153},"15":{"loc":{"start":{"line":172,"column":28},"end":{"line":172,"column":43}},"type":"default-arg","locations":[{"start":{"line":172,"column":40},"end":{"line":172,"column":43}}],"line":172},"16":{"loc":{"start":{"line":181,"column":4},"end":{"line":195,"column":5}},"type":"if","locations":[{"start":{"line":181,"column":4},"end":{"line":195,"column":5}},{"start":{"line":190,"column":11},"end":{"line":195,"column":5}}],"line":181},"17":{"loc":{"start":{"line":182,"column":6},"end":{"line":189,"column":7}},"type":"if","locations":[{"start":{"line":182,"column":6},"end":{"line":189,"column":7}},{"start":{"line":187,"column":13},"end":{"line":189,"column":7}}],"line":182},"18":{"loc":{"start":{"line":182,"column":10},"end":{"line":182,"column":41}},"type":"binary-expr","locations":[{"start":{"line":182,"column":10},"end":{"line":182,"column":18}},{"start":{"line":182,"column":22},"end":{"line":182,"column":41}}],"line":182},"19":{"loc":{"start":{"line":190,"column":11},"end":{"line":195,"column":5}},"type":"if","locations":[{"start":{"line":190,"column":11},"end":{"line":195,"column":5}},{"start":{"line":193,"column":11},"end":{"line":195,"column":5}}],"line":190},"20":{"loc":{"start":{"line":190,"column":15},"end":{"line":190,"column":46}},"type":"binary-expr","locations":[{"start":{"line":190,"column":15},"end":{"line":190,"column":33}},{"start":{"line":190,"column":37},"end":{"line":190,"column":46}}],"line":190},"21":{"loc":{"start":{"line":217,"column":4},"end":{"line":226,"column":5}},"type":"if","locations":[{"start":{"line":217,"column":4},"end":{"line":226,"column":5}},{"start":{},"end":{}}],"line":217},"22":{"loc":{"start":{"line":217,"column":8},"end":{"line":217,"column":59}},"type":"binary-expr","locations":[{"start":{"line":217,"column":8},"end":{"line":217,"column":13}},{"start":{"line":217,"column":17},"end":{"line":217,"column":59}}],"line":217},"23":{"loc":{"start":{"line":229,"column":4},"end":{"line":241,"column":5}},"type":"if","locations":[{"start":{"line":229,"column":4},"end":{"line":241,"column":5}},{"start":{},"end":{}}],"line":229},"24":{"loc":{"start":{"line":231,"column":8},"end":{"line":239,"column":9}},"type":"if","locations":[{"start":{"line":231,"column":8},"end":{"line":239,"column":9}},{"start":{},"end":{}}],"line":231},"25":{"loc":{"start":{"line":254,"column":36},"end":{"line":254,"column":47}},"type":"default-arg","locations":[{"start":{"line":254,"column":45},"end":{"line":254,"column":47}}],"line":254},"26":{"loc":{"start":{"line":258,"column":4},"end":{"line":260,"column":5}},"type":"if","locations":[{"start":{"line":258,"column":4},"end":{"line":260,"column":5}},{"start":{},"end":{}}],"line":258},"27":{"loc":{"start":{"line":263,"column":22},"end":{"line":263,"column":47}},"type":"binary-expr","locations":[{"start":{"line":263,"column":22},"end":{"line":263,"column":38}},{"start":{"line":263,"column":42},"end":{"line":263,"column":47}}],"line":263},"28":{"loc":{"start":{"line":264,"column":22},"end":{"line":264,"column":46}},"type":"binary-expr","locations":[{"start":{"line":264,"column":22},"end":{"line":264,"column":38}},{"start":{"line":264,"column":42},"end":{"line":264,"column":46}}],"line":264},"29":{"loc":{"start":{"line":268,"column":4},"end":{"line":274,"column":5}},"type":"if","locations":[{"start":{"line":268,"column":4},"end":{"line":274,"column":5}},{"start":{},"end":{}}],"line":268},"30":{"loc":{"start":{"line":277,"column":31},"end":{"line":277,"column":63}},"type":"binary-expr","locations":[{"start":{"line":277,"column":31},"end":{"line":277,"column":40}},{"start":{"line":277,"column":44},"end":{"line":277,"column":63}}],"line":277},"31":{"loc":{"start":{"line":279,"column":4},"end":{"line":282,"column":5}},"type":"if","locations":[{"start":{"line":279,"column":4},"end":{"line":282,"column":5}},{"start":{},"end":{}}],"line":279},"32":{"loc":{"start":{"line":291,"column":6},"end":{"line":391,"column":7}},"type":"switch","locations":[{"start":{"line":292,"column":6},"end":{"line":311,"column":14}},{"start":{"line":313,"column":6},"end":{"line":325,"column":14}},{"start":{"line":327,"column":6},"end":{"line":351,"column":14}},{"start":{"line":353,"column":6},"end":{"line":383,"column":14}},{"start":{"line":385,"column":6},"end":{"line":390,"column":11}}],"line":291},"33":{"loc":{"start":{"line":293,"column":8},"end":{"line":310,"column":9}},"type":"if","locations":[{"start":{"line":293,"column":8},"end":{"line":310,"column":9}},{"start":{},"end":{}}],"line":293},"34":{"loc":{"start":{"line":298,"column":38},"end":{"line":298,"column":52}},"type":"binary-expr","locations":[{"start":{"line":298,"column":38},"end":{"line":298,"column":46}},{"start":{"line":298,"column":50},"end":{"line":298,"column":52}}],"line":298},"35":{"loc":{"start":{"line":314,"column":8},"end":{"line":324,"column":9}},"type":"if","locations":[{"start":{"line":314,"column":8},"end":{"line":324,"column":9}},{"start":{},"end":{}}],"line":314},"36":{"loc":{"start":{"line":314,"column":12},"end":{"line":314,"column":27}},"type":"binary-expr","locations":[{"start":{"line":314,"column":12},"end":{"line":314,"column":18}},{"start":{"line":314,"column":22},"end":{"line":314,"column":27}}],"line":314},"37":{"loc":{"start":{"line":317,"column":66},"end":{"line":317,"column":80}},"type":"binary-expr","locations":[{"start":{"line":317,"column":66},"end":{"line":317,"column":74}},{"start":{"line":317,"column":78},"end":{"line":317,"column":80}}],"line":317},"38":{"loc":{"start":{"line":328,"column":8},"end":{"line":350,"column":9}},"type":"if","locations":[{"start":{"line":328,"column":8},"end":{"line":350,"column":9}},{"start":{},"end":{}}],"line":328},"39":{"loc":{"start":{"line":337,"column":17},"end":{"line":337,"column":111}},"type":"cond-expr","locations":[{"start":{"line":337,"column":44},"end":{"line":337,"column":107}},{"start":{"line":337,"column":110},"end":{"line":337,"column":111}}],"line":337},"40":{"loc":{"start":{"line":338,"column":17},"end":{"line":338,"column":77}},"type":"cond-expr","locations":[{"start":{"line":338,"column":44},"end":{"line":338,"column":70}},{"start":{"line":338,"column":73},"end":{"line":338,"column":77}}],"line":338},"41":{"loc":{"start":{"line":339,"column":17},"end":{"line":339,"column":77}},"type":"cond-expr","locations":[{"start":{"line":339,"column":44},"end":{"line":339,"column":70}},{"start":{"line":339,"column":73},"end":{"line":339,"column":77}}],"line":339},"42":{"loc":{"start":{"line":354,"column":8},"end":{"line":382,"column":9}},"type":"if","locations":[{"start":{"line":354,"column":8},"end":{"line":382,"column":9}},{"start":{},"end":{}}],"line":354},"43":{"loc":{"start":{"line":363,"column":12},"end":{"line":365,"column":13}},"type":"if","locations":[{"start":{"line":363,"column":12},"end":{"line":365,"column":13}},{"start":{},"end":{}}],"line":363},"44":{"loc":{"start":{"line":363,"column":16},"end":{"line":363,"column":44}},"type":"binary-expr","locations":[{"start":{"line":363,"column":16},"end":{"line":363,"column":28}},{"start":{"line":363,"column":32},"end":{"line":363,"column":44}}],"line":363},"45":{"loc":{"start":{"line":364,"column":21},"end":{"line":364,"column":65}},"type":"cond-expr","locations":[{"start":{"line":364,"column":40},"end":{"line":364,"column":51}},{"start":{"line":364,"column":54},"end":{"line":364,"column":65}}],"line":364},"46":{"loc":{"start":{"line":368,"column":32},"end":{"line":368,"column":42}},"type":"binary-expr","locations":[{"start":{"line":368,"column":32},"end":{"line":368,"column":36}},{"start":{"line":368,"column":40},"end":{"line":368,"column":42}}],"line":368},"47":{"loc":{"start":{"line":369,"column":32},"end":{"line":369,"column":42}},"type":"binary-expr","locations":[{"start":{"line":369,"column":32},"end":{"line":369,"column":36}},{"start":{"line":369,"column":40},"end":{"line":369,"column":42}}],"line":369},"48":{"loc":{"start":{"line":371,"column":12},"end":{"line":373,"column":13}},"type":"if","locations":[{"start":{"line":371,"column":12},"end":{"line":373,"column":13}},{"start":{},"end":{}}],"line":371},"49":{"loc":{"start":{"line":378,"column":49},"end":{"line":378,"column":63}},"type":"binary-expr","locations":[{"start":{"line":378,"column":49},"end":{"line":378,"column":54}},{"start":{"line":378,"column":58},"end":{"line":378,"column":63}}],"line":378},"50":{"loc":{"start":{"line":380,"column":19},"end":{"line":380,"column":33}},"type":"binary-expr","locations":[{"start":{"line":380,"column":19},"end":{"line":380,"column":24}},{"start":{"line":380,"column":28},"end":{"line":380,"column":33}}],"line":380},"51":{"loc":{"start":{"line":425,"column":2},"end":{"line":430,"column":3}},"type":"if","locations":[{"start":{"line":425,"column":2},"end":{"line":430,"column":3}},{"start":{},"end":{}}],"line":425},"52":{"loc":{"start":{"line":433,"column":4},"end":{"line":440,"column":5}},"type":"if","locations":[{"start":{"line":433,"column":4},"end":{"line":440,"column":5}},{"start":{},"end":{}}],"line":433},"53":{"loc":{"start":{"line":433,"column":8},"end":{"line":433,"column":51}},"type":"binary-expr","locations":[{"start":{"line":433,"column":8},"end":{"line":433,"column":18}},{"start":{"line":433,"column":22},"end":{"line":433,"column":51}}],"line":433},"54":{"loc":{"start":{"line":442,"column":4},"end":{"line":449,"column":5}},"type":"if","locations":[{"start":{"line":442,"column":4},"end":{"line":449,"column":5}},{"start":{},"end":{}}],"line":442},"55":{"loc":{"start":{"line":442,"column":8},"end":{"line":442,"column":63}},"type":"binary-expr","locations":[{"start":{"line":442,"column":8},"end":{"line":442,"column":23}},{"start":{"line":442,"column":27},"end":{"line":442,"column":63}}],"line":442},"56":{"loc":{"start":{"line":452,"column":4},"end":{"line":483,"column":5}},"type":"switch","locations":[{"start":{"line":453,"column":4},"end":{"line":461,"column":12}},{"start":{"line":463,"column":4},"end":{"line":471,"column":12}},{"start":{"line":473,"column":4},"end":{"line":473,"column":21}},{"start":{"line":474,"column":4},"end":{"line":482,"column":12}}],"line":452},"57":{"loc":{"start":{"line":454,"column":6},"end":{"line":460,"column":7}},"type":"if","locations":[{"start":{"line":454,"column":6},"end":{"line":460,"column":7}},{"start":{},"end":{}}],"line":454},"58":{"loc":{"start":{"line":464,"column":6},"end":{"line":470,"column":7}},"type":"if","locations":[{"start":{"line":464,"column":6},"end":{"line":470,"column":7}},{"start":{},"end":{}}],"line":464},"59":{"loc":{"start":{"line":464,"column":10},"end":{"line":464,"column":47}},"type":"binary-expr","locations":[{"start":{"line":464,"column":10},"end":{"line":464,"column":27}},{"start":{"line":464,"column":31},"end":{"line":464,"column":47}}],"line":464},"60":{"loc":{"start":{"line":475,"column":6},"end":{"line":481,"column":7}},"type":"if","locations":[{"start":{"line":475,"column":6},"end":{"line":481,"column":7}},{"start":{},"end":{}}],"line":475},"61":{"loc":{"start":{"line":496,"column":35},"end":{"line":496,"column":46}},"type":"default-arg","locations":[{"start":{"line":496,"column":44},"end":{"line":496,"column":46}}],"line":496},"62":{"loc":{"start":{"line":500,"column":4},"end":{"line":502,"column":5}},"type":"if","locations":[{"start":{"line":500,"column":4},"end":{"line":502,"column":5}},{"start":{},"end":{}}],"line":500},"63":{"loc":{"start":{"line":514,"column":6},"end":{"line":526,"column":7}},"type":"if","locations":[{"start":{"line":514,"column":6},"end":{"line":526,"column":7}},{"start":{},"end":{}}],"line":514},"64":{"loc":{"start":{"line":516,"column":10},"end":{"line":524,"column":11}},"type":"if","locations":[{"start":{"line":516,"column":10},"end":{"line":524,"column":11}},{"start":{},"end":{}}],"line":516},"65":{"loc":{"start":{"line":516,"column":14},"end":{"line":516,"column":46}},"type":"binary-expr","locations":[{"start":{"line":516,"column":14},"end":{"line":516,"column":25}},{"start":{"line":516,"column":29},"end":{"line":516,"column":46}}],"line":516},"66":{"loc":{"start":{"line":529,"column":6},"end":{"line":571,"column":7}},"type":"if","locations":[{"start":{"line":529,"column":6},"end":{"line":571,"column":7}},{"start":{},"end":{}}],"line":529},"67":{"loc":{"start":{"line":531,"column":10},"end":{"line":569,"column":11}},"type":"if","locations":[{"start":{"line":531,"column":10},"end":{"line":569,"column":11}},{"start":{},"end":{}}],"line":531},"68":{"loc":{"start":{"line":531,"column":14},"end":{"line":531,"column":45}},"type":"binary-expr","locations":[{"start":{"line":531,"column":14},"end":{"line":531,"column":24}},{"start":{"line":531,"column":28},"end":{"line":531,"column":45}}],"line":531},"69":{"loc":{"start":{"line":535,"column":12},"end":{"line":558,"column":13}},"type":"switch","locations":[{"start":{"line":536,"column":12},"end":{"line":540,"column":20}},{"start":{"line":541,"column":12},"end":{"line":547,"column":13}},{"start":{"line":548,"column":12},"end":{"line":552,"column":20}},{"start":{"line":553,"column":12},"end":{"line":557,"column":20}}],"line":535},"70":{"loc":{"start":{"line":537,"column":14},"end":{"line":539,"column":15}},"type":"if","locations":[{"start":{"line":537,"column":14},"end":{"line":539,"column":15}},{"start":{},"end":{}}],"line":537},"71":{"loc":{"start":{"line":543,"column":14},"end":{"line":545,"column":15}},"type":"if","locations":[{"start":{"line":543,"column":14},"end":{"line":545,"column":15}},{"start":{},"end":{}}],"line":543},"72":{"loc":{"start":{"line":549,"column":14},"end":{"line":551,"column":15}},"type":"if","locations":[{"start":{"line":549,"column":14},"end":{"line":551,"column":15}},{"start":{},"end":{}}],"line":549},"73":{"loc":{"start":{"line":554,"column":14},"end":{"line":556,"column":15}},"type":"if","locations":[{"start":{"line":554,"column":14},"end":{"line":556,"column":15}},{"start":{},"end":{}}],"line":554},"74":{"loc":{"start":{"line":560,"column":12},"end":{"line":568,"column":13}},"type":"if","locations":[{"start":{"line":560,"column":12},"end":{"line":568,"column":13}},{"start":{},"end":{}}],"line":560},"75":{"loc":{"start":{"line":573,"column":6},"end":{"line":573,"column":32}},"type":"if","locations":[{"start":{"line":573,"column":6},"end":{"line":573,"column":32}},{"start":{},"end":{}}],"line":573},"76":{"loc":{"start":{"line":584,"column":21},"end":{"line":584,"column":85}},"type":"cond-expr","locations":[{"start":{"line":584,"column":39},"end":{"line":584,"column":81}},{"start":{"line":584,"column":84},"end":{"line":584,"column":85}}],"line":584},"77":{"loc":{"start":{"line":588,"column":16},"end":{"line":588,"column":32}},"type":"binary-expr","locations":[{"start":{"line":588,"column":16},"end":{"line":588,"column":22}},{"start":{"line":588,"column":26},"end":{"line":588,"column":32}}],"line":588},"78":{"loc":{"start":{"line":610,"column":32},"end":{"line":610,"column":43}},"type":"default-arg","locations":[{"start":{"line":610,"column":41},"end":{"line":610,"column":43}}],"line":610},"79":{"loc":{"start":{"line":614,"column":4},"end":{"line":616,"column":5}},"type":"if","locations":[{"start":{"line":614,"column":4},"end":{"line":616,"column":5}},{"start":{},"end":{}}],"line":614},"80":{"loc":{"start":{"line":622,"column":4},"end":{"line":628,"column":5}},"type":"if","locations":[{"start":{"line":622,"column":4},"end":{"line":628,"column":5}},{"start":{},"end":{}}],"line":622},"81":{"loc":{"start":{"line":630,"column":4},"end":{"line":636,"column":5}},"type":"if","locations":[{"start":{"line":630,"column":4},"end":{"line":636,"column":5}},{"start":{},"end":{}}],"line":630},"82":{"loc":{"start":{"line":644,"column":4},"end":{"line":646,"column":5}},"type":"if","locations":[{"start":{"line":644,"column":4},"end":{"line":646,"column":5}},{"start":{},"end":{}}],"line":644},"83":{"loc":{"start":{"line":651,"column":20},"end":{"line":651,"column":37}},"type":"binary-expr","locations":[{"start":{"line":651,"column":20},"end":{"line":651,"column":31}},{"start":{"line":651,"column":35},"end":{"line":651,"column":37}}],"line":651},"84":{"loc":{"start":{"line":653,"column":8},"end":{"line":655,"column":9}},"type":"if","locations":[{"start":{"line":653,"column":8},"end":{"line":655,"column":9}},{"start":{},"end":{}}],"line":653},"85":{"loc":{"start":{"line":653,"column":12},"end":{"line":653,"column":76}},"type":"binary-expr","locations":[{"start":{"line":653,"column":12},"end":{"line":653,"column":45}},{"start":{"line":653,"column":49},"end":{"line":653,"column":76}}],"line":653},"86":{"loc":{"start":{"line":665,"column":4},"end":{"line":667,"column":5}},"type":"if","locations":[{"start":{"line":665,"column":4},"end":{"line":667,"column":5}},{"start":{},"end":{}}],"line":665}},"s":{"0":0,"1":0,"2":0,"3":0,"4":0,"5":0,"6":0,"7":0,"8":0,"9":0,"10":0,"11":0,"12":0,"13":0,"14":0,"15":0,"16":0,"17":0,"18":0,"19":0,"20":0,"21":0,"22":0,"23":0,"24":0,"25":0,"26":0,"27":0,"28":0,"29":0,"30":0,"31":0,"32":0,"33":0,"34":0,"35":0,"36":0,"37":0,"38":0,"39":0,"40":0,"41":0,"42":0,"43":0,"44":0,"45":0,"46":0,"47":0,"48":0,"49":0,"50":0,"51":0,"52":0,"53":0,"54":0,"55":0,"56":0,"57":0,"58":0,"59":0,"60":0,"61":0,"62":0,"63":0,"64":0,"65":0,"66":0,"67":0,"68":0,"69":0,"70":0,"71":0,"72":0,"73":0,"74":0,"75":0,"76":0,"77":0,"78":0,"79":0,"80":0,"81":0,"82":0,"83":0,"84":0,"85":0,"86":0,"87":0,"88":0,"89":0,"90":0,"91":0,"92":0,"93":0,"94":0,"95":0,"96":0,"97":0,"98":0,"99":0,"100":0,"101":0,"102":0,"103":0,"104":0,"105":0,"106":0,"107":0,"108":0,"109":0,"110":0,"111":0,"112":0,"113":0,"114":0,"115":0,"116":0,"117":0,"118":0,"119":0,"120":0,"121":0,"122":0,"123":0,"124":0,"125":0,"126":0,"127":0,"128":0,"129":0,"130":0,"131":0,"132":0,"133":0,"134":0,"135":0,"136":0,"137":0,"138":0,"139":0,"140":0,"141":0,"142":0,"143":0,"144":0,"145":0,"146":0,"147":0,"148":0,"149":0,"150":0,"151":0,"152":0,"153":0,"154":0,"155":0,"156":0,"157":0,"158":0,"159":0,"160":0,"161":0,"162":0,"163":0,"164":0,"165":0,"166":0,"167":0,"168":0,"169":0,"170":0,"171":0,"172":0,"173":0,"174":0,"175":0,"176":0,"177":0,"178":0,"179":0,"180":0,"181":0,"182":0,"183":0,"184":0,"185":0,"186":0,"187":0,"188":0,"189":0,"190":0,"191":0,"192":0,"193":0,"194":0,"195":0,"196":0,"197":0,"198":0,"199":0,"200":0,"201":0,"202":0,"203":0,"204":0,"205":0,"206":0,"207":0,"208":0,"209":0,"210":0,"211":0,"212":0,"213":0,"214":0,"215":0,"216":0,"217":0,"218":0,"219":0,"220":0,"221":0,"222":0,"223":0,"224":0,"225":0,"226":0,"227":0,"228":0,"229":0,"230":0,"231":0,"232":0,"233":0,"234":0,"235":0},"f":{"0":0,"1":0,"2":0,"3":0,"4":0,"5":0,"6":0,"7":0,"8":0,"9":0,"10":0,"11":0,"12":0,"13":0,"14":0,"15":0,"16":0,"17":0,"18":0,"19":0,"20":0,"21":0,"22":0,"23":0,"24":0,"25":0,"26":0,"27":0,"28":0},"b":{"0":[0],"1":[0,0],"2":[0,0],"3":[0,0],"4":[0,0],"5":[0,0],"6":[0,0],"7":[0,0],"8":[0,0],"9":[0,0],"10":[0,0],"11":[0,0],"12":[0,0,0],"13":[0,0],"14":[0,0],"15":[0],"16":[0,0],"17":[0,0],"18":[0,0],"19":[0,0],"20":[0,0],"21":[0,0],"22":[0,0],"23":[0,0],"24":[0,0],"25":[0],"26":[0,0],"27":[0,0],"28":[0,0],"29":[0,0],"30":[0,0],"31":[0,0],"32":[0,0,0,0,0],"33":[0,0],"34":[0,0],"35":[0,0],"36":[0,0],"37":[0,0],"38":[0,0],"39":[0,0],"40":[0,0],"41":[0,0],"42":[0,0],"43":[0,0],"44":[0,0],"45":[0,0],"46":[0,0],"47":[0,0],"48":[0,0],"49":[0,0],"50":[0,0],"51":[0,0],"52":[0,0],"53":[0,0],"54":[0,0],"55":[0,0],"56":[0,0,0,0],"57":[0,0],"58":[0,0],"59":[0,0],"60":[0,0],"61":[0],"62":[0,0],"63":[0,0],"64":[0,0],"65":[0,0],"66":[0,0],"67":[0,0],"68":[0,0],"69":[0,0,0,0],"70":[0,0],"71":[0,0],"72":[0,0],"73":[0,0],"74":[0,0],"75":[0,0],"76":[0,0],"77":[0,0],"78":[0],"79":[0,0],"80":[0,0]
[...]
ine":89,"column":8},"end":{"line":92,"column":10}},"11":{"start":{"line":95,"column":6},"end":{"line":100,"column":7}},"12":{"start":{"line":96,"column":8},"end":{"line":99,"column":10}},"13":{"start":{"line":104,"column":4},"end":{"line":118,"column":5}},"14":{"start":{"line":105,"column":6},"end":{"line":110,"column":7}},"15":{"start":{"line":106,"column":8},"end":{"line":109,"column":10}},"16":{"start":{"line":112,"column":6},"end":{"line":117,"column":7}},"17":{"start":{"line":113,"column":8},"end":{"line":116,"column":10}},"18":{"start":{"line":120,"column":4},"end":{"line":120,"column":45}},"19":{"start":{"line":122,"column":4},"end":{"line":125,"column":6}},"20":{"start":{"line":136,"column":17},"end":{"line":136,"column":19}},"21":{"start":{"line":137,"column":20},"end":{"line":137,"column":22}},"22":{"start":{"line":139,"column":2},"end":{"line":151,"column":3}},"23":{"start":{"line":140,"column":4},"end":{"line":150,"column":5}},"24":{"start":{"line":141,"column":25},"end":{"line":141,"column":69}},"25":{"start":{"line":143,"column":6},"end":{"line":147,"column":7}},"26":{"start":{"line":144,"column":8},"end":{"line":144,"column":38}},"27":{"start":{"line":146,"column":8},"end":{"line":146,"column":46}},"28":{"start":{"line":148,"column":11},"end":{"line":150,"column":5}},"29":{"start":{"line":149,"column":6},"end":{"line":149,"column":40}},"30":{"start":{"line":153,"column":2},"end":{"line":157,"column":4}},"31":{"start":{"line":166,"column":2},"end":{"line":176,"column":5}},"32":{"start":{"line":187,"column":2},"end":{"line":187,"column":53}},"33":{"start":{"line":188,"column":2},"end":{"line":188,"column":43}},"34":{"start":{"line":189,"column":2},"end":{"line":189,"column":53}},"35":{"start":{"line":190,"column":2},"end":{"line":190,"column":70}},"36":{"start":{"line":191,"column":2},"end":{"line":191,"column":82}},"37":{"start":{"line":194,"column":2},"end":{"line":194,"column":35}},"38":{"start":{"line":196,"column":2},"end":{"line":196,"column":9}},"39":{"start":{"line":206,"column":2},"end":{"line":228,"column":3}},"40":{"start":{"line":208,"column":4},"end":{"line":210,"column":5}},"41":{"start":{"line":209,"column":6},"end":{"line":209,"column":42}},"42":{"start":{"line":213,"column":4},"end":{"line":215,"column":5}},"43":{"start":{"line":214,"column":6},"end":{"line":214,"column":44}},"44":{"start":{"line":218,"column":4},"end":{"line":220,"column":5}},"45":{"start":{"line":219,"column":6},"end":{"line":219,"column":46}},"46":{"start":{"line":222,"column":4},"end":{"line":222,"column":11}},"47":{"start":{"line":224,"column":4},"end":{"line":227,"column":7}},"48":{"start":{"line":237,"column":2},"end":{"line":239,"column":3}},"49":{"start":{"line":238,"column":4},"end":{"line":238,"column":15}},"50":{"start":{"line":241,"column":2},"end":{"line":245,"column":3}},"51":{"start":{"line":242,"column":4},"end":{"line":244,"column":6}},"52":{"start":{"line":243,"column":6},"end":{"line":243,"column":76}},"53":{"start":{"line":247,"column":2},"end":{"line":261,"column":3}},"54":{"start":{"line":248,"column":22},"end":{"line":248,"column":24}},"55":{"start":{"line":250,"column":4},"end":{"line":258,"column":5}},"56":{"start":{"line":251,"column":27},"end":{"line":251,"column":46}},"57":{"start":{"line":253,"column":6},"end":{"line":257,"column":7}},"58":{"start":{"line":254,"column":8},"end":{"line":254,"column":56}},"59":{"start":{"line":256,"column":8},"end":{"line":256,"column":56}},"60":{"start":{"line":260,"column":4},"end":{"line":260,"column":21}},"61":{"start":{"line":263,"column":2},"end":{"line":263,"column":29}},"62":{"start":{"line":272,"column":2},"end":{"line":274,"column":3}},"63":{"start":{"line":273,"column":4},"end":{"line":273,"column":17}},"64":{"start":{"line":277,"column":2},"end":{"line":283,"column":12}},"65":{"start":{"line":293,"column":2},"end":{"line":331,"column":3}},"66":{"start":{"line":294,"column":30},"end":{"line":294,"column":38}},"67":{"start":{"line":296,"column":4},"end":{"line":301,"column":5}},"68":{"start":{"line":297,"column":6},"end":{"line":300,"column":9}},"69":{"start":{"line":304,"column":23},"end":{"line":308,"column":5}},"70":{"start":{"line":310,"column":4},"end":{"line":315,"column":5}},"71":{"start":{"line":311,"column":6},"end":{"line":314,"column":9}},"72":{"start":{"line":318,"column":4},"end":{"line":323,"column":5}},"73":{"start":{"line":319,"column":6},"end":{"line":322,"column":9}},"74":{"start":{"line":325,"column":4},"end":{"line":325,"column":11}},"75":{"start":{"line":327,"column":4},"end":{"line":330,"column":7}},"76":{"start":{"line":339,"column":2},"end":{"line":339,"column":48}},"77":{"start":{"line":349,"column":21},"end":{"line":349,"column":67}},"78":{"start":{"line":350,"column":15},"end":{"line":350,"column":42}},"79":{"start":{"line":351,"column":2},"end":{"line":351,"column":33}},"80":{"start":{"line":352,"column":2},"end":{"line":352,"column":28}},"81":{"start":{"line":363,"column":23},"end":{"line":363,"column":52}},"82":{"start":{"line":364,"column":2},"end":{"line":367,"column":4}},"83":{"start":{"line":377,"column":19},"end":{"line":384,"column":3}},"84":{"start":{"line":387,"column":2},"end":{"line":387,"column":50}},"85":{"start":{"line":395,"column":30},"end":{"line":419,"column":1}}},"fnMap":{"0":{"name":"validateInput","decl":{"start":{"line":62,"column":16},"end":{"line":62,"column":29}},"loc":{"start":{"line":62,"column":66},"end":{"line":127,"column":1}},"line":62},"1":{"name":"validateRequestParams","decl":{"start":{"line":135,"column":16},"end":{"line":135,"column":37}},"loc":{"start":{"line":135,"column":54},"end":{"line":158,"column":1}},"line":135},"2":{"name":"createRateLimit","decl":{"start":{"line":165,"column":16},"end":{"line":165,"column":31}},"loc":{"start":{"line":165,"column":46},"end":{"line":177,"column":1}},"line":165},"3":{"name":"securityHeaders","decl":{"start":{"line":185,"column":16},"end":{"line":185,"column":31}},"loc":{"start":{"line":185,"column":48},"end":{"line":197,"column":1}},"line":185},"4":{"name":"sanitizeRequest","decl":{"start":{"line":205,"column":16},"end":{"line":205,"column":31}},"loc":{"start":{"line":205,"column":48},"end":{"line":229,"column":1}},"line":205},"5":{"name":"sanitizeObject","decl":{"start":{"line":236,"column":9},"end":{"line":236,"column":23}},"loc":{"start":{"line":236,"column":29},"end":{"line":264,"column":1}},"line":236},"6":{"name":"(anonymous_6)","decl":{"start":{"line":242,"column":19},"end":{"line":242,"column":20}},"loc":{"start":{"line":243,"column":6},"end":{"line":243,"column":76}},"line":243},"7":{"name":"sanitizeString","decl":{"start":{"line":271,"column":9},"end":{"line":271,"column":23}},"loc":{"start":{"line":271,"column":31},"end":{"line":284,"column":1}},"line":271},"8":{"name":"validateApiKey","decl":{"start":{"line":292,"column":16},"end":{"line":292,"column":30}},"loc":{"start":{"line":292,"column":47},"end":{"line":332,"column":1}},"line":292},"9":{"name":"generateSecureToken","decl":{"start":{"line":338,"column":16},"end":{"line":338,"column":35}},"loc":{"start":{"line":338,"column":38},"end":{"line":340,"column":1}},"line":338},"10":{"name":"hashSensitiveData","decl":{"start":{"line":348,"column":16},"end":{"line":348,"column":33}},"loc":{"start":{"line":348,"column":53},"end":{"line":353,"column":1}},"line":348},"11":{"name":"verifyHashedData","decl":{"start":{"line":362,"column":16},"end":{"line":362,"column":32}},"loc":{"start":{"line":362,"column":51},"end":{"line":368,"column":1}},"line":362},"12":{"name":"auditLog","decl":{"start":{"line":376,"column":16},"end":{"line":376,"column":24}},"loc":{"start":{"line":376,"column":53},"end":{"line":390,"column":1}},"line":376}},"branchMap":{"0":{"loc":{"start":{"line":62,"column":45},"end":{"line":62,"column":64}},"type":"default-arg","locations":[{"start":{"line":62,"column":57},"end":{"line":62,"column":64}}],"line":62},"1":{"loc":{"start":{"line":65,"column":4},"end":{"line":70,"column":5}},"type":"if","locations":[{"start":{"line":65,"column":4},"end":{"line":70,"column":5}},{"start":{},"end":{}}],"line":65},"2":{"loc":{"start":{"line":65,"column":8},"end":{"line":65,"column":51}},"type":"binary-expr","locations":[{"start":{"line":65,"column":8},"end":{"line":65,"column":19}},{"start":{"line":65,"column":23},"end":{"line":65,"column":51}}],"line":65},"3":{"loc":{"start":{"line":73,"column":4},"end":{"line":101,"column":5}},"type":"if","locations":[{"start":{"line":73,"column":4},"end":{"line":101,"column":5}},{"start":{},"end":{}}],"line":73},"4":{"loc":{"start":{"line":74,"column":6},"end":{"line":79,"column":7}},"type":"if","locations":[{"start":{"line":74,"column":6},"end":{"line":79,"column":7}},{"start":{},"end":{}}],"line":74},"5":{"loc":{"start":{"line":74,"column":10},"end":{"line":74,"column":61}},"type":"binary-expr","locations":[{"start":{"line":74,"column":10},"end":{"line":74,"column":26}},{"start":{"line":74,"column":30},"end":{"line":74,"column":61}}],"line":74},"6":{"loc":{"start":{"line":81,"column":6},"end":{"line":86,"column":7}},"type":"if","locations":[{"start":{"line":81,"column":6},"end":{"line":86,"column":7}},{"start":{},"end":{}}],"line":81},"7":{"loc":{"start":{"line":81,"column":10},"end":{"line":81,"column":61}},"type":"binary-expr","locations":[{"start":{"line":81,"column":10},"end":{"line":81,"column":26}},{"start":{"line":81,"column":30},"end":{"line":81,"column":61}}],"line":81},"8":{"loc":{"start":{"line":88,"column":6},"end":{"line":93,"column":7}},"type":"if","locations":[{"start":{"line":88,"column":6},"end":{"line":93,"column":7}},{"start":{},"end":{}}],"line":88},"9":{"loc":{"start":{"line":88,"column":10},"end":{"line":88,"column":55}},"type":"binary-expr","locations":[{"start":{"line":88,"column":10},"end":{"line":88,"column":24}},{"start":{"line":88,"column":28},"end":{"line":88,"column":55}}],"line":88},"10":{"loc":{"start":{"line":95,"column":6},"end":{"line":100,"column":7}},"type":"if","locations":[{"start":{"line":95,"column":6},"end":{"line":100,"column":7}},{"start":{},"end":{}}],"line":95},"11":{"loc":{"start":{"line":95,"column":10},"end":{"line":95,"column":53}},"type":"binary-expr","locations":[{"start":{"line":95,"column":10},"end":{"line":95,"column":21}},{"start":{"line":95,"column":25},"end":{"line":95,"column":53}}],"line":95},"12":{"loc":{"start":{"line":104,"column":4},"end":{"line":118,"column":5}},"type":"if","locations":[{"start":{"line":104,"column":4},"end":{"line":118,"column":5}},{"start":{},"end":{}}],"line":104},"13":{"loc":{"start":{"line":105,"column":6},"end":{"line":110,"column":7}},"type":"if","locations":[{"start":{"line":105,"column":6},"end":{"line":110,"column":7}},{"start":{},"end":{}}],"line":105},"14":{"loc":{"start":{"line":105,"column":10},"end":{"line":105,"column":56}},"type":"binary-expr","locations":[{"start":{"line":105,"column":10},"end":{"line":105,"column":34}},{"start":{"line":105,"column":38},"end":{"line":105,"column":56}}],"line":105},"15":{"loc":{"start":{"line":112,"column":6},"end":{"line":117,"column":7}},"type":"if","locations":[{"start":{"line":112,"column":6},"end":{"line":117,"column":7}},{"start":{},"end":{}}],"line":112},"16":{"loc":{"start":{"line":112,"column":10},"end":{"line":112,"column":56}},"type":"binary-expr","locations":[{"start":{"line":112,"column":10},"end":{"line":112,"column":34}},{"start":{"line":112,"column":38},"end":{"line":112,"column":56}}],"line":112},"17":{"loc":{"start":{"line":140,"column":4},"end":{"line":150,"column":5}},"type":"if","locations":[{"start":{"line":140,"column":4},"end":{"line":150,"column":5}},{"start":{"line":148,"column":11},"end":{"line":150,"column":5}}],"line":140},"18":{"loc":{"start":{"line":143,"column":6},"end":{"line":147,"column":7}},"type":"if","locations":[{"start":{"line":143,"column":6},"end":{"line":147,"column":7}},{"start":{"line":145,"column":13},"end":{"line":147,"column":7}}],"line":143},"19":{"loc":{"start":{"line":148,"column":11},"end":{"line":150,"column":5}},"type":"if","locations":[{"start":{"line":148,"column":11},"end":{"line":150,"column":5}},{"start":{},"end":{}}],"line":148},"20":{"loc":{"start":{"line":155,"column":12},"end":{"line":155,"column":50}},"type":"cond-expr","locations":[{"start":{"line":155,"column":32},"end":{"line":155,"column":38}},{"start":{"line":155,"column":41},"end":{"line":155,"column":50}}],"line":155},"21":{"loc":{"start":{"line":165,"column":32},"end":{"line":165,"column":44}},"type":"default-arg","locations":[{"start":{"line":165,"column":42},"end":{"line":165,"column":44}}],"line":165},"22":{"loc":{"start":{"line":167,"column":14},"end":{"line":167,"column":48}},"type":"binary-expr","locations":[{"start":{"line":167,"column":14},"end":{"line":167,"column":30}},{"start":{"line":167,"column":34},"end":{"line":167,"column":48}}],"line":167},"23":{"loc":{"start":{"line":168,"column":9},"end":{"line":168,"column":27}},"type":"binary-expr","locations":[{"start":{"line":168,"column":9},"end":{"line":168,"column":20}},{"start":{"line":168,"column":24},"end":{"line":168,"column":27}}],"line":168},"24":{"loc":{"start":{"line":171,"column":18},"end":{"line":171,"column":52}},"type":"binary-expr","locations":[{"start":{"line":171,"column":18},"end":{"line":171,"column":34}},{"start":{"line":171,"column":38},"end":{"line":171,"column":52}}],"line":171},"25":{"loc":{"start":{"line":208,"column":4},"end":{"line":210,"column":5}},"type":"if","locations":[{"start":{"line":208,"column":4},"end":{"line":210,"column":5}},{"start":{},"end":{}}],"line":208},"26":{"loc":{"start":{"line":208,"column":8},"end":{"line":208,"column":48}},"type":"binary-expr","locations":[{"start":{"line":208,"column":8},"end":{"line":208,"column":16}},{"start":{"line":208,"column":20},"end":{"line":208,"column":48}}],"line":208},"27":{"loc":{"start":{"line":213,"column":4},"end":{"line":215,"column":5}},"type":"if","locations":[{"start":{"line":213,"column":4},"end":{"line":215,"column":5}},{"start":{},"end":{}}],"line":213},"28":{"loc":{"start":{"line":213,"column":8},"end":{"line":213,"column":50}},"type":"binary-expr","locations":[{"start":{"line":213,"column":8},"end":{"line":213,"column":17}},{"start":{"line":213,"column":21},"end":{"line":213,"column":50}}],"line":213},"29":{"loc":{"start":{"line":218,"column":4},"end":{"line":220,"column":5}},"type":"if","locations":[{"start":{"line":218,"column":4},"end":{"line":220,"column":5}},{"start":{},"end":{}}],"line":218},"30":{"loc":{"start":{"line":218,"column":8},"end":{"line":218,"column":52}},"type":"binary-expr","locations":[{"start":{"line":218,"column":8},"end":{"line":218,"column":18}},{"start":{"line":218,"column":22},"end":{"line":218,"column":52}}],"line":218},"31":{"loc":{"start":{"line":237,"column":2},"end":{"line":239,"column":3}},"type":"if","locations":[{"start":{"line":237,"column":2},"end":{"line":239,"column":3}},{"start":{},"end":{}}],"line":237},"32":{"loc":{"start":{"line":237,"column":6},"end":{"line":237,"column":39}},"type":"binary-expr","locations":[{"start":{"line":237,"column":6},"end":{"line":237,"column":18}},{"start":{"line":237,"column":22},"end":{"line":237,"column":39}}],"line":237},"33":{"loc":{"start":{"line":241,"column":2},"end":{"line":245,"column":3}},"type":"if","locations":[{"start":{"line":241,"column":2},"end":{"line":245,"column":3}},{"start":{},"end":{}}],"line":241},"34":{"loc":{"start":{"line":243,"column":6},"end":{"line":243,"column":76}},"type":"cond-expr","locations":[{"start":{"line":243,"column":33},"end":{"line":243,"column":53}},{"start":{"line":243,"column":56},"end":{"line":243,"column":76}}],"line":243},"35":{"loc":{"start":{"line":247,"column":2},"end":{"line":261,"column":3}},"type":"if","locations":[{"start":{"line":247,"column":2},"end":{"line":261,"column":3}},{"start":{},"end":{}}],"line":247},"36":{"loc":{"start":{"line":253,"column":6},"end":{"line":257,"column":7}},"type":"if","locations":[{"start":{"line":253,"column":6},"end":{"line":257,"column":7}},{"start":{"line":255,"column":13},"end":{"line":257,"column":7}}],"line":253},"37":{"loc":{"start":{"line":253,"column":10},"end":{"line":253,"column":53}},"type":"binary-expr","locations":[{"start":{"line":253,"column":10},"end":{"line":253,"column":35}},{"start":{"line":253,"column":39},"end":{"line":253,"column":53}}],"line":253},"38":{"loc":{"start":{"line":272,"column":2},"end":{"line":274,"column":3}},"type":"if","locations":[{"start":{"line":272,"column":2},"end":{"line":274,"column":3}},{"start":{},"end":{}}],"line":272},"39":{"loc":{"start":{"line":296,"column":4},"end":{"line":301,"column":5}},"type":"if","locations":[{"start":{"line":296,"column":4},"end":{"line":301,"column":5}},{"start":{},"end":{}}],"line":296},"40":{"loc":{"start":{"line":310,"column":4},"end":{"line":315,"column":5}},"type":"if","locations":[{"start":{"line":310,"column":4},"end":{"line":315,"column":5}},{"start":{},"end":{}}],"line":310},"41":{"loc":{"start":{"line":318,"column":4},"end":{"line":323,"column":5}},"type":"if","locations":[{"start":{"line":318,"column":4},"end":{"line":323,"column":5}},{"start":{},"end":{}}],"line":318},"42":{"loc":{"start":{"line":348,"column":40},"end":{"line":348,"column":51}},"type":"default-arg","locations":[{"start":{"line":348,"column":47},"end":{"line":348,"column":51}}],"line":348},"43":{"loc":{"start":{"line":349,"column":21},"end":{"line":349,"column":67}},"type":"binary-expr","locations":[{"start":{"line":349,"column":21},"end":{"line":349,"column":25}},{"start":{"line":349,"column":29},"end":{"line":349,"column":67}}],"line":349},"44":{"loc":{"start":{"line":376,"column":41},"end":{"line":376,"column":51}},"type":"default-arg","locations":[{"start":{"line":376,"column":47},"end":{"line":376,"column":51}}],"line":376},"45":{"loc":{"start":{"line":381,"column":8},"end":{"line":381,"column":66}},"type":"cond-expr","locations":[{"start":{"line":381,"column":15},"end":{"line":381,"column":53}},{"start":{"line":381,"column":57},"end":{"line":381,"column":66}}],"line":381},"46":{"loc":{"start":{"line":381,"column":15},"end":{"line":381,"column":53}},"type":"binary-expr","locations":[{"start":{"line":381,"column":15},"end":{"line":381,"column":21}},{"start":{"line":381,"column":25},"end":{"line":381,"column":53}}],"line":381},"47":{"loc":{"start":{"line":382,"column":15},"end":{"line":382,"column":54}},"type":"cond-expr","locations":[{"start":{"line":382,"column":21},"end":{"line":382,"column":42}},{"start":{"line":382,"column":45},"end":{"line":382,"column":54}}],"line":382},"48":{"loc":{"start":{"line":383,"column":15},"end":{"line":383,"column":46}},"type":"cond-expr","locations":[{"start":{"line":383,"column":21},"end":{"line":383,"column":34}},{"start":{"line":383,"column":37},"end":{"line":383,"column":46}}],"line":383}},"s":{"0":0,"1":0,"2":0,"3":0,"4":0,"5":0,"6":0,"7":0,"8":0,"9":0,"10":0,"11":0,"12":0,"13":0,"14":0,"15":0,"16":0,"17":0,"18":0,"19":0,"20":0,"21":0,"22":0,"23":0,"24":0,"25":0,"26":0,"27":0,"28":0,"29":0,"30":0,"31":0,"32":0,"33":0,"34":0,"35":0,"36":0,"37":0,"38":0,"39":0,"40":0,"41":0,"42":0,"43":0,"44":0,"45":0,"46":0,"47":0,"48":0,"49":0,"50":0,"51":0,"52":0,"53":0,"54":0,"55":0,"56":0,"57":0,"58":0,"59":0,"60":0,"61":0,"62":0,"63":0,"64":0,"65":0,"66":0,"67":0,"68":0,"69":0,"70":0,"71":0,"72":0,"73":0,"74":0,"75":0,"76":0,"77":0,"78":0,"79":0,"80":0,"81":0,"82":0,"83":0,"84":0,"85":0},"f":{"0":0,"1":0,"2":0,"3":0,"4":0,"5":0,"6":0,"7":0,"8":0,"9":0,"10":0,"11":0,"12":0},"b":{"0":[0],"1":[0,0],"2":[0,0],"3":[0,0],"4":[0,0],"5":[0,0],"6":[0,0],"7":[0,0],"8":[0,0],"9":[0,0],"10":[0,0],"11":[0,0],"12":[0,0],"13":[0,0],"14":[0,0],"15":[0,0],"16":[0,0],"17":[0,0],"18":[0,0],"19":[0,0],"20":[0,0],"21":[0],"22":[0,0],"23":[0,0],"24":[0,0],"25":[0,0],"26":[0,0],"27":[0,0],"28":[0,0],"29":[0,0],"30":[0,0],"31":[0,0],"32":[0,0],"33":[0,0],"34":[0,0],"35":[0,0],"36":[0,0],"37":[0,0],"38":[0,0],"39":[0,0],"40":[0,0],"41":[0,0],"42":[0],"43":[0,0],"44":[0],"45":[0,0],"46":[0,0],"47":[0,0],"48":[0,0]},"inputSourceMap":null}
}
