TN:
SF:server.js
FN:49,(anonymous_0)
FN:55,(anonymous_1)
FN:71,(anonymous_2)
FN:81,(anonymous_3)
FN:91,(anonymous_4)
FN:101,(anonymous_5)
FN:118,(anonymous_6)
FN:135,(anonymous_7)
FN:145,(anonymous_8)
FN:167,(anonymous_9)
FN:198,(anonymous_10)
FN:209,(anonymous_11)
FNF:12
FNH:0
FNDA:0,(anonymous_0)
FNDA:0,(anonymous_1)
FNDA:0,(anonymous_2)
FNDA:0,(anonymous_3)
FNDA:0,(anonymous_4)
FNDA:0,(anonymous_5)
FNDA:0,(anonymous_6)
FNDA:0,(anonymous_7)
FNDA:0,(anonymous_8)
FNDA:0,(anonymous_9)
FNDA:0,(anonymous_10)
FNDA:0,(anonymous_11)
DA:29,0
DA:30,0
DA:32,0
DA:35,0
DA:36,0
DA:39,0
DA:42,0
DA:43,0
DA:46,0
DA:49,0
DA:50,0
DA:51,0
DA:55,0
DA:56,0
DA:57,0
DA:61,0
DA:71,0
DA:72,0
DA:73,0
DA:74,0
DA:76,0
DA:81,0
DA:82,0
DA:83,0
DA:84,0
DA:86,0
DA:91,0
DA:92,0
DA:93,0
DA:94,0
DA:96,0
DA:101,0
DA:102,0
DA:103,0
DA:105,0
DA:114,0
DA:118,0
DA:119,0
DA:120,0
DA:121,0
DA:123,0
DA:127,0
DA:128,0
DA:130,0
DA:135,0
DA:136,0
DA:137,0
DA:138,0
DA:140,0
DA:145,0
DA:146,0
DA:147,0
DA:148,0
DA:150,0
DA:151,0
DA:154,0
DA:155,0
DA:158,0
DA:159,0
DA:161,0
DA:162,0
DA:167,0
DA:168,0
DA:170,0
DA:171,0
DA:172,0
DA:174,0
DA:176,0
DA:177,0
DA:178,0
DA:180,0
DA:184,0
DA:185,0
DA:186,0
DA:188,0
DA:192,0
DA:194,0
DA:198,0
DA:199,0
DA:200,0
DA:201,0
DA:202,0
DA:204,0
DA:208,0
DA:209,0
DA:210,0
DA:211,0
DA:212,0
DA:213,0
LF:89
LH:0
BRDA:103,0,0,0
BRDA:103,0,1,0
BRDA:121,1,0,0
BRDA:121,1,1,0
BRDA:150,2,0,0
BRDA:150,2,1,0
BRDA:154,3,0,0
BRDA:154,3,1,0
BRDA:176,4,0,0
BRDA:176,4,1,0
BRDA:184,5,0,0
BRDA:184,5,1,0
BRDA:208,6,0,0
BRDA:208,6,1,0
BRF:14
BRH:0
end_of_record
TN:
SF:src\agents\ciAgent.js
FN:15,generateTests
FN:68,lint
FN:105,runTests
FN:149,extractFunctions
FN:160,extractClasses
FN:171,generateJestTests
FN:178,(anonymous_6)
FN:186,(anonymous_7)
FN:205,generateMochaTests
FN:210,(anonymous_9)
FN:222,generateVitestTests
FN:226,lintJavaScript
FN:248,(anonymous_12)
FN:249,(anonymous_13)
FN:260,lintPython
FN:277,(anonymous_15)
FN:288,parseTestResults
FN:320,summary
FNF:18
FNH:0
FNDA:0,generateTests
FNDA:0,lint
FNDA:0,runTests
FNDA:0,extractFunctions
FNDA:0,extractClasses
FNDA:0,generateJestTests
FNDA:0,(anonymous_6)
FNDA:0,(anonymous_7)
FNDA:0,generateMochaTests
FNDA:0,(anonymous_9)
FNDA:0,generateVitestTests
FNDA:0,lintJavaScript
FNDA:0,(anonymous_12)
FNDA:0,(anonymous_13)
FNDA:0,lintPython
FNDA:0,(anonymous_15)
FNDA:0,parseTestResults
FNDA:0,summary
DA:8,0
DA:16,0
DA:17,0
DA:19,0
DA:20,0
DA:24,0
DA:25,0
DA:27,0
DA:29,0
DA:31,0
DA:32,0
DA:34,0
DA:35,0
DA:37,0
DA:38,0
DA:40,0
DA:43,0
DA:55,0
DA:69,0
DA:70,0
DA:72,0
DA:73,0
DA:78,0
DA:81,0
DA:82,0
DA:84,0
DA:85,0
DA:87,0
DA:90,0
DA:92,0
DA:106,0
DA:107,0
DA:111,0
DA:113,0
DA:114,0
DA:116,0
DA:117,0
DA:119,0
DA:120,0
DA:122,0
DA:125,0
DA:127,0
DA:129,0
DA:138,0
DA:150,0
DA:156,0
DA:157,0
DA:161,0
DA:167,0
DA:168,0
DA:172,0
DA:176,0
DA:178,0
DA:179,0
DA:180,0
DA:181,0
DA:182,0
DA:183,0
DA:186,0
DA:187,0
DA:188,0
DA:189,0
DA:190,0
DA:191,0
DA:192,0
DA:193,0
DA:194,0
DA:195,0
DA:196,0
DA:197,0
DA:198,0
DA:201,0
DA:202,0
DA:206,0
DA:208,0
DA:210,0
DA:211,0
DA:212,0
DA:213,0
DA:214,0
DA:215,0
DA:218,0
DA:219,0
DA:223,0
DA:227,0
DA:229,0
DA:230,0
DA:232,0
DA:237,0
DA:238,0
DA:241,0
DA:242,0
DA:244,0
DA:248,0
DA:249,0
DA:252,0
DA:261,0
DA:262,0
DA:263,0
DA:265,0
DA:269,0
DA:270,0
DA:273,0
DA:277,0
DA:280,0
DA:289,0
DA:298,0
DA:299,0
DA:300,0
DA:301,0
DA:302,0
DA:303,0
DA:304,0
DA:307,0
DA:308,0
DA:309,0
DA:313,0
DA:321,0
DA:322,0
DA:323,0
DA:325,0
DA:326,0
DA:331,0
DA:360,0
LF:124
LH:0
BRDA:15,0,0,0
BRDA:17,1,0,0
BRDA:17,2,0,0
BRDA:19,3,0,0
BRDA:19,3,1,0
BRDA:29,4,0,0
BRDA:29,4,1,0
BRDA:29,4,2,0
BRDA:29,4,3,0
BRDA:68,5,0,0
BRDA:70,6,0,0
BRDA:70,7,0,0
BRDA:72,8,0,0
BRDA:72,8,1,0
BRDA:78,9,0,0
BRDA:78,9,1,0
BRDA:78,9,2,0
BRDA:78,9,3,0
BRDA:105,10,0,0
BRDA:107,11,0,0
BRDA:107,12,0,0
BRDA:111,13,0,0
BRDA:111,13,1,0
BRDA:111,13,2,0
BRDA:111,13,3,0
BRDA:113,14,0,0
BRDA:113,14,1,0
BRDA:113,15,0,0
BRDA:113,15,1,0
BRDA:116,16,0,0
BRDA:116,16,1,0
BRDA:119,17,0,0
BRDA:119,17,1,0
BRDA:119,18,0,0
BRDA:119,18,1,0
BRDA:122,19,0,0
BRDA:122,19,1,0
BRDA:132,20,0,0
BRDA:132,20,1,0
BRDA:135,21,0,0
BRDA:135,21,1,0
BRDA:141,22,0,0
BRDA:141,22,1,0
BRDA:142,23,0,0
BRDA:142,23,1,0
BRDA:143,24,0,0
BRDA:143,24,1,0
BRDA:156,25,0,0
BRDA:156,25,1,0
BRDA:157,26,0,0
BRDA:157,26,1,0
BRDA:167,27,0,0
BRDA:167,27,1,0
BRDA:168,28,0,0
BRDA:168,28,1,0
BRDA:172,29,0,0
BRDA:172,29,1,0
BRDA:179,30,0,0
BRDA:179,30,1,0
BRDA:187,31,0,0
BRDA:187,31,1,0
BRDA:211,32,0,0
BRDA:211,32,1,0
BRDA:237,33,0,0
BRDA:237,33,1,0
BRDA:241,34,0,0
BRDA:241,34,1,0
BRDA:242,35,0,0
BRDA:242,35,1,0
BRDA:246,36,0,0
BRDA:246,36,1,0
BRDA:269,37,0,0
BRDA:269,37,1,0
BRDA:275,38,0,0
BRDA:275,38,1,0
BRDA:298,39,0,0
BRDA:298,39,1,0
BRDA:300,40,0,0
BRDA:300,40,1,0
BRDA:308,41,0,0
BRDA:308,41,1,0
BRDA:355,42,0,0
BRDA:355,42,1,0
BRDA:356,43,0,0
BRDA:356,43,1,0
BRF:85
BRH:0
end_of_record
TN:
SF:src\agents\csvAgent.js
FN:24,parseCSV
FN:84,(anonymous_1)
FN:87,(anonymous_2)
FN:116,(anonymous_3)
FN:123,(anonymous_4)
FN:172,parseCSVLine
FN:212,validateRowContent
FN:216,(anonymous_7)
FN:254,transformData
FN:295,(anonymous_9)
FN:297,(anonymous_10)
FN:315,(anonymous_11)
FN:317,(anonymous_12)
FN:330,(anonymous_13)
FN:331,(anonymous_14)
FN:336,(anonymous_15)
FN:337,(anonymous_16)
FN:355,(anonymous_17)
FN:421,validateOperations
FN:432,(anonymous_19)
FN:496,validateData
FN:510,(anonymous_21)
FN:515,(anonymous_22)
FN:530,(anonymous_23)
FN:610,exportCSV
FN:639,(anonymous_25)
FN:649,(anonymous_26)
FN:650,(anonymous_27)
FN:702,summary
FNF:29
FNH:0
FNDA:0,parseCSV
FNDA:0,(anonymous_1)
FNDA:0,(anonymous_2)
FNDA:0,(anonymous_3)
FNDA:0,(anonymous_4)
FNDA:0,parseCSVLine
FNDA:0,validateRowContent
FNDA:0,(anonymous_7)
FNDA:0,transformData
FNDA:0,(anonymous_9)
FNDA:0,(anonymous_10)
FNDA:0,(anonymous_11)
FNDA:0,(anonymous_12)
FNDA:0,(anonymous_13)
FNDA:0,(anonymous_14)
FNDA:0,(anonymous_15)
FNDA:0,(anonymous_16)
FNDA:0,(anonymous_17)
FNDA:0,validateOperations
FNDA:0,(anonymous_19)
FNDA:0,validateData
FNDA:0,(anonymous_21)
FNDA:0,(anonymous_22)
FNDA:0,(anonymous_23)
FNDA:0,exportCSV
FNDA:0,(anonymous_25)
FNDA:0,(anonymous_26)
FNDA:0,(anonymous_27)
FNDA:0,summary
DA:25,0
DA:27,0
DA:28,0
DA:29,0
DA:32,0
DA:35,0
DA:36,0
DA:37,0
DA:45,0
DA:46,0
DA:53,0
DA:56,0
DA:58,0
DA:60,0
DA:69,0
DA:70,0
DA:72,0
DA:73,0
DA:80,0
DA:81,0
DA:83,0
DA:84,0
DA:85,0
DA:87,0
DA:88,0
DA:92,0
DA:93,0
DA:100,0
DA:101,0
DA:103,0
DA:104,0
DA:105,0
DA:106,0
DA:109,0
DA:110,0
DA:111,0
DA:112,0
DA:115,0
DA:116,0
DA:117,0
DA:120,0
DA:123,0
DA:124,0
DA:127,0
DA:128,0
DA:131,0
DA:139,0
DA:158,0
DA:173,0
DA:174,0
DA:175,0
DA:176,0
DA:178,0
DA:179,0
DA:181,0
DA:182,0
DA:184,0
DA:185,0
DA:186,0
DA:188,0
DA:190,0
DA:191,0
DA:192,0
DA:194,0
DA:197,0
DA:201,0
DA:203,0
DA:213,0
DA:216,0
DA:217,0
DA:218,0
DA:229,0
DA:230,0
DA:231,0
DA:232,0
DA:244,0
DA:255,0
DA:257,0
DA:258,0
DA:259,0
DA:262,0
DA:263,0
DA:264,0
DA:267,0
DA:268,0
DA:269,0
DA:277,0
DA:279,0
DA:281,0
DA:285,0
DA:286,0
DA:288,0
DA:289,0
DA:291,0
DA:293,0
DA:294,0
DA:295,0
DA:296,0
DA:297,0
DA:298,0
DA:300,0
DA:302,0
DA:305,0
DA:311,0
DA:314,0
DA:315,0
DA:317,0
DA:319,0
DA:325,0
DA:328,0
DA:329,0
DA:330,0
DA:331,0
DA:333,0
DA:336,0
DA:337,0
DA:343,0
DA:344,0
DA:351,0
DA:354,0
DA:355,0
DA:356,0
DA:357,0
DA:360,0
DA:361,0
DA:363,0
DA:364,0
DA:368,0
DA:369,0
DA:371,0
DA:372,0
DA:374,0
DA:376,0
DA:383,0
DA:386,0
DA:394,0
DA:408,0
DA:422,0
DA:423,0
DA:425,0
DA:426,0
DA:432,0
DA:433,0
DA:434,0
DA:439,0
DA:442,0
DA:443,0
DA:452,0
DA:454,0
DA:455,0
DA:461,0
DA:464,0
DA:465,0
DA:471,0
DA:475,0
DA:476,0
DA:482,0
DA:486,0
DA:497,0
DA:499,0
DA:500,0
DA:501,0
DA:504,0
DA:506,0
DA:507,0
DA:508,0
DA:510,0
DA:511,0
DA:514,0
DA:515,0
DA:516,0
DA:517,0
DA:523,0
DA:529,0
DA:530,0
DA:531,0
DA:532,0
DA:533,0
DA:535,0
DA:537,0
DA:538,0
DA:540,0
DA:542,0
DA:543,0
DA:544,0
DA:546,0
DA:549,0
DA:550,0
DA:552,0
DA:554,0
DA:555,0
DA:557,0
DA:560,0
DA:561,0
DA:567,0
DA:573,0
DA:576,0
DA:592,0
DA:611,0
DA:613,0
DA:614,0
DA:615,0
DA:618,0
DA:621,0
DA:622,0
DA:623,0
DA:630,0
DA:631,0
DA:639,0
DA:642,0
DA:644,0
DA:645,0
DA:649,0
DA:650,0
DA:651,0
DA:653,0
DA:654,0
DA:656,0
DA:658,0
DA:661,0
DA:664,0
DA:665,0
DA:666,0
DA:669,0
DA:671,0
DA:686,0
DA:703,0
DA:704,0
DA:706,0
DA:787,0
LF:230
LH:0
BRDA:24,0,0,0
BRDA:28,1,0,0
BRDA:28,1,1,0
BRDA:36,2,0,0
BRDA:36,2,1,0
BRDA:45,3,0,0
BRDA:45,3,1,0
BRDA:56,4,0,0
BRDA:56,4,1,0
BRDA:58,5,0,0
BRDA:58,5,1,0
BRDA:72,6,0,0
BRDA:72,6,1,0
BRDA:83,7,0,0
BRDA:83,7,1,0
BRDA:92,8,0,0
BRDA:92,8,1,0
BRDA:110,9,0,0
BRDA:110,9,1,0
BRDA:117,10,0,0
BRDA:117,10,1,0
BRDA:120,11,0,0
BRDA:120,11,1,0
BRDA:124,12,0,0
BRDA:124,12,1,0
BRDA:124,12,2,0
BRDA:127,13,0,0
BRDA:127,13,1,0
BRDA:153,14,0,0
BRDA:153,14,1,0
BRDA:172,15,0,0
BRDA:181,16,0,0
BRDA:181,16,1,0
BRDA:182,17,0,0
BRDA:182,17,1,0
BRDA:182,18,0,0
BRDA:182,18,1,0
BRDA:190,19,0,0
BRDA:190,19,1,0
BRDA:190,20,0,0
BRDA:190,20,1,0
BRDA:217,21,0,0
BRDA:217,21,1,0
BRDA:217,22,0,0
BRDA:217,22,1,0
BRDA:229,23,0,0
BRDA:229,23,1,0
BRDA:231,24,0,0
BRDA:231,24,1,0
BRDA:254,25,0,0
BRDA:258,26,0,0
BRDA:258,26,1,0
BRDA:263,27,0,0
BRDA:263,27,1,0
BRDA:264,28,0,0
BRDA:264,28,1,0
BRDA:268,29,0,0
BRDA:268,29,1,0
BRDA:277,30,0,0
BRDA:277,30,1,0
BRDA:279,31,0,0
BRDA:279,31,1,0
BRDA:291,32,0,0
BRDA:291,32,1,0
BRDA:291,32,2,0
BRDA:291,32,3,0
BRDA:291,32,4,0
BRDA:293,33,0,0
BRDA:293,33,1,0
BRDA:298,34,0,0
BRDA:298,34,1,0
BRDA:314,35,0,0
BRDA:314,35,1,0
BRDA:314,36,0,0
BRDA:314,36,1,0
BRDA:317,37,0,0
BRDA:317,37,1,0
BRDA:328,38,0,0
BRDA:328,38,1,0
BRDA:337,39,0,0
BRDA:337,39,1,0
BRDA:338,40,0,0
BRDA:338,40,1,0
BRDA:339,41,0,0
BRDA:339,41,1,0
BRDA:354,42,0,0
BRDA:354,42,1,0
BRDA:363,43,0,0
BRDA:363,43,1,0
BRDA:363,44,0,0
BRDA:363,44,1,0
BRDA:364,45,0,0
BRDA:364,45,1,0
BRDA:368,46,0,0
BRDA:368,46,1,0
BRDA:369,47,0,0
BRDA:369,47,1,0
BRDA:371,48,0,0
BRDA:371,48,1,0
BRDA:378,49,0,0
BRDA:378,49,1,0
BRDA:380,50,0,0
BRDA:380,50,1,0
BRDA:425,51,0,0
BRDA:425,51,1,0
BRDA:433,52,0,0
BRDA:433,52,1,0
BRDA:433,53,0,0
BRDA:433,53,1,0
BRDA:442,54,0,0
BRDA:442,54,1,0
BRDA:442,55,0,0
BRDA:442,55,1,0
BRDA:452,56,0,0
BRDA:452,56,1,0
BRDA:452,56,2,0
BRDA:452,56,3,0
BRDA:454,57,0,0
BRDA:454,57,1,0
BRDA:464,58,0,0
BRDA:464,58,1,0
BRDA:464,59,0,0
BRDA:464,59,1,0
BRDA:475,60,0,0
BRDA:475,60,1,0
BRDA:496,61,0,0
BRDA:500,62,0,0
BRDA:500,62,1,0
BRDA:514,63,0,0
BRDA:514,63,1,0
BRDA:516,64,0,0
BRDA:516,64,1,0
BRDA:516,65,0,0
BRDA:516,65,1,0
BRDA:529,66,0,0
BRDA:529,66,1,0
BRDA:531,67,0,0
BRDA:531,67,1,0
BRDA:531,68,0,0
BRDA:531,68,1,0
BRDA:535,69,0,0
BRDA:535,69,1,0
BRDA:535,69,2,0
BRDA:535,69,3,0
BRDA:537,70,0,0
BRDA:537,70,1,0
BRDA:543,71,0,0
BRDA:543,71,1,0
BRDA:549,72,0,0
BRDA:549,72,1,0
BRDA:554,73,0,0
BRDA:554,73,1,0
BRDA:560,74,0,0
BRDA:560,74,1,0
BRDA:573,75,0,0
BRDA:573,75,1,0
BRDA:584,76,0,0
BRDA:584,76,1,0
BRDA:588,77,0,0
BRDA:588,77,1,0
BRDA:610,78,0,0
BRDA:614,79,0,0
BRDA:614,79,1,0
BRDA:622,80,0,0
BRDA:622,80,1,0
BRDA:630,81,0,0
BRDA:630,81,1,0
BRDA:644,82,0,0
BRDA:644,82,1,0
BRDA:651,83,0,0
BRDA:651,83,1,0
BRDA:653,84,0,0
BRDA:653,84,1,0
BRDA:653,85,0,0
BRDA:653,85,1,0
BRDA:665,86,0,0
BRDA:665,86,1,0
BRF:177
BRH:0
end_of_record
TN:
SF:src\agents\finGPTAgent.js
FN:15,buildDocker
FN:94,runLocal
FN:153,(anonymous_2)
FN:183,tfPlan
FN:220,tfApply
FN:260,healthCheck
FN:265,(anonymous_6)
FN:304,getPredictions
FN:354,summary
FNF:9
FNH:0
FNDA:0,buildDocker
FNDA:0,runLocal
FNDA:0,(anonymous_2)
FNDA:0,tfPlan
FNDA:0,tfApply
FNDA:0,healthCheck
FNDA:0,(anonymous_6)
FNDA:0,getPredictions
FNDA:0,summary
DA:8,0
DA:16,0
DA:17,0
DA:20,0
DA:21,0
DA:23,0
DA:24,0
DA:25,0
DA:28,0
DA:55,0
DA:58,0
DA:59,0
DA:61,0
DA:63,0
DA:71,0
DA:72,0
DA:73,0
DA:74,0
DA:75,0
DA:78,0
DA:80,0
DA:95,0
DA:96,0
DA:99,0
DA:100,0
DA:102,0
DA:140,0
DA:143,0
DA:144,0
DA:145,0
DA:146,0
DA:148,0
DA:149,0
DA:152,0
DA:153,0
DA:154,0
DA:155,0
DA:157,0
DA:161,0
DA:170,0
DA:184,0
DA:185,0
DA:187,0
DA:188,0
DA:189,0
DA:191,0
DA:192,0
DA:193,0
DA:196,0
DA:198,0
DA:206,0
DA:221,0
DA:222,0
DA:224,0
DA:225,0
DA:226,0
DA:228,0
DA:229,0
DA:230,0
DA:232,0
DA:233,0
DA:236,0
DA:238,0
DA:246,0
DA:261,0
DA:262,0
DA:264,0
DA:265,0
DA:267,0
DA:276,0
DA:278,0
DA:280,0
DA:289,0
DA:305,0
DA:306,0
DA:307,0
DA:309,0
DA:318,0
DA:319,0
DA:322,0
DA:324,0
DA:332,0
DA:355,0
DA:356,0
DA:357,0
DA:358,0
DA:360,0
DA:361,0
DA:366,0
DA:367,0
DA:372,0
DA:400,0
LF:92
LH:0
BRDA:15,0,0,0
BRDA:17,1,0,0
BRDA:17,2,0,0
BRDA:17,3,0,0
BRDA:21,4,0,0
BRDA:21,4,1,0
BRDA:24,5,0,0
BRDA:24,5,1,0
BRDA:71,6,0,0
BRDA:71,6,1,0
BRDA:84,7,0,0
BRDA:84,7,1,0
BRDA:94,8,0,0
BRDA:96,9,0,0
BRDA:96,10,0,0
BRDA:96,11,0,0
BRDA:100,12,0,0
BRDA:100,12,1,0
BRDA:144,13,0,0
BRDA:144,13,1,0
BRDA:145,14,0,0
BRDA:145,14,1,0
BRDA:146,15,0,0
BRDA:146,15,1,0
BRDA:173,16,0,0
BRDA:173,16,1,0
BRDA:183,17,0,0
BRDA:185,18,0,0
BRDA:188,19,0,0
BRDA:188,19,1,0
BRDA:192,20,0,0
BRDA:192,20,1,0
BRDA:210,21,0,0
BRDA:210,21,1,0
BRDA:220,22,0,0
BRDA:222,23,0,0
BRDA:222,24,0,0
BRDA:225,25,0,0
BRDA:225,25,1,0
BRDA:229,26,0,0
BRDA:229,26,1,0
BRDA:232,27,0,0
BRDA:232,27,1,0
BRDA:250,28,0,0
BRDA:250,28,1,0
BRDA:260,29,0,0
BRDA:262,30,0,0
BRDA:262,31,0,0
BRDA:285,32,0,0
BRDA:285,32,1,0
BRDA:291,33,0,0
BRDA:291,33,1,0
BRDA:304,34,0,0
BRDA:306,35,0,0
BRDA:307,36,0,0
BRDA:307,36,1,0
BRDA:318,37,0,0
BRDA:318,37,1,0
BRDA:379,38,0,0
BRDA:379,38,1,0
BRDA:380,39,0,0
BRDA:380,39,1,0
BRDA:395,40,0,0
BRDA:395,40,1,0
BRDA:396,41,0,0
BRDA:396,41,1,0
BRF:66
BRH:0
end_of_record
TN:
SF:src\agents\htxAgent.js
FN:35,checkRateLimit
FN:64,getCachedResponse
FN:73,setCachedResponse
FN:88,createErrorResponse
FN:106,createSuccessResponse
FN:124,enhancedFetch
FN:169,verifyKeys
FN:227,fetchMarkets
FN:263,(anonymous_8)
FN:272,(anonymous_9)
FN:273,(anonymous_10)
FN:320,fetchCandles
FN:343,(anonymous_12)
FN:391,parseExcel
FN:506,summary
FNF:15
FNH:0
FNDA:0,checkRateLimit
FNDA:0,getCachedResponse
FNDA:0,setCachedResponse
FNDA:0,createErrorResponse
FNDA:0,createSuccessResponse
FNDA:0,enhancedFetch
FNDA:0,verifyKeys
FNDA:0,fetchMarkets
FNDA:0,(anonymous_8)
FNDA:0,(anonymous_9)
FNDA:0,(anonymous_10)
FNDA:0,fetchCandles
FNDA:0,(anonymous_12)
FNDA:0,parseExcel
FNDA:0,summary
DA:9,0
DA:12,0
DA:19,0
DA:22,0
DA:23,0
DA:36,0
DA:37,0
DA:39,0
DA:40,0
DA:43,0
DA:44,0
DA:45,0
DA:48,0
DA:51,0
DA:52,0
DA:53,0
DA:54,0
DA:58,0
DA:65,0
DA:66,0
DA:67,0
DA:69,0
DA:70,0
DA:74,0
DA:89,0
DA:107,0
DA:126,0
DA:127,0
DA:128,0
DA:129,0
DA:130,0
DA:134,0
DA:135,0
DA:139,0
DA:149,0
DA:151,0
DA:152,0
DA:155,0
DA:157,0
DA:158,0
DA:161,0
DA:170,0
DA:172,0
DA:173,0
DA:174,0
DA:177,0
DA:181,0
DA:182,0
DA:184,0
DA:192,0
DA:198,0
DA:210,0
DA:211,0
DA:214,0
DA:228,0
DA:230,0
DA:231,0
DA:232,0
DA:235,0
DA:238,0
DA:239,0
DA:240,0
DA:241,0
DA:245,0
DA:252,0
DA:258,0
DA:261,0
DA:262,0
DA:263,0
DA:264,0
DA:270,0
DA:272,0
DA:273,0
DA:274,0
DA:287,0
DA:299,0
DA:301,0
DA:303,0
DA:304,0
DA:307,0
DA:321,0
DA:323,0
DA:324,0
DA:325,0
DA:328,0
DA:331,0
DA:332,0
DA:333,0
DA:334,0
DA:337,0
DA:343,0
DA:353,0
DA:370,0
DA:372,0
DA:374,0
DA:375,0
DA:378,0
DA:392,0
DA:394,0
DA:395,0
DA:396,0
DA:399,0
DA:402,0
DA:403,0
DA:404,0
DA:412,0
DA:413,0
DA:421,0
DA:422,0
DA:423,0
DA:430,0
DA:433,0
DA:434,0
DA:435,0
DA:437,0
DA:438,0
DA:445,0
DA:469,0
DA:486,0
DA:494,0
DA:507,0
DA:508,0
DA:511,0
DA:517,0
DA:522,0
DA:596,0
LF:126
LH:0
BRDA:39,0,0,0
BRDA:39,0,1,0
BRDA:44,1,0,0
BRDA:44,1,1,0
BRDA:53,2,0,0
BRDA:53,2,1,0
BRDA:66,3,0,0
BRDA:66,3,1,0
BRDA:66,4,0,0
BRDA:66,4,1,0
BRDA:88,5,0,0
BRDA:106,6,0,0
BRDA:124,7,0,0
BRDA:124,8,0,0
BRDA:127,9,0,0
BRDA:127,9,1,0
BRDA:129,10,0,0
BRDA:129,10,1,0
BRDA:134,11,0,0
BRDA:134,11,1,0
BRDA:151,12,0,0
BRDA:151,12,1,0
BRDA:157,13,0,0
BRDA:157,13,1,0
BRDA:157,14,0,0
BRDA:157,14,1,0
BRDA:158,15,0,0
BRDA:158,15,1,0
BRDA:169,16,0,0
BRDA:173,17,0,0
BRDA:173,17,1,0
BRDA:210,18,0,0
BRDA:210,18,1,0
BRDA:227,19,0,0
BRDA:231,20,0,0
BRDA:231,20,1,0
BRDA:238,21,0,0
BRDA:238,21,1,0
BRDA:240,22,0,0
BRDA:240,22,1,0
BRDA:258,23,0,0
BRDA:258,23,1,0
BRDA:261,24,0,0
BRDA:261,24,1,0
BRDA:264,25,0,0
BRDA:264,25,1,0
BRDA:279,26,0,0
BRDA:279,26,1,0
BRDA:280,27,0,0
BRDA:280,27,1,0
BRDA:281,28,0,0
BRDA:281,28,1,0
BRDA:282,29,0,0
BRDA:282,29,1,0
BRDA:283,30,0,0
BRDA:283,30,1,0
BRDA:291,31,0,0
BRDA:291,31,1,0
BRDA:292,32,0,0
BRDA:292,32,1,0
BRDA:303,33,0,0
BRDA:303,33,1,0
BRDA:320,34,0,0
BRDA:324,35,0,0
BRDA:324,35,1,0
BRDA:333,36,0,0
BRDA:333,36,1,0
BRDA:343,37,0,0
BRDA:343,37,1,0
BRDA:363,38,0,0
BRDA:363,38,1,0
BRDA:364,39,0,0
BRDA:364,39,1,0
BRDA:374,40,0,0
BRDA:374,40,1,0
BRDA:391,41,0,0
BRDA:395,42,0,0
BRDA:395,42,1,0
BRDA:403,43,0,0
BRDA:403,43,1,0
BRDA:412,44,0,0
BRDA:412,44,1,0
BRDA:422,45,0,0
BRDA:422,45,1,0
BRDA:433,46,0,0
BRDA:433,46,1,0
BRDA:437,47,0,0
BRDA:437,47,1,0
BRF:88
BRH:0
end_of_record
TN:
SF:src\agents\infraAgent.js
FN:15,initTerraform
FN:62,planInfrastructure
FN:115,applyInfrastructure
FN:155,destroyInfrastructure
FN:193,getInfrastructureState
FN:204,(anonymous_5)
FN:220,(anonymous_6)
FN:221,(anonymous_7)
FN:247,deployInfra
FN:323,manageGCP
FN:362,(anonymous_10)
FN:410,analyzeTerraformPlan
FN:423,(anonymous_12)
FN:452,summary
FNF:14
FNH:0
FNDA:0,initTerraform
FNDA:0,planInfrastructure
FNDA:0,applyInfrastructure
FNDA:0,destroyInfrastructure
FNDA:0,getInfrastructureState
FNDA:0,(anonymous_5)
FNDA:0,(anonymous_6)
FNDA:0,(anonymous_7)
FNDA:0,deployInfra
FNDA:0,manageGCP
FNDA:0,(anonymous_10)
FNDA:0,analyzeTerraformPlan
FNDA:0,(anonymous_12)
FNDA:0,summary
DA:8,0
DA:16,0
DA:17,0
DA:19,0
DA:21,0
DA:22,0
DA:26,0
DA:28,0
DA:31,0
DA:32,0
DA:33,0
DA:36,0
DA:40,0
DA:48,0
DA:63,0
DA:64,0
DA:67,0
DA:69,0
DA:71,0
DA:72,0
DA:75,0
DA:76,0
DA:79,0
DA:80,0
DA:84,0
DA:86,0
DA:89,0
DA:91,0
DA:101,0
DA:116,0
DA:117,0
DA:119,0
DA:121,0
DA:122,0
DA:123,0
DA:124,0
DA:127,0
DA:130,0
DA:132,0
DA:141,0
DA:156,0
DA:157,0
DA:159,0
DA:161,0
DA:162,0
DA:165,0
DA:166,0
DA:169,0
DA:171,0
DA:179,0
DA:194,0
DA:195,0
DA:198,0
DA:199,0
DA:203,0
DA:204,0
DA:207,0
DA:208,0
DA:209,0
DA:210,0
DA:211,0
DA:218,0
DA:219,0
DA:220,0
DA:221,0
DA:223,0
DA:233,0
DA:248,0
DA:249,0
DA:251,0
DA:254,0
DA:255,0
DA:256,0
DA:263,0
DA:269,0
DA:273,0
DA:274,0
DA:280,0
DA:281,0
DA:285,0
DA:289,0
DA:295,0
DA:296,0
DA:299,0
DA:308,0
DA:324,0
DA:325,0
DA:327,0
DA:328,0
DA:331,0
DA:338,0
DA:341,0
DA:342,0
DA:343,0
DA:344,0
DA:345,0
DA:347,0
DA:348,0
DA:350,0
DA:354,0
DA:355,0
DA:361,0
DA:363,0
DA:364,0
DA:365,0
DA:367,0
DA:372,0
DA:373,0
DA:375,0
DA:376,0
DA:378,0
DA:382,0
DA:383,0
DA:384,0
DA:385,0
DA:386,0
DA:388,0
DA:389,0
DA:391,0
DA:394,0
DA:395,0
DA:398,0
DA:400,0
DA:411,0
DA:421,0
DA:423,0
DA:424,0
DA:425,0
DA:426,0
DA:427,0
DA:428,0
DA:429,0
DA:430,0
DA:431,0
DA:432,0
DA:433,0
DA:434,0
DA:435,0
DA:436,0
DA:437,0
DA:438,0
DA:439,0
DA:443,0
DA:445,0
DA:453,0
DA:454,0
DA:455,0
DA:456,0
DA:457,0
DA:459,0
DA:460,0
DA:465,0
DA:466,0
DA:471,0
DA:472,0
DA:477,0
DA:513,0
LF:157
LH:0
BRDA:15,0,0,0
BRDA:17,1,0,0
BRDA:21,2,0,0
BRDA:21,2,1,0
BRDA:31,3,0,0
BRDA:31,3,1,0
BRDA:52,4,0,0
BRDA:52,4,1,0
BRDA:62,5,0,0
BRDA:64,6,0,0
BRDA:64,7,0,0
BRDA:71,8,0,0
BRDA:71,8,1,0
BRDA:75,9,0,0
BRDA:75,9,1,0
BRDA:79,10,0,0
BRDA:79,10,1,0
BRDA:105,11,0,0
BRDA:105,11,1,0
BRDA:115,12,0,0
BRDA:117,13,0,0
BRDA:117,14,0,0
BRDA:117,15,0,0
BRDA:121,16,0,0
BRDA:121,16,1,0
BRDA:121,17,0,0
BRDA:121,17,1,0
BRDA:123,18,0,0
BRDA:123,18,1,0
BRDA:136,19,0,0
BRDA:136,19,1,0
BRDA:145,20,0,0
BRDA:145,20,1,0
BRDA:155,21,0,0
BRDA:157,22,0,0
BRDA:157,23,0,0
BRDA:161,24,0,0
BRDA:161,24,1,0
BRDA:165,25,0,0
BRDA:165,25,1,0
BRDA:183,26,0,0
BRDA:183,26,1,0
BRDA:193,27,0,0
BRDA:195,28,0,0
BRDA:195,29,0,0
BRDA:198,30,0,0
BRDA:198,30,1,0
BRDA:208,31,0,0
BRDA:208,31,1,0
BRDA:208,32,0,0
BRDA:208,32,1,0
BRDA:236,33,0,0
BRDA:236,33,1,0
BRDA:247,34,0,0
BRDA:249,35,0,0
BRDA:249,36,0,0
BRDA:249,37,0,0
BRDA:280,38,0,0
BRDA:280,38,1,0
BRDA:295,39,0,0
BRDA:295,39,1,0
BRDA:304,40,0,0
BRDA:304,40,1,0
BRDA:312,41,0,0
BRDA:312,41,1,0
BRDA:313,42,0,0
BRDA:313,42,1,0
BRDA:323,43,0,0
BRDA:325,44,0,0
BRDA:325,45,0,0
BRDA:327,46,0,0
BRDA:327,46,1,0
BRDA:338,47,0,0
BRDA:338,47,1,0
BRDA:338,47,2,0
BRDA:338,47,3,0
BRDA:404,48,0,0
BRDA:404,48,1,0
BRDA:424,49,0,0
BRDA:424,49,1,0
BRDA:427,50,0,0
BRDA:427,50,1,0
BRDA:428,51,0,0
BRDA:428,51,1,0
BRDA:431,52,0,0
BRDA:431,52,1,0
BRDA:432,53,0,0
BRDA:432,53,1,0
BRDA:435,54,0,0
BRDA:435,54,1,0
BRDA:436,55,0,0
BRDA:436,55,1,0
BRDA:438,56,0,0
BRDA:438,56,1,0
BRDA:485,57,0,0
BRDA:485,57,1,0
BRDA:486,58,0,0
BRDA:486,58,1,0
BRDA:487,59,0,0
BRDA:487,59,1,0
BRF:100
BRH:0
end_of_record
TN:
SF:src\agents\orchestratorAgent.js
FN:23,buildDataset
FN:118,callFinGPT
FN:175,publishReport
FN:242,e2e
FN:309,(anonymous_4)
FN:340,getReport
FN:373,getPipelineStatus
FN:379,(anonymous_7)
FN:415,generateId
FN:419,prepareDataForAnalysis
FN:428,(anonymous_10)
FN:439,(anonymous_11)
FN:440,(anonymous_12)
FN:451,generateReportSummary
FN:461,(anonymous_14)
FN:478,summary
FNF:16
FNH:0
FNDA:0,buildDataset
FNDA:0,callFinGPT
FNDA:0,publishReport
FNDA:0,e2e
FNDA:0,(anonymous_4)
FNDA:0,getReport
FNDA:0,getPipelineStatus
FNDA:0,(anonymous_7)
FNDA:0,generateId
FNDA:0,prepareDataForAnalysis
FNDA:0,(anonymous_10)
FNDA:0,(anonymous_11)
FNDA:0,(anonymous_12)
FNDA:0,generateReportSummary
FNDA:0,(anonymous_14)
FNDA:0,summary
DA:15,0
DA:16,0
DA:24,0
DA:25,0
DA:27,0
DA:40,0
DA:41,0
DA:42,0
DA:43,0
DA:44,0
DA:45,0
DA:46,0
DA:50,0
DA:51,0
DA:53,0
DA:54,0
DA:60,0
DA:61,0
DA:62,0
DA:66,0
DA:68,0
DA:69,0
DA:74,0
DA:75,0
DA:77,0
DA:78,0
DA:79,0
DA:80,0
DA:81,0
DA:82,0
DA:83,0
DA:84,0
DA:87,0
DA:88,0
DA:93,0
DA:95,0
DA:105,0
DA:119,0
DA:120,0
DA:122,0
DA:123,0
DA:127,0
DA:130,0
DA:135,0
DA:148,0
DA:149,0
DA:150,0
DA:153,0
DA:155,0
DA:162,0
DA:176,0
DA:177,0
DA:179,0
DA:193,0
DA:196,0
DA:198,0
DA:199,0
DA:200,0
DA:201,0
DA:204,0
DA:205,0
DA:206,0
DA:207,0
DA:209,0
DA:213,0
DA:214,0
DA:217,0
DA:220,0
DA:222,0
DA:229,0
DA:243,0
DA:250,0
DA:252,0
DA:260,0
DA:261,0
DA:262,0
DA:269,0
DA:270,0
DA:274,0
DA:275,0
DA:279,0
DA:286,0
DA:287,0
DA:291,0
DA:292,0
DA:293,0
DA:299,0
DA:307,0
DA:308,0
DA:309,0
DA:312,0
DA:314,0
DA:326,0
DA:341,0
DA:342,0
DA:344,0
DA:345,0
DA:348,0
DA:350,0
DA:351,0
DA:354,0
DA:360,0
DA:374,0
DA:375,0
DA:377,0
DA:379,0
DA:387,0
DA:394,0
DA:396,0
DA:397,0
DA:400,0
DA:406,0
DA:416,0
DA:421,0
DA:427,0
DA:428,0
DA:437,0
DA:438,0
DA:439,0
DA:440,0
DA:448,0
DA:452,0
DA:460,0
DA:461,0
DA:462,0
DA:465,0
DA:466,0
DA:471,0
DA:479,0
DA:480,0
DA:482,0
DA:519,0
LF:132
LH:0
BRDA:23,0,0,0
BRDA:25,1,0,0
BRDA:25,2,0,0
BRDA:25,3,0,0
BRDA:40,4,0,0
BRDA:40,4,1,0
BRDA:43,5,0,0
BRDA:43,5,1,0
BRDA:50,6,0,0
BRDA:50,6,1,0
BRDA:60,7,0,0
BRDA:60,7,1,0
BRDA:68,8,0,0
BRDA:68,8,1,0
BRDA:74,9,0,0
BRDA:74,9,1,0
BRDA:74,10,0,0
BRDA:74,10,1,0
BRDA:80,11,0,0
BRDA:80,11,1,0
BRDA:87,12,0,0
BRDA:87,12,1,0
BRDA:118,13,0,0
BRDA:120,14,0,0
BRDA:122,15,0,0
BRDA:122,15,1,0
BRDA:132,16,0,0
BRDA:132,16,1,0
BRDA:139,17,0,0
BRDA:139,17,1,0
BRDA:140,18,0,0
BRDA:140,18,1,0
BRDA:143,19,0,0
BRDA:143,19,1,0
BRDA:148,20,0,0
BRDA:148,20,1,0
BRDA:175,21,0,0
BRDA:177,22,0,0
BRDA:177,23,0,0
BRDA:182,24,0,0
BRDA:182,24,1,0
BRDA:183,25,0,0
BRDA:183,25,1,0
BRDA:193,26,0,0
BRDA:193,26,1,0
BRDA:193,26,2,0
BRDA:198,27,0,0
BRDA:198,27,1,0
BRDA:200,28,0,0
BRDA:200,28,1,0
BRDA:226,29,0,0
BRDA:226,29,1,0
BRDA:242,30,0,0
BRDA:245,31,0,0
BRDA:246,32,0,0
BRDA:247,33,0,0
BRDA:248,34,0,0
BRDA:249,35,0,0
BRDA:269,36,0,0
BRDA:269,36,1,0
BRDA:286,37,0,0
BRDA:286,37,1,0
BRDA:291,38,0,0
BRDA:291,38,1,0
BRDA:321,39,0,0
BRDA:321,39,1,0
BRDA:322,40,0,0
BRDA:322,40,1,0
BRDA:329,41,0,0
BRDA:329,41,1,0
BRDA:340,42,0,0
BRDA:344,43,0,0
BRDA:344,43,1,0
BRDA:350,44,0,0
BRDA:350,44,1,0
BRDA:373,45,0,0
BRDA:377,46,0,0
BRDA:377,46,1,0
BRDA:396,47,0,0
BRDA:396,47,1,0
BRDA:403,48,0,0
BRDA:403,48,1,0
BRDA:427,49,0,0
BRDA:427,49,1,0
BRDA:437,50,0,0
BRDA:437,50,1,0
BRDA:453,51,0,0
BRDA:453,51,1,0
BRDA:454,52,0,0
BRDA:454,52,1,0
BRDA:455,53,0,0
BRDA:455,53,1,0
BRDA:456,54,0,0
BRDA:456,54,1,0
BRDA:460,55,0,0
BRDA:460,55,1,0
BRDA:462,56,0,0
BRDA:462,56,1,0
BRDA:466,57,0,0
BRDA:466,57,1,0
BRDA:514,58,0,0
BRDA:514,58,1,0
BRDA:515,59,0,0
BRDA:515,59,1,0
BRF:104
BRH:0
end_of_record
TN:
SF:src\agents\utils\csvStreaming.js
FN:12,(anonymous_0)
FN:30,(anonymous_1)
FN:33,(anonymous_2)
FN:58,(anonymous_3)
FN:74,(anonymous_4)
FN:89,(anonymous_5)
FN:112,(anonymous_6)
FN:146,(anonymous_7)
FN:149,(anonymous_8)
FN:158,(anonymous_9)
FN:160,(anonymous_10)
FN:167,(anonymous_11)
FN:184,parseCSVStreaming
FN:196,(anonymous_13)
FN:210,(anonymous_14)
FN:227,(anonymous_15)
FN:285,(anonymous_16)
FN:293,(anonymous_17)
FN:297,(anonymous_18)
FN:327,(anonymous_19)
FN:336,(anonymous_20)
FN:348,transformDataStreaming
FN:382,(anonymous_22)
FN:416,applyOperationToChunk
FN:422,(anonymous_24)
FN:424,(anonymous_25)
FN:437,(anonymous_26)
FN:439,(anonymous_27)
FN:446,(anonymous_28)
FN:474,(anonymous_29)
FN:475,(anonymous_30)
FN:480,(anonymous_31)
FN:481,(anonymous_32)
FN:500,getOperationDescription
FNF:34
FNH:0
FNDA:0,(anonymous_0)
FNDA:0,(anonymous_1)
FNDA:0,(anonymous_2)
FNDA:0,(anonymous_3)
FNDA:0,(anonymous_4)
FNDA:0,(anonymous_5)
FNDA:0,(anonymous_6)
FNDA:0,(anonymous_7)
FNDA:0,(anonymous_8)
FNDA:0,(anonymous_9)
FNDA:0,(anonymous_10)
FNDA:0,(anonymous_11)
FNDA:0,parseCSVStreaming
FNDA:0,(anonymous_13)
FNDA:0,(anonymous_14)
FNDA:0,(anonymous_15)
FNDA:0,(anonymous_16)
FNDA:0,(anonymous_17)
FNDA:0,(anonymous_18)
FNDA:0,(anonymous_19)
FNDA:0,(anonymous_20)
FNDA:0,transformDataStreaming
FNDA:0,(anonymous_22)
FNDA:0,applyOperationToChunk
FNDA:0,(anonymous_24)
FNDA:0,(anonymous_25)
FNDA:0,(anonymous_26)
FNDA:0,(anonymous_27)
FNDA:0,(anonymous_28)
FNDA:0,(anonymous_29)
FNDA:0,(anonymous_30)
FNDA:0,(anonymous_31)
FNDA:0,(anonymous_32)
FNDA:0,getOperationDescription
DA:13,0
DA:15,0
DA:16,0
DA:17,0
DA:19,0
DA:20,0
DA:21,0
DA:22,0
DA:23,0
DA:24,0
DA:25,0
DA:28,0
DA:29,0
DA:30,0
DA:34,0
DA:35,0
DA:36,0
DA:39,0
DA:40,0
DA:42,0
DA:43,0
DA:47,0
DA:48,0
DA:49,0
DA:52,0
DA:54,0
DA:59,0
DA:61,0
DA:62,0
DA:66,0
DA:68,0
DA:70,0
DA:75,0
DA:77,0
DA:80,0
DA:81,0
DA:82,0
DA:83,0
DA:87,0
DA:88,0
DA:89,0
DA:92,0
DA:93,0
DA:94,0
DA:97,0
DA:98,0
DA:99,0
DA:102,0
DA:104,0
DA:113,0
DA:114,0
DA:115,0
DA:116,0
DA:118,0
DA:119,0
DA:121,0
DA:122,0
DA:124,0
DA:125,0
DA:126,0
DA:128,0
DA:130,0
DA:131,0
DA:132,0
DA:134,0
DA:137,0
DA:141,0
DA:143,0
DA:147,0
DA:149,0
DA:150,0
DA:151,0
DA:154,0
DA:155,0
DA:160,0
DA:161,0
DA:164,0
DA:168,0
DA:185,0
DA:187,0
DA:188,0
DA:191,0
DA:200,0
DA:203,0
DA:204,0
DA:205,0
DA:208,0
DA:211,0
DA:214,0
DA:215,0
DA:216,0
DA:219,0
DA:220,0
DA:224,0
DA:229,0
DA:230,0
DA:232,0
DA:237,0
DA:239,0
DA:246,0
DA:248,0
DA:269,0
DA:286,0
DA:287,0
DA:288,0
DA:289,0
DA:290,0
DA:294,0
DA:298,0
DA:299,0
DA:302,0
DA:303,0
DA:306,0
DA:308,0
DA:311,0
DA:312,0
DA:313,0
DA:316,0
DA:327,0
DA:328,0
DA:329,0
DA:331,0
DA:337,0
DA:349,0
DA:350,0
DA:351,0
DA:353,0
DA:354,0
DA:357,0
DA:358,0
DA:361,0
DA:362,0
DA:363,0
DA:366,0
DA:367,0
DA:370,0
DA:373,0
DA:376,0
DA:377,0
DA:382,0
DA:383,0
DA:386,0
DA:388,0
DA:402,0
DA:417,0
DA:419,0
DA:421,0
DA:422,0
DA:423,0
DA:424,0
DA:425,0
DA:427,0
DA:429,0
DA:433,0
DA:436,0
DA:437,0
DA:439,0
DA:442,0
DA:445,0
DA:446,0
DA:447,0
DA:448,0
DA:451,0
DA:452,0
DA:454,0
DA:455,0
DA:459,0
DA:460,0
DA:462,0
DA:463,0
DA:465,0
DA:468,0
DA:472,0
DA:473,0
DA:474,0
DA:475,0
DA:477,0
DA:480,0
DA:481,0
DA:486,0
DA:489,0
DA:492,0
DA:501,0
DA:503,0
DA:505,0
DA:507,0
DA:509,0
DA:511,0
DA:513,0
LF:189
LH:0
BRDA:12,0,0,0
BRDA:15,1,0,0
BRDA:15,1,1,0
BRDA:17,2,0,0
BRDA:17,2,1,0
BRDA:29,3,0,0
BRDA:29,3,1,0
BRDA:30,4,0,0
BRDA:30,4,1,0
BRDA:40,5,0,0
BRDA:40,5,1,0
BRDA:47,6,0,0
BRDA:47,6,1,0
BRDA:61,7,0,0
BRDA:61,7,1,0
BRDA:75,8,0,0
BRDA:75,8,1,0
BRDA:80,9,0,0
BRDA:80,9,1,0
BRDA:80,10,0,0
BRDA:80,10,1,0
BRDA:87,11,0,0
BRDA:87,11,1,0
BRDA:87,12,0,0
BRDA:87,12,1,0
BRDA:97,13,0,0
BRDA:97,13,1,0
BRDA:121,14,0,0
BRDA:121,14,1,0
BRDA:122,15,0,0
BRDA:122,15,1,0
BRDA:122,16,0,0
BRDA:122,16,1,0
BRDA:130,17,0,0
BRDA:130,17,1,0
BRDA:130,18,0,0
BRDA:130,18,1,0
BRDA:150,19,0,0
BRDA:150,19,1,0
BRDA:151,20,0,0
BRDA:151,20,1,0
BRDA:161,21,0,0
BRDA:161,21,1,0
BRDA:161,21,2,0
BRDA:184,22,0,0
BRDA:192,23,0,0
BRDA:192,23,1,0
BRDA:194,24,0,0
BRDA:194,24,1,0
BRDA:196,25,0,0
BRDA:196,25,1,0
BRDA:204,26,0,0
BRDA:204,26,1,0
BRDA:214,27,0,0
BRDA:214,27,1,0
BRDA:219,28,0,0
BRDA:219,28,1,0
BRDA:229,29,0,0
BRDA:229,29,1,0
BRDA:285,30,0,0
BRDA:297,31,0,0
BRDA:297,32,0,0
BRDA:302,33,0,0
BRDA:302,33,1,0
BRDA:308,34,0,0
BRDA:308,34,1,0
BRDA:313,35,0,0
BRDA:313,35,1,0
BRDA:313,36,0,0
BRDA:313,36,1,0
BRDA:324,37,0,0
BRDA:324,37,1,0
BRDA:348,38,0,0
BRDA:350,39,0,0
BRDA:350,39,1,0
BRDA:353,40,0,0
BRDA:353,40,1,0
BRDA:376,41,0,0
BRDA:376,41,1,0
BRDA:376,42,0,0
BRDA:376,42,1,0
BRDA:419,43,0,0
BRDA:419,43,1,0
BRDA:419,43,2,0
BRDA:419,43,3,0
BRDA:419,43,4,0
BRDA:421,44,0,0
BRDA:421,44,1,0
BRDA:425,45,0,0
BRDA:425,45,1,0
BRDA:436,46,0,0
BRDA:436,46,1,0
BRDA:436,47,0,0
BRDA:436,47,1,0
BRDA:439,48,0,0
BRDA:439,48,1,0
BRDA:445,49,0,0
BRDA:445,49,1,0
BRDA:454,50,0,0
BRDA:454,50,1,0
BRDA:454,51,0,0
BRDA:454,51,1,0
BRDA:455,52,0,0
BRDA:455,52,1,0
BRDA:459,53,0,0
BRDA:459,53,1,0
BRDA:460,54,0,0
BRDA:460,54,1,0
BRDA:462,55,0,0
BRDA:462,55,1,0
BRDA:472,56,0,0
BRDA:472,56,1,0
BRDA:481,57,0,0
BRDA:481,57,1,0
BRDA:482,58,0,0
BRDA:482,58,1,0
BRDA:483,59,0,0
BRDA:483,59,1,0
BRDA:503,60,0,0
BRDA:503,60,1,0
BRDA:503,60,2,0
BRDA:503,60,3,0
BRDA:503,60,4,0
BRDA:509,61,0,0
BRDA:509,61,1,0
BRF:125
BRH:0
end_of_record
TN:
SF:src\agents\utils\csvValidation.js
FN:12,createErrorResponse
FN:30,createSuccessResponse
FN:204,validateInput
FN:211,(anonymous_3)
FN:298,validateType
FN:376,validateConstraints
FN:501,validateSecurity
FN:543,sanitizeValue
FN:592,validateFilePath
FNF:9
FNH:0
FNDA:0,createErrorResponse
FNDA:0,createSuccessResponse
FNDA:0,validateInput
FNDA:0,(anonymous_3)
FNDA:0,validateType
FNDA:0,validateConstraints
FNDA:0,validateSecurity
FNDA:0,sanitizeValue
FNDA:0,validateFilePath
DA:13,0
DA:31,0
DA:44,0
DA:148,0
DA:205,0
DA:206,0
DA:209,0
DA:210,0
DA:211,0
DA:213,0
DA:214,0
DA:223,0
DA:224,0
DA:227,0
DA:228,0
DA:234,0
DA:238,0
DA:239,0
DA:240,0
DA:242,0
DA:246,0
DA:247,0
DA:248,0
DA:249,0
DA:250,0
DA:254,0
DA:255,0
DA:256,0
DA:257,0
DA:261,0
DA:262,0
DA:263,0
DA:264,0
DA:268,0
DA:272,0
DA:273,0
DA:284,0
DA:299,0
DA:300,0
DA:302,0
DA:303,0
DA:304,0
DA:307,0
DA:317,0
DA:318,0
DA:328,0
DA:330,0
DA:331,0
DA:334,0
DA:344,0
DA:345,0
DA:355,0
DA:356,0
DA:366,0
DA:378,0
DA:379,0
DA:380,0
DA:381,0
DA:382,0
DA:391,0
DA:392,0
DA:393,0
DA:394,0
DA:395,0
DA:396,0
DA:401,0
DA:402,0
DA:403,0
DA:412,0
DA:413,0
DA:424,0
DA:425,0
DA:426,0
DA:435,0
DA:436,0
DA:447,0
DA:448,0
DA:449,0
DA:458,0
DA:459,0
DA:470,0
DA:471,0
DA:481,0
DA:482,0
DA:491,0
DA:502,0
DA:503,0
DA:507,0
DA:508,0
DA:509,0
DA:510,0
DA:522,0
DA:523,0
DA:524,0
DA:533,0
DA:544,0
DA:545,0
DA:548,0
DA:549,0
DA:553,0
DA:554,0
DA:558,0
DA:559,0
DA:568,0
DA:571,0
DA:572,0
DA:575,0
DA:576,0
DA:577,0
DA:578,0
DA:581,0
DA:584,0
DA:593,0
DA:596,0
DA:597,0
DA:598,0
DA:608,0
DA:609,0
DA:610,0
DA:619,0
DA:620,0
DA:621,0
DA:624,0
DA:625,0
DA:634,0
DA:635,0
DA:642,0
DA:650,0
LF:128
LH:0
BRDA:12,0,0,0
BRDA:30,1,0,0
BRDA:210,2,0,0
BRDA:210,2,1,0
BRDA:213,3,0,0
BRDA:213,3,1,0
BRDA:227,4,0,0
BRDA:227,4,1,0
BRDA:227,5,0,0
BRDA:227,5,1,0
BRDA:227,5,2,0
BRDA:227,5,3,0
BRDA:232,6,0,0
BRDA:232,6,1,0
BRDA:238,7,0,0
BRDA:238,7,1,0
BRDA:238,8,0,0
BRDA:238,8,1,0
BRDA:238,8,2,0
BRDA:239,9,0,0
BRDA:239,9,1,0
BRDA:246,10,0,0
BRDA:246,10,1,0
BRDA:246,11,0,0
BRDA:246,11,1,0
BRDA:248,12,0,0
BRDA:248,12,1,0
BRDA:255,13,0,0
BRDA:255,13,1,0
BRDA:262,14,0,0
BRDA:262,14,1,0
BRDA:272,15,0,0
BRDA:272,15,1,0
BRDA:302,16,0,0
BRDA:302,16,1,0
BRDA:302,17,0,0
BRDA:302,17,1,0
BRDA:303,18,0,0
BRDA:303,18,1,0
BRDA:303,19,0,0
BRDA:303,19,1,0
BRDA:317,20,0,0
BRDA:317,20,1,0
BRDA:317,21,0,0
BRDA:317,21,1,0
BRDA:328,22,0,0
BRDA:328,22,1,0
BRDA:328,23,0,0
BRDA:328,23,1,0
BRDA:330,24,0,0
BRDA:330,24,1,0
BRDA:330,25,0,0
BRDA:330,25,1,0
BRDA:344,26,0,0
BRDA:344,26,1,0
BRDA:344,27,0,0
BRDA:344,27,1,0
BRDA:355,28,0,0
BRDA:355,28,1,0
BRDA:355,29,0,0
BRDA:355,29,1,0
BRDA:355,29,2,0
BRDA:360,30,0,0
BRDA:360,30,1,0
BRDA:379,31,0,0
BRDA:379,31,1,0
BRDA:379,32,0,0
BRDA:379,32,1,0
BRDA:381,33,0,0
BRDA:381,33,1,0
BRDA:391,34,0,0
BRDA:391,34,1,0
BRDA:391,35,0,0
BRDA:391,35,1,0
BRDA:393,36,0,0
BRDA:393,36,1,0
BRDA:395,37,0,0
BRDA:395,37,1,0
BRDA:401,38,0,0
BRDA:401,38,1,0
BRDA:402,39,0,0
BRDA:402,39,1,0
BRDA:402,40,0,0
BRDA:402,40,1,0
BRDA:412,41,0,0
BRDA:412,41,1,0
BRDA:412,42,0,0
BRDA:412,42,1,0
BRDA:424,43,0,0
BRDA:424,43,1,0
BRDA:425,44,0,0
BRDA:425,44,1,0
BRDA:425,45,0,0
BRDA:425,45,1,0
BRDA:435,46,0,0
BRDA:435,46,1,0
BRDA:435,47,0,0
BRDA:435,47,1,0
BRDA:447,48,0,0
BRDA:447,48,1,0
BRDA:448,49,0,0
BRDA:448,49,1,0
BRDA:448,50,0,0
BRDA:448,50,1,0
BRDA:458,51,0,0
BRDA:458,51,1,0
BRDA:458,52,0,0
BRDA:458,52,1,0
BRDA:470,53,0,0
BRDA:470,53,1,0
BRDA:470,54,0,0
BRDA:470,54,1,0
BRDA:481,55,0,0
BRDA:481,55,1,0
BRDA:481,56,0,0
BRDA:481,56,1,0
BRDA:481,56,2,0
BRDA:502,57,0,0
BRDA:502,57,1,0
BRDA:507,58,0,0
BRDA:507,58,1,0
BRDA:509,59,0,0
BRDA:509,59,1,0
BRDA:523,60,0,0
BRDA:523,60,1,0
BRDA:543,61,0,0
BRDA:544,62,0,0
BRDA:544,62,1,0
BRDA:553,63,0,0
BRDA:553,63,1,0
BRDA:558,64,0,0
BRDA:558,64,1,0
BRDA:558,65,0,0
BRDA:558,65,1,0
BRDA:571,66,0,0
BRDA:571,66,1,0
BRDA:571,67,0,0
BRDA:571,67,1,0
BRDA:575,68,0,0
BRDA:575,68,1,0
BRDA:575,69,0,0
BRDA:575,69,1,0
BRDA:577,70,0,0
BRDA:577,70,1,0
BRDA:578,71,0,0
BRDA:578,71,1,0
BRDA:597,72,0,0
BRDA:597,72,1,0
BRDA:609,73,0,0
BRDA:609,73,1,0
BRDA:609,74,0,0
BRDA:609,74,1,0
BRDA:619,75,0,0
BRDA:619,75,1,0
BRDA:624,76,0,0
BRDA:624,76,1,0
BRDA:634,77,0,0
BRDA:634,77,1,0
BRDA:638,78,0,0
BRDA:638,78,1,0
BRDA:653,79,0,0
BRDA:653,79,1,0
BRF:162
BRH:0
end_of_record
TN:
SF:src\agents\utils\htxValidation.js
FN:10,createErrorResponse
FN:143,validateInput
FN:150,(anonymous_2)
FN:237,validateType
FN:278,validateConstraints
FN:371,validateSecurity
FN:423,sanitizeValue
FN:461,validateFilePath
FNF:8
FNH:0
FNDA:0,createErrorResponse
FNDA:0,validateInput
FNDA:0,(anonymous_2)
FNDA:0,validateType
FNDA:0,validateConstraints
FNDA:0,validateSecurity
FNDA:0,sanitizeValue
FNDA:0,validateFilePath
DA:11,0
DA:21,0
DA:98,0
DA:144,0
DA:145,0
DA:148,0
DA:149,0
DA:150,0
DA:152,0
DA:153,0
DA:162,0
DA:163,0
DA:166,0
DA:167,0
DA:173,0
DA:177,0
DA:178,0
DA:179,0
DA:181,0
DA:185,0
DA:186,0
DA:187,0
DA:188,0
DA:189,0
DA:193,0
DA:194,0
DA:195,0
DA:196,0
DA:200,0
DA:201,0
DA:202,0
DA:203,0
DA:207,0
DA:211,0
DA:212,0
DA:223,0
DA:238,0
DA:239,0
DA:241,0
DA:243,0
DA:244,0
DA:247,0
DA:257,0
DA:258,0
DA:268,0
DA:280,0
DA:281,0
DA:282,0
DA:283,0
DA:284,0
DA:294,0
DA:295,0
DA:296,0
DA:305,0
DA:306,0
DA:317,0
DA:318,0
DA:319,0
DA:328,0
DA:329,0
DA:340,0
DA:341,0
DA:351,0
DA:352,0
DA:361,0
DA:372,0
DA:373,0
DA:377,0
DA:378,0
DA:379,0
DA:380,0
DA:392,0
DA:393,0
DA:403,0
DA:404,0
DA:405,0
DA:414,0
DA:424,0
DA:425,0
DA:428,0
DA:431,0
DA:432,0
DA:436,0
DA:437,0
DA:446,0
DA:449,0
DA:450,0
DA:453,0
DA:462,0
DA:465,0
DA:466,0
DA:467,0
DA:477,0
DA:478,0
DA:479,0
DA:487,0
LF:96
LH:0
BRDA:10,0,0,0
BRDA:149,1,0,0
BRDA:149,1,1,0
BRDA:152,2,0,0
BRDA:152,2,1,0
BRDA:166,3,0,0
BRDA:166,3,1,0
BRDA:166,4,0,0
BRDA:166,4,1,0
BRDA:166,4,2,0
BRDA:166,4,3,0
BRDA:171,5,0,0
BRDA:171,5,1,0
BRDA:177,6,0,0
BRDA:177,6,1,0
BRDA:177,7,0,0
BRDA:177,7,1,0
BRDA:177,7,2,0
BRDA:178,8,0,0
BRDA:178,8,1,0
BRDA:185,9,0,0
BRDA:185,9,1,0
BRDA:185,10,0,0
BRDA:185,10,1,0
BRDA:187,11,0,0
BRDA:187,11,1,0
BRDA:194,12,0,0
BRDA:194,12,1,0
BRDA:201,13,0,0
BRDA:201,13,1,0
BRDA:211,14,0,0
BRDA:211,14,1,0
BRDA:241,15,0,0
BRDA:241,15,1,0
BRDA:241,16,0,0
BRDA:241,16,1,0
BRDA:243,17,0,0
BRDA:243,17,1,0
BRDA:243,18,0,0
BRDA:243,18,1,0
BRDA:257,19,0,0
BRDA:257,19,1,0
BRDA:257,20,0,0
BRDA:257,20,1,0
BRDA:281,21,0,0
BRDA:281,21,1,0
BRDA:281,22,0,0
BRDA:281,22,1,0
BRDA:283,23,0,0
BRDA:283,23,1,0
BRDA:294,24,0,0
BRDA:294,24,1,0
BRDA:295,25,0,0
BRDA:295,25,1,0
BRDA:295,26,0,0
BRDA:295,26,1,0
BRDA:305,27,0,0
BRDA:305,27,1,0
BRDA:305,28,0,0
BRDA:305,28,1,0
BRDA:317,29,0,0
BRDA:317,29,1,0
BRDA:318,30,0,0
BRDA:318,30,1,0
BRDA:318,31,0,0
BRDA:318,31,1,0
BRDA:328,32,0,0
BRDA:328,32,1,0
BRDA:328,33,0,0
BRDA:328,33,1,0
BRDA:340,34,0,0
BRDA:340,34,1,0
BRDA:340,35,0,0
BRDA:340,35,1,0
BRDA:351,36,0,0
BRDA:351,36,1,0
BRDA:351,37,0,0
BRDA:351,37,1,0
BRDA:372,38,0,0
BRDA:372,38,1,0
BRDA:377,39,0,0
BRDA:377,39,1,0
BRDA:379,40,0,0
BRDA:379,40,1,0
BRDA:392,41,0,0
BRDA:392,41,1,0
BRDA:404,42,0,0
BRDA:404,42,1,0
BRDA:424,43,0,0
BRDA:424,43,1,0
BRDA:436,44,0,0
BRDA:436,44,1,0
BRDA:449,45,0,0
BRDA:449,45,1,0
BRDA:449,46,0,0
BRDA:449,46,1,0
BRDA:466,47,0,0
BRDA:466,47,1,0
BRDA:478,48,0,0
BRDA:478,48,1,0
BRDA:478,49,0,0
BRDA:478,49,1,0
BRF:102
BRH:0
end_of_record
TN:
SF:src\monitoring\monitoring.js
FN:15,(anonymous_0)
FN:27,(anonymous_1)
FN:29,(anonymous_2)
FN:51,(anonymous_3)
FN:73,(anonymous_4)
FN:105,(anonymous_5)
FN:129,(anonymous_6)
FN:143,(anonymous_7)
FN:157,(anonymous_8)
FN:158,(anonymous_9)
FN:200,(anonymous_10)
FN:230,(anonymous_11)
FN:251,(anonymous_12)
FN:276,(anonymous_13)
FN:302,(anonymous_14)
FN:324,(anonymous_15)
FN:327,(anonymous_16)
FN:333,(anonymous_17)
FN:337,(anonymous_18)
FN:351,(anonymous_19)
FN:383,(anonymous_20)
FN:385,(anonymous_21)
FN:394,(anonymous_22)
FN:405,(anonymous_23)
FN:425,(anonymous_24)
FN:450,healthCheckMiddleware
FN:471,enhancedMetricsMiddleware
FN:489,(anonymous_27)
FN:528,getEnhancedMonitoringDashboard
FN:576,(anonymous_29)
FN:590,getMonitoringDashboard
FN:593,getAgentSummary
FNF:32
FNH:0
FNDA:0,(anonymous_0)
FNDA:0,(anonymous_1)
FNDA:0,(anonymous_2)
FNDA:0,(anonymous_3)
FNDA:0,(anonymous_4)
FNDA:0,(anonymous_5)
FNDA:0,(anonymous_6)
FNDA:0,(anonymous_7)
FNDA:0,(anonymous_8)
FNDA:0,(anonymous_9)
FNDA:0,(anonymous_10)
FNDA:0,(anonymous_11)
FNDA:0,(anonymous_12)
FNDA:0,(anonymous_13)
FNDA:0,(anonymous_14)
FNDA:0,(anonymous_15)
FNDA:0,(anonymous_16)
FNDA:0,(anonymous_17)
FNDA:0,(anonymous_18)
FNDA:0,(anonymous_19)
FNDA:0,(anonymous_20)
FNDA:0,(anonymous_21)
FNDA:0,(anonymous_22)
FNDA:0,(anonymous_23)
FNDA:0,(anonymous_24)
FNDA:0,healthCheckMiddleware
FNDA:0,enhancedMetricsMiddleware
FNDA:0,(anonymous_27)
FNDA:0,getEnhancedMonitoringDashboard
FNDA:0,(anonymous_29)
FNDA:0,getMonitoringDashboard
FNDA:0,getAgentSummary
DA:16,0
DA:17,0
DA:18,0
DA:19,0
DA:21,0
DA:29,0
DA:30,0
DA:31,0
DA:32,0
DA:42,0
DA:51,0
DA:52,0
DA:53,0
DA:54,0
DA:64,0
DA:73,0
DA:74,0
DA:75,0
DA:78,0
DA:83,0
DA:85,0
DA:96,0
DA:105,0
DA:106,0
DA:107,0
DA:108,0
DA:110,0
DA:121,0
DA:130,0
DA:144,0
DA:152,0
DA:153,0
DA:154,0
DA:155,0
DA:158,0
DA:162,0
DA:164,0
DA:172,0
DA:173,0
DA:176,0
DA:177,0
DA:180,0
DA:187,0
DA:188,0
DA:193,0
DA:201,0
DA:203,0
DA:231,0
DA:232,0
DA:233,0
DA:234,0
DA:235,0
DA:236,0
DA:237,0
DA:238,0
DA:242,0
DA:244,0
DA:252,0
DA:253,0
DA:254,0
DA:261,0
DA:277,0
DA:279,0
DA:286,0
DA:293,0
DA:294,0
DA:303,0
DA:305,0
DA:306,0
DA:309,0
DA:310,0
DA:313,0
DA:314,0
DA:325,0
DA:326,0
DA:327,0
DA:329,0
DA:330,0
DA:333,0
DA:335,0
DA:337,0
DA:352,0
DA:361,0
DA:364,0
DA:365,0
DA:369,0
DA:370,0
DA:372,0
DA:375,0
DA:384,0
DA:385,0
DA:391,0
DA:394,0
DA:395,0
DA:396,0
DA:398,0
DA:405,0
DA:406,0
DA:408,0
DA:409,0
DA:410,0
DA:412,0
DA:417,0
DA:425,0
DA:426,0
DA:428,0
DA:432,0
DA:437,0
DA:451,0
DA:452,0
DA:453,0
DA:455,0
DA:457,0
DA:472,0
DA:475,0
DA:476,0
DA:477,0
DA:480,0
DA:488,0
DA:489,0
DA:490,0
DA:491,0
DA:494,0
DA:502,0
DA:511,0
DA:512,0
DA:518,0
DA:521,0
DA:529,0
DA:532,0
DA:561,0
DA:577,0
DA:591,0
DA:594,0
DA:596,0
DA:598,0
DA:599,0
DA:601,0
DA:602,0
DA:604,0
DA:607,0
DA:616,0
DA:634,0
LF:143
LH:0
BRDA:33,0,0,0
BRDA:33,0,1,0
BRDA:34,1,0,0
BRDA:34,1,1,0
BRDA:37,2,0,0
BRDA:37,2,1,0
BRDA:38,3,0,0
BRDA:38,3,1,0
BRDA:55,4,0,0
BRDA:55,4,1,0
BRDA:56,5,0,0
BRDA:56,5,1,0
BRDA:59,6,0,0
BRDA:59,6,1,0
BRDA:60,7,0,0
BRDA:60,7,1,0
BRDA:129,8,0,0
BRDA:132,9,0,0
BRDA:132,9,1,0
BRDA:133,10,0,0
BRDA:133,10,1,0
BRDA:165,11,0,0
BRDA:165,11,1,0
BRDA:166,12,0,0
BRDA:166,12,1,0
BRDA:169,13,0,0
BRDA:169,13,1,0
BRDA:176,14,0,0
BRDA:176,14,1,0
BRDA:176,15,0,0
BRDA:176,15,1,0
BRDA:187,16,0,0
BRDA:187,16,1,0
BRDA:232,17,0,0
BRDA:232,17,1,0
BRDA:232,18,0,0
BRDA:232,18,1,0
BRDA:234,19,0,0
BRDA:234,19,1,0
BRDA:235,20,0,0
BRDA:235,20,1,0
BRDA:238,21,0,0
BRDA:238,21,1,0
BRDA:276,22,0,0
BRDA:286,23,0,0
BRDA:286,23,1,0
BRDA:293,24,0,0
BRDA:293,24,1,0
BRDA:297,25,0,0
BRDA:297,25,1,0
BRDA:302,26,0,0
BRDA:305,27,0,0
BRDA:305,27,1,0
BRDA:313,28,0,0
BRDA:313,28,1,0
BRDA:324,29,0,0
BRDA:325,30,0,0
BRDA:325,30,1,0
BRDA:329,31,0,0
BRDA:329,31,1,0
BRDA:351,32,0,0
BRDA:364,33,0,0
BRDA:364,33,1,0
BRDA:369,34,0,0
BRDA:369,34,1,0
BRDA:369,35,0,0
BRDA:369,35,1,0
BRDA:383,36,0,0
BRDA:453,37,0,0
BRDA:453,37,1,0
BRDA:476,38,0,0
BRDA:476,38,1,0
BRDA:477,39,0,0
BRDA:477,39,1,0
BRDA:511,40,0,0
BRDA:511,40,1,0
BRDA:511,41,0,0
BRDA:511,41,1,0
BRDA:596,42,0,0
BRDA:596,42,1,0
BRDA:596,42,2,0
BRDA:608,43,0,0
BRDA:608,43,1,0
BRDA:609,44,0,0
BRDA:609,44,1,0
BRDA:610,45,0,0
BRDA:610,45,1,0
BRDA:611,46,0,0
BRDA:611,46,1,0
BRDA:612,47,0,0
BRDA:612,47,1,0
BRF:91
BRH:0
end_of_record
TN:
SF:src\monitoring\performance.js
FN:9,(anonymous_0)
FN:22,(anonymous_1)
FN:37,(anonymous_2)
FN:71,(anonymous_3)
FN:86,(anonymous_4)
FN:92,(anonymous_5)
FN:111,(anonymous_6)
FN:128,(anonymous_7)
FN:138,(anonymous_8)
FN:164,(anonymous_9)
FN:176,(anonymous_10)
FN:215,(anonymous_11)
FN:226,(anonymous_12)
FN:234,(anonymous_13)
FN:235,(anonymous_14)
FN:248,(anonymous_15)
FN:265,(anonymous_16)
FN:288,(anonymous_17)
FN:315,performanceMiddleware
FN:319,(anonymous_19)
FNF:20
FNH:0
FNDA:0,(anonymous_0)
FNDA:0,(anonymous_1)
FNDA:0,(anonymous_2)
FNDA:0,(anonymous_3)
FNDA:0,(anonymous_4)
FNDA:0,(anonymous_5)
FNDA:0,(anonymous_6)
FNDA:0,(anonymous_7)
FNDA:0,(anonymous_8)
FNDA:0,(anonymous_9)
FNDA:0,(anonymous_10)
FNDA:0,(anonymous_11)
FNDA:0,(anonymous_12)
FNDA:0,(anonymous_13)
FNDA:0,(anonymous_14)
FNDA:0,(anonymous_15)
FNDA:0,(anonymous_16)
FNDA:0,(anonymous_17)
FNDA:0,performanceMiddleware
FNDA:0,(anonymous_19)
DA:10,0
DA:11,0
DA:12,0
DA:13,0
DA:14,0
DA:23,0
DA:24,0
DA:29,0
DA:38,0
DA:39,0
DA:41,0
DA:42,0
DA:43,0
DA:45,0
DA:57,0
DA:58,0
DA:59,0
DA:62,0
DA:63,0
DA:72,0
DA:73,0
DA:76,0
DA:77,0
DA:78,0
DA:87,0
DA:88,0
DA:89,0
DA:92,0
DA:93,0
DA:94,0
DA:95,0
DA:97,0
DA:111,0
DA:129,0
DA:130,0
DA:131,0
DA:139,0
DA:140,0
DA:141,0
DA:142,0
DA:143,0
DA:145,0
DA:154,0
DA:165,0
DA:166,0
DA:167,0
DA:168,0
DA:169,0
DA:177,0
DA:178,0
DA:207,0
DA:216,0
DA:217,0
DA:218,0
DA:219,0
DA:227,0
DA:229,0
DA:230,0
DA:232,0
DA:234,0
DA:235,0
DA:237,0
DA:239,0
DA:240,0
DA:241,0
DA:251,0
DA:252,0
DA:254,0
DA:255,0
DA:256,0
DA:257,0
DA:266,0
DA:268,0
DA:269,0
DA:272,0
DA:273,0
DA:276,0
DA:277,0
DA:280,0
DA:289,0
DA:291,0
DA:292,0
DA:295,0
DA:296,0
DA:299,0
DA:300,0
DA:303,0
DA:304,0
DA:307,0
DA:312,0
DA:316,0
DA:318,0
DA:319,0
DA:320,0
DA:321,0
DA:323,0
DA:324,0
DA:327,0
DA:328,0
DA:331,0
DA:334,0
LF:101
LH:0
BRDA:39,0,0,0
BRDA:39,0,1,0
BRDA:58,1,0,0
BRDA:58,1,1,0
BRDA:71,2,0,0
BRDA:73,3,0,0
BRDA:73,3,1,0
BRDA:77,4,0,0
BRDA:77,4,1,0
BRDA:101,5,0,0
BRDA:101,5,1,0
BRDA:111,6,0,0
BRDA:111,6,1,0
BRDA:112,7,0,0
BRDA:112,7,1,0
BRDA:113,8,0,0
BRDA:113,8,1,0
BRDA:129,9,0,0
BRDA:129,9,1,0
BRDA:199,10,0,0
BRDA:199,10,1,0
BRDA:200,11,0,0
BRDA:200,11,1,0
BRDA:216,12,0,0
BRDA:216,12,1,0
BRDA:217,13,0,0
BRDA:217,13,1,0
BRDA:218,14,0,0
BRDA:218,14,1,0
BRDA:227,15,0,0
BRDA:227,15,1,0
BRDA:232,16,0,0
BRDA:232,16,1,0
BRDA:239,17,0,0
BRDA:239,17,1,0
BRDA:240,18,0,0
BRDA:240,18,1,0
BRDA:254,19,0,0
BRDA:254,19,1,0
BRDA:255,20,0,0
BRDA:255,20,1,0
BRDA:256,21,0,0
BRDA:256,21,1,0
BRDA:268,22,0,0
BRDA:268,22,1,0
BRDA:272,23,0,0
BRDA:272,23,1,0
BRDA:276,24,0,0
BRDA:276,24,1,0
BRDA:291,25,0,0
BRDA:291,25,1,0
BRDA:295,26,0,0
BRDA:295,26,1,0
BRDA:299,27,0,0
BRDA:299,27,1,0
BRDA:303,28,0,0
BRDA:303,28,1,0
BRDA:323,29,0,0
BRDA:323,29,1,0
BRF:59
BRH:0
end_of_record
TN:
SF:src\security\fernet.js
FN:15,(anonymous_0)
FN:35,(anonymous_1)
FN:73,(anonymous_2)
FN:127,(anonymous_3)
FN:137,(anonymous_4)
FN:147,(anonymous_5)
FN:154,(anonymous_6)
FN:160,(anonymous_7)
FN:175,encryptApiKey
FN:202,decryptApiKey
FN:223,verifyEncryptedCredentials
FN:239,rotateEncryptionKey
FNF:12
FNH:0
FNDA:0,(anonymous_0)
FNDA:0,(anonymous_1)
FNDA:0,(anonymous_2)
FNDA:0,(anonymous_3)
FNDA:0,(anonymous_4)
FNDA:0,(anonymous_5)
FNDA:0,(anonymous_6)
FNDA:0,(anonymous_7)
FNDA:0,encryptApiKey
FNDA:0,decryptApiKey
FNDA:0,verifyEncryptedCredentials
FNDA:0,rotateEncryptionKey
DA:5,0
DA:6,0
DA:7,0
DA:8,0
DA:16,0
DA:17,0
DA:19,0
DA:22,0
DA:23,0
DA:26,0
DA:27,0
DA:36,0
DA:37,0
DA:38,0
DA:41,0
DA:42,0
DA:45,0
DA:46,0
DA:49,0
DA:57,0
DA:58,0
DA:59,0
DA:62,0
DA:64,0
DA:74,0
DA:76,0
DA:77,0
DA:81,0
DA:82,0
DA:83,0
DA:84,0
DA:85,0
DA:87,0
DA:88,0
DA:92,0
DA:93,0
DA:94,0
DA:95,0
DA:97,0
DA:98,0
DA:102,0
DA:103,0
DA:104,0
DA:105,0
DA:110,0
DA:111,0
DA:112,0
DA:114,0
DA:115,0
DA:117,0
DA:119,0
DA:128,0
DA:129,0
DA:138,0
DA:139,0
DA:148,0
DA:149,0
DA:150,0
DA:155,0
DA:156,0
DA:157,0
DA:161,0
DA:176,0
DA:179,0
DA:180,0
DA:183,0
DA:184,0
DA:185,0
DA:188,0
DA:189,0
DA:191,0
DA:203,0
DA:204,0
DA:205,0
DA:208,0
DA:209,0
DA:211,0
DA:213,0
DA:224,0
DA:225,0
DA:226,0
DA:228,0
DA:240,0
DA:242,0
DA:245,0
DA:246,0
DA:247,0
DA:251,0
DA:253,0
LF:89
LH:0
BRDA:16,0,0,0
BRDA:16,0,1,0
BRDA:22,1,0,0
BRDA:22,1,1,0
BRDA:36,2,0,0
BRDA:36,2,1,0
BRDA:73,3,0,0
BRDA:76,4,0,0
BRDA:76,4,1,0
BRDA:87,5,0,0
BRDA:87,5,1,0
BRDA:97,6,0,0
BRDA:97,6,1,0
BRDA:102,7,0,0
BRDA:102,7,1,0
BRDA:104,8,0,0
BRDA:104,8,1,0
BRDA:147,9,0,0
BRDA:148,10,0,0
BRDA:148,10,1,0
BRDA:175,11,0,0
BRDA:179,12,0,0
BRDA:179,12,1,0
BRDA:202,13,0,0
BRDA:202,14,0,0
BRDA:204,15,0,0
BRDA:204,15,1,0
BRDA:223,16,0,0
BRDA:245,17,0,0
BRDA:245,17,1,0
BRF:30
BRH:0
end_of_record
TN:
SF:src\security\security.js
FN:62,validateInput
FN:135,validateRequestParams
FN:165,createRateLimit
FN:185,securityHeaders
FN:205,sanitizeRequest
FN:236,sanitizeObject
FN:242,(anonymous_6)
FN:271,sanitizeString
FN:292,validateApiKey
FN:338,generateSecureToken
FN:348,hashSensitiveData
FN:362,verifyHashedData
FN:376,auditLog
FNF:13
FNH:0
FNDA:0,validateInput
FNDA:0,validateRequestParams
FNDA:0,createRateLimit
FNDA:0,securityHeaders
FNDA:0,sanitizeRequest
FNDA:0,sanitizeObject
FNDA:0,(anonymous_6)
FNDA:0,sanitizeString
FNDA:0,validateApiKey
FNDA:0,generateSecureToken
FNDA:0,hashSensitiveData
FNDA:0,verifyHashedData
FNDA:0,auditLog
DA:9,0
DA:63,0
DA:65,0
DA:66,0
DA:73,0
DA:74,0
DA:75,0
DA:81,0
DA:82,0
DA:88,0
DA:89,0
DA:95,0
DA:96,0
DA:104,0
DA:105,0
DA:106,0
DA:112,0
DA:113,0
DA:120,0
DA:122,0
DA:136,0
DA:137,0
DA:139,0
DA:140,0
DA:141,0
DA:143,0
DA:144,0
DA:146,0
DA:148,0
DA:149,0
DA:153,0
DA:166,0
DA:187,0
DA:188,0
DA:189,0
DA:190,0
DA:191,0
DA:194,0
DA:196,0
DA:206,0
DA:208,0
DA:209,0
DA:213,0
DA:214,0
DA:218,0
DA:219,0
DA:222,0
DA:224,0
DA:237,0
DA:238,0
DA:241,0
DA:242,0
DA:243,0
DA:247,0
DA:248,0
DA:250,0
DA:251,0
DA:253,0
DA:254,0
DA:256,0
DA:260,0
DA:263,0
DA:272,0
DA:273,0
DA:277,0
DA:293,0
DA:294,0
DA:296,0
DA:297,0
DA:304,0
DA:310,0
DA:311,0
DA:318,0
DA:319,0
DA:325,0
DA:327,0
DA:339,0
DA:349,0
DA:350,0
DA:351,0
DA:352,0
DA:363,0
DA:364,0
DA:377,0
DA:387,0
DA:395,0
LF:86
LH:0
BRDA:62,0,0,0
BRDA:65,1,0,0
BRDA:65,1,1,0
BRDA:65,2,0,0
BRDA:65,2,1,0
BRDA:73,3,0,0
BRDA:73,3,1,0
BRDA:74,4,0,0
BRDA:74,4,1,0
BRDA:74,5,0,0
BRDA:74,5,1,0
BRDA:81,6,0,0
BRDA:81,6,1,0
BRDA:81,7,0,0
BRDA:81,7,1,0
BRDA:88,8,0,0
BRDA:88,8,1,0
BRDA:88,9,0,0
BRDA:88,9,1,0
BRDA:95,10,0,0
BRDA:95,10,1,0
BRDA:95,11,0,0
BRDA:95,11,1,0
BRDA:104,12,0,0
BRDA:104,12,1,0
BRDA:105,13,0,0
BRDA:105,13,1,0
BRDA:105,14,0,0
BRDA:105,14,1,0
BRDA:112,15,0,0
BRDA:112,15,1,0
BRDA:112,16,0,0
BRDA:112,16,1,0
BRDA:140,17,0,0
BRDA:140,17,1,0
BRDA:143,18,0,0
BRDA:143,18,1,0
BRDA:148,19,0,0
BRDA:148,19,1,0
BRDA:155,20,0,0
BRDA:155,20,1,0
BRDA:165,21,0,0
BRDA:167,22,0,0
BRDA:167,22,1,0
BRDA:168,23,0,0
BRDA:168,23,1,0
BRDA:171,24,0,0
BRDA:171,24,1,0
BRDA:208,25,0,0
BRDA:208,25,1,0
BRDA:208,26,0,0
BRDA:208,26,1,0
BRDA:213,27,0,0
BRDA:213,27,1,0
BRDA:213,28,0,0
BRDA:213,28,1,0
BRDA:218,29,0,0
BRDA:218,29,1,0
BRDA:218,30,0,0
BRDA:218,30,1,0
BRDA:237,31,0,0
BRDA:237,31,1,0
BRDA:237,32,0,0
BRDA:237,32,1,0
BRDA:241,33,0,0
BRDA:241,33,1,0
BRDA:243,34,0,0
BRDA:243,34,1,0
BRDA:247,35,0,0
BRDA:247,35,1,0
BRDA:253,36,0,0
BRDA:253,36,1,0
BRDA:253,37,0,0
BRDA:253,37,1,0
BRDA:272,38,0,0
BRDA:272,38,1,0
BRDA:296,39,0,0
BRDA:296,39,1,0
BRDA:310,40,0,0
BRDA:310,40,1,0
BRDA:318,41,0,0
BRDA:318,41,1,0
BRDA:348,42,0,0
BRDA:349,43,0,0
BRDA:349,43,1,0
BRDA:376,44,0,0
BRDA:381,45,0,0
BRDA:381,45,1,0
BRDA:381,46,0,0
BRDA:381,46,1,0
BRDA:382,47,0,0
BRDA:382,47,1,0
BRDA:383,48,0,0
BRDA:383,48,1,0
BRF:94
BRH:0
end_of_record
